0 verbose cli /usr/local/bin/node /usr/local/bin/npm
1 info using npm@10.9.3
2 info using node@v22.20.0
3 silly config load:file:/usr/local/lib/node_modules/npm/npmrc
4 silly config load:file:/Users/drohysmergarciahermosa/Projects/social-hub/.npmrc
5 silly config load:file:/Users/drohysmergarciahermosa/.npmrc
6 silly config load:file:/usr/local/etc/npmrc
7 verbose title npm install @prisma/adapter-pg pg
8 verbose argv "install" "--cache" "./.npm-cache" "@prisma/adapter-pg" "pg"
9 verbose logfile logs-max:10 dir:/Users/drohysmergarciahermosa/Projects/social-hub/.npm-cache/_logs/2026-03-23T00_02_13_290Z-
10 verbose logfile /Users/drohysmergarciahermosa/Projects/social-hub/.npm-cache/_logs/2026-03-23T00_02_13_290Z-debug-0.log
11 silly logfile done cleaning log files
12 silly packumentCache heap:4345298944 maxSize:1086324736 maxEntrySize:543162368
13 silly idealTree buildDeps
14 silly fetch manifest @prisma/adapter-pg@*
15 silly packumentCache full:https://registry.npmjs.org/@prisma%2fadapter-pg cache-miss
16 http fetch GET 200 https://registry.npmjs.org/@prisma%2fadapter-pg 860ms (cache miss)
17 silly packumentCache full:https://registry.npmjs.org/@prisma%2fadapter-pg set size:undefined disposed:false
18 silly fetch manifest pg@*
19 silly packumentCache full:https://registry.npmjs.org/pg cache-miss
20 http fetch GET 200 https://registry.npmjs.org/pg 44ms (cache miss)
21 silly packumentCache full:https://registry.npmjs.org/pg set size:undefined disposed:false
22 silly fetch manifest pg-native@>=3.0.1
23 silly packumentCache full:https://registry.npmjs.org/pg-native cache-miss
24 http fetch GET 200 https://registry.npmjs.org/pg-native 39ms (cache miss)
25 silly packumentCache full:https://registry.npmjs.org/pg-native set size:undefined disposed:false
26 silly placeDep ROOT @prisma/adapter-pg@7.5.0 OK for: social-hub@0.1.0 want: *
27 silly placeDep ROOT pg@8.20.0 OK for: social-hub@0.1.0 want: *
28 silly fetch manifest pg@^8.16.3
29 silly packumentCache full:https://registry.npmjs.org/pg cache-miss
30 silly fetch manifest @types/pg@8.11.11
31 silly packumentCache full:https://registry.npmjs.org/@types%2fpg cache-miss
32 silly fetch manifest postgres-array@3.0.4
33 silly packumentCache full:https://registry.npmjs.org/postgres-array cache-miss
34 silly fetch manifest @prisma/driver-adapter-utils@7.5.0
35 silly packumentCache full:https://registry.npmjs.org/@prisma%2fdriver-adapter-utils cache-miss
36 silly fetch manifest pg-connection-string@^2.12.0
37 silly packumentCache full:https://registry.npmjs.org/pg-connection-string cache-miss
38 silly fetch manifest pg-pool@^3.13.0
39 silly packumentCache full:https://registry.npmjs.org/pg-pool cache-miss
40 silly fetch manifest pg-protocol@^1.13.0
41 silly packumentCache full:https://registry.npmjs.org/pg-protocol cache-miss
42 silly fetch manifest pg-types@2.2.0
43 silly packumentCache full:https://registry.npmjs.org/pg-types cache-miss
44 silly fetch manifest pgpass@1.0.5
45 silly packumentCache full:https://registry.npmjs.org/pgpass cache-miss
46 silly fetch manifest pg-cloudflare@^1.3.0
47 silly packumentCache full:https://registry.npmjs.org/pg-cloudflare cache-miss
48 http cache https://registry.npmjs.org/pg 11ms (cache hit)
49 silly packumentCache full:https://registry.npmjs.org/pg set size:475297 disposed:false
50 http fetch GET 200 https://registry.npmjs.org/@types%2fpg 53ms (cache miss)
51 silly packumentCache full:https://registry.npmjs.org/@types%2fpg set size:undefined disposed:false
52 http fetch GET 200 https://registry.npmjs.org/postgres-array 74ms (cache miss)
53 silly packumentCache full:https://registry.npmjs.org/postgres-array set size:undefined disposed:false
54 http fetch GET 200 https://registry.npmjs.org/pg-types 79ms (cache miss)
55 silly packumentCache full:https://registry.npmjs.org/pg-types set size:undefined disposed:false
56 http fetch GET 200 https://registry.npmjs.org/pg-cloudflare 81ms (cache miss)
57 silly packumentCache full:https://registry.npmjs.org/pg-cloudflare set size:undefined disposed:false
58 http fetch GET 200 https://registry.npmjs.org/pg-protocol 81ms (cache miss)
59 silly packumentCache full:https://registry.npmjs.org/pg-protocol set size:undefined disposed:false
60 http fetch GET 200 https://registry.npmjs.org/pg-connection-string 83ms (cache miss)
61 silly packumentCache full:https://registry.npmjs.org/pg-connection-string set size:undefined disposed:false
62 http fetch GET 200 https://registry.npmjs.org/pgpass 83ms (cache miss)
63 silly packumentCache full:https://registry.npmjs.org/pgpass set size:undefined disposed:false
64 http fetch GET 200 https://registry.npmjs.org/pg-pool 83ms (cache miss)
65 silly packumentCache full:https://registry.npmjs.org/pg-pool set size:undefined disposed:false
66 http fetch GET 200 https://registry.npmjs.org/@prisma%2fdriver-adapter-utils 484ms (cache miss)
67 silly packumentCache full:https://registry.npmjs.org/@prisma%2fdriver-adapter-utils set size:undefined disposed:false
68 silly placeDep ROOT @prisma/driver-adapter-utils@7.5.0 OK for: @prisma/adapter-pg@7.5.0 want: 7.5.0
69 silly placeDep ROOT @types/pg@8.11.11 OK for: @prisma/adapter-pg@7.5.0 want: 8.11.11
70 silly placeDep ROOT postgres-array@3.0.4 OK for: @prisma/adapter-pg@7.5.0 want: 3.0.4
71 silly fetch manifest pg-types@^4.0.1
72 silly packumentCache full:https://registry.npmjs.org/pg-types cache-miss
73 silly fetch manifest pg-protocol@*
74 silly packumentCache full:https://registry.npmjs.org/pg-protocol cache-miss
75 http cache https://registry.npmjs.org/pg-protocol 7ms (cache hit)
76 silly packumentCache full:https://registry.npmjs.org/pg-protocol set size:51532 disposed:false
77 http cache https://registry.npmjs.org/pg-types 7ms (cache hit)
78 silly packumentCache full:https://registry.npmjs.org/pg-types set size:51397 disposed:false
79 silly placeDep ROOT pg-protocol@1.13.0 OK for: @types/pg@8.11.11 want: *
80 silly placeDep ROOT pg-types@4.1.0 OK for: @types/pg@8.11.11 want: ^4.0.1
81 silly fetch manifest pg-int8@1.0.1
82 silly packumentCache full:https://registry.npmjs.org/pg-int8 cache-miss
83 silly fetch manifest pg-numeric@1.0.2
84 silly packumentCache full:https://registry.npmjs.org/pg-numeric cache-miss
85 silly fetch manifest postgres-bytea@~3.0.0
86 silly packumentCache full:https://registry.npmjs.org/postgres-bytea cache-miss
87 silly fetch manifest postgres-date@~2.1.0
88 silly packumentCache full:https://registry.npmjs.org/postgres-date cache-miss
89 silly fetch manifest postgres-interval@^3.0.0
90 silly packumentCache full:https://registry.npmjs.org/postgres-interval cache-miss
91 silly fetch manifest postgres-range@^1.1.1
92 silly packumentCache full:https://registry.npmjs.org/postgres-range cache-miss
93 http fetch GET 200 https://registry.npmjs.org/postgres-date 40ms (cache miss)
94 silly packumentCache full:https://registry.npmjs.org/postgres-date set size:undefined disposed:false
95 http fetch GET 200 https://registry.npmjs.org/pg-int8 47ms (cache miss)
96 silly packumentCache full:https://registry.npmjs.org/pg-int8 set size:undefined disposed:false
97 http fetch GET 200 https://registry.npmjs.org/postgres-interval 46ms (cache miss)
98 silly packumentCache full:https://registry.npmjs.org/postgres-interval set size:undefined disposed:false
99 http fetch GET 200 https://registry.npmjs.org/postgres-bytea 70ms (cache miss)
100 silly packumentCache full:https://registry.npmjs.org/postgres-bytea set size:undefined disposed:false
101 http fetch GET 200 https://registry.npmjs.org/postgres-range 182ms (cache miss)
102 silly packumentCache full:https://registry.npmjs.org/postgres-range set size:undefined disposed:false
103 http fetch GET 200 https://registry.npmjs.org/pg-numeric 188ms (cache miss)
104 silly packumentCache full:https://registry.npmjs.org/pg-numeric set size:undefined disposed:false
105 silly fetch manifest pg@>=8.0
106 silly packumentCache full:https://registry.npmjs.org/pg cache-hit
107 silly placeDep ROOT pg-cloudflare@1.3.0 OK for: pg@8.20.0 want: ^1.3.0
108 silly placeDep ROOT pg-connection-string@2.12.0 OK for: pg@8.20.0 want: ^2.12.0
109 silly placeDep ROOT pg-pool@3.13.0 OK for: pg@8.20.0 want: ^3.13.0
110 silly placeDep node_modules/pg pg-types@2.2.0 OK for: pg@8.20.0 want: 2.2.0
111 silly placeDep ROOT pgpass@1.0.5 OK for: pg@8.20.0 want: 1.0.5
112 silly fetch manifest postgres-date@~1.0.4
113 silly packumentCache full:https://registry.npmjs.org/postgres-date cache-miss
114 silly fetch manifest postgres-array@~2.0.0
115 silly packumentCache full:https://registry.npmjs.org/postgres-array cache-miss
116 silly fetch manifest postgres-bytea@~1.0.0
117 silly packumentCache full:https://registry.npmjs.org/postgres-bytea cache-miss
118 silly fetch manifest postgres-interval@^1.1.0
119 silly packumentCache full:https://registry.npmjs.org/postgres-interval cache-miss
120 silly fetch manifest split2@^4.1.0
121 silly packumentCache full:https://registry.npmjs.org/split2 cache-miss
122 http cache https://registry.npmjs.org/postgres-interval 3ms (cache hit)
123 silly packumentCache full:https://registry.npmjs.org/postgres-interval set size:30514 disposed:false
124 http cache https://registry.npmjs.org/postgres-bytea 4ms (cache hit)
125 silly packumentCache full:https://registry.npmjs.org/postgres-bytea set size:8854 disposed:false
126 http cache https://registry.npmjs.org/postgres-array 5ms (cache hit)
127 silly packumentCache full:https://registry.npmjs.org/postgres-array set size:21967 disposed:false
128 http cache https://registry.npmjs.org/postgres-date 5ms (cache hit)
129 silly packumentCache full:https://registry.npmjs.org/postgres-date set size:27126 disposed:false
130 http fetch GET 200 https://registry.npmjs.org/split2 35ms (cache miss)
131 silly packumentCache full:https://registry.npmjs.org/split2 set size:undefined disposed:false
132 silly placeDep ROOT pg-int8@1.0.1 OK for: pg-types@4.1.0 want: 1.0.1
133 silly placeDep ROOT pg-numeric@1.0.2 OK for: pg-types@4.1.0 want: 1.0.2
134 silly placeDep ROOT postgres-bytea@3.0.0 OK for: pg-types@4.1.0 want: ~3.0.0
135 silly placeDep ROOT postgres-date@2.1.0 OK for: pg-types@4.1.0 want: ~2.1.0
136 silly placeDep ROOT postgres-interval@3.0.0 OK for: pg-types@4.1.0 want: ^3.0.0
137 silly placeDep ROOT postgres-range@1.1.4 OK for: pg-types@4.1.0 want: ^1.1.1
138 silly fetch manifest obuf@~1.1.2
139 silly packumentCache full:https://registry.npmjs.org/obuf cache-miss
140 http fetch GET 200 https://registry.npmjs.org/obuf 33ms (cache miss)
141 silly packumentCache full:https://registry.npmjs.org/obuf set size:undefined disposed:false
142 silly placeDep ROOT split2@4.2.0 OK for: pgpass@1.0.5 want: ^4.1.0
143 silly placeDep ROOT obuf@1.1.2 OK for: postgres-bytea@3.0.0 want: ~1.1.2
144 silly placeDep node_modules/pg postgres-array@2.0.0 OK for: pg-types@2.2.0 want: ~2.0.0
145 silly placeDep node_modules/pg postgres-bytea@1.0.1 OK for: pg-types@2.2.0 want: ~1.0.0
146 silly placeDep node_modules/pg postgres-date@1.0.7 OK for: pg-types@2.2.0 want: ~1.0.4
147 silly placeDep node_modules/pg postgres-interval@1.2.0 OK for: pg-types@2.2.0 want: ^1.1.0
148 silly fetch manifest xtend@^4.0.0
149 silly packumentCache full:https://registry.npmjs.org/xtend cache-miss
150 http fetch GET 200 https://registry.npmjs.org/xtend 38ms (cache miss)
151 silly packumentCache full:https://registry.npmjs.org/xtend set size:undefined disposed:false
152 silly placeDep ROOT xtend@4.0.2 OK for: postgres-interval@1.2.0 want: ^4.0.0
153 silly reify moves {}
154 verbose reify failed optional dependency /Users/drohysmergarciahermosa/Projects/social-hub/node_modules/@tailwindcss/oxide-wasm32-wasi
155 silly reify mark deleted [
155 silly reify   '/Users/drohysmergarciahermosa/Projects/social-hub/node_modules/@tailwindcss/oxide-wasm32-wasi'
155 silly reify ]
156 silly audit bulk request {
156 silly audit   '@alloc/quick-lru': [ '5.2.0' ],
156 silly audit   '@auth/core': [ '0.41.1', '0.41.0' ],
156 silly audit   '@auth/prisma-adapter': [ '2.11.1' ],
156 silly audit   '@babel/code-frame': [ '7.29.0' ],
156 silly audit   '@babel/compat-data': [ '7.29.0' ],
156 silly audit   '@babel/core': [ '7.29.0' ],
156 silly audit   '@babel/generator': [ '7.29.1' ],
156 silly audit   '@babel/helper-annotate-as-pure': [ '7.27.3' ],
156 silly audit   '@babel/helper-compilation-targets': [ '7.28.6' ],
156 silly audit   '@babel/helper-create-class-features-plugin': [ '7.28.6' ],
156 silly audit   '@babel/helper-globals': [ '7.28.0' ],
156 silly audit   '@babel/helper-member-expression-to-functions': [ '7.28.5' ],
156 silly audit   '@babel/helper-module-imports': [ '7.28.6' ],
156 silly audit   '@babel/helper-module-transforms': [ '7.28.6' ],
156 silly audit   '@babel/helper-optimise-call-expression': [ '7.27.1' ],
156 silly audit   '@babel/helper-plugin-utils': [ '7.28.6' ],
156 silly audit   '@babel/helper-replace-supers': [ '7.28.6' ],
156 silly audit   '@babel/helper-skip-transparent-expression-wrappers': [ '7.27.1' ],
156 silly audit   '@babel/helper-string-parser': [ '7.27.1' ],
156 silly audit   '@babel/helper-validator-identifier': [ '7.28.5' ],
156 silly audit   '@babel/helper-validator-option': [ '7.27.1' ],
156 silly audit   '@babel/helpers': [ '7.29.2' ],
156 silly audit   '@babel/parser': [ '7.29.2' ],
156 silly audit   '@babel/plugin-syntax-jsx': [ '7.28.6' ],
156 silly audit   '@babel/plugin-syntax-typescript': [ '7.28.6' ],
156 silly audit   '@babel/plugin-transform-modules-commonjs': [ '7.28.6' ],
156 silly audit   '@babel/plugin-transform-typescript': [ '7.28.6' ],
156 silly audit   '@babel/preset-typescript': [ '7.28.5' ],
156 silly audit   '@babel/runtime': [ '7.29.2' ],
156 silly audit   '@babel/template': [ '7.28.6' ],
156 silly audit   '@babel/traverse': [ '7.29.0' ],
156 silly audit   '@babel/types': [ '7.29.0' ],
156 silly audit   '@base-ui/react': [ '1.3.0' ],
156 silly audit   '@base-ui/utils': [ '0.2.6' ],
156 silly audit   '@chevrotain/cst-dts-gen': [ '10.5.0' ],
156 silly audit   '@chevrotain/gast': [ '10.5.0' ],
156 silly audit   '@chevrotain/types': [ '10.5.0' ],
156 silly audit   '@chevrotain/utils': [ '10.5.0' ],
156 silly audit   '@dotenvx/dotenvx': [ '1.57.2' ],
156 silly audit   commander: [ '11.1.0', '14.0.3' ],
156 silly audit   execa: [ '5.1.1', '9.6.1' ],
156 silly audit   fdir: [ '6.5.0' ],
156 silly audit   'get-stream': [ '6.0.1', '9.0.1' ],
156 silly audit   'human-signals': [ '2.1.0', '8.0.1' ],
156 silly audit   'is-stream': [ '2.0.1', '4.0.1' ],
156 silly audit   isexe: [ '3.1.5', '2.0.0' ],
156 silly audit   'npm-run-path': [ '4.0.1', '6.0.0' ],
156 silly audit   onetime: [ '5.1.2', '7.0.0' ],
156 silly audit   picomatch: [ '4.0.3', '2.3.1' ],
156 silly audit   'signal-exit': [ '3.0.7', '4.1.0' ],
156 silly audit   'strip-final-newline': [ '2.0.0', '4.0.0' ],
156 silly audit   which: [ '4.0.0', '2.0.2' ],
156 silly audit   '@ecies/ciphers': [ '0.2.5' ],
156 silly audit   '@electric-sql/pglite': [ '0.3.15' ],
156 silly audit   '@electric-sql/pglite-socket': [ '0.0.20' ],
156 silly audit   '@electric-sql/pglite-tools': [ '0.2.20' ],
156 silly audit   '@emnapi/core': [ '1.9.1' ],
156 silly audit   '@emnapi/runtime': [ '1.9.1' ],
156 silly audit   '@emnapi/wasi-threads': [ '1.2.0' ],
156 silly audit   '@eslint-community/eslint-utils': [ '4.9.1' ],
156 silly audit   'eslint-visitor-keys': [ '3.4.3', '5.0.1', '4.2.1' ],
156 silly audit   '@eslint-community/regexpp': [ '4.12.2' ],
156 silly audit   '@eslint/config-array': [ '0.21.2' ],
156 silly audit   '@eslint/config-helpers': [ '0.4.2' ],
156 silly audit   '@eslint/core': [ '0.17.0' ],
156 silly audit   '@eslint/eslintrc': [ '3.3.5' ],
156 silly audit   '@eslint/js': [ '9.39.4' ],
156 silly audit   '@eslint/object-schema': [ '2.1.7' ],
156 silly audit   '@eslint/plugin-kit': [ '0.4.1' ],
156 silly audit   '@floating-ui/core': [ '1.7.5' ],
156 silly audit   '@floating-ui/dom': [ '1.7.6' ],
156 silly audit   '@floating-ui/react-dom': [ '2.1.8' ],
156 silly audit   '@floating-ui/utils': [ '0.2.11' ],
156 silly audit   '@hono/node-server': [ '1.19.9' ],
156 silly audit   '@humanfs/core': [ '0.19.1' ],
156 silly audit   '@humanfs/node': [ '0.16.7' ],
156 silly audit   '@humanwhocodes/module-importer': [ '1.0.1' ],
156 silly audit   '@humanwhocodes/retry': [ '0.4.3' ],
156 silly audit   '@img/colour': [ '1.1.0' ],
156 silly audit   '@img/sharp-darwin-arm64': [ '0.34.5' ],
156 silly audit   '@img/sharp-darwin-x64': [ '0.34.5' ],
156 silly audit   '@img/sharp-libvips-darwin-arm64': [ '1.2.4' ],
156 silly audit   '@img/sharp-libvips-darwin-x64': [ '1.2.4' ],
156 silly audit   '@img/sharp-libvips-linux-arm': [ '1.2.4' ],
156 silly audit   '@img/sharp-libvips-linux-arm64': [ '1.2.4' ],
156 silly audit   '@img/sharp-libvips-linux-ppc64': [ '1.2.4' ],
156 silly audit   '@img/sharp-libvips-linux-riscv64': [ '1.2.4' ],
156 silly audit   '@img/sharp-libvips-linux-s390x': [ '1.2.4' ],
156 silly audit   '@img/sharp-libvips-linux-x64': [ '1.2.4' ],
156 silly audit   '@img/sharp-libvips-linuxmusl-arm64': [ '1.2.4' ],
156 silly audit   '@img/sharp-libvips-linuxmusl-x64': [ '1.2.4' ],
156 silly audit   '@img/sharp-linux-arm': [ '0.34.5' ],
156 silly audit   '@img/sharp-linux-arm64': [ '0.34.5' ],
156 silly audit   '@img/sharp-linux-ppc64': [ '0.34.5' ],
156 silly audit   '@img/sharp-linux-riscv64': [ '0.34.5' ],
156 silly audit   '@img/sharp-linux-s390x': [ '0.34.5' ],
156 silly audit   '@img/sharp-linux-x64': [ '0.34.5' ],
156 silly audit   '@img/sharp-linuxmusl-arm64': [ '0.34.5' ],
156 silly audit   '@img/sharp-linuxmusl-x64': [ '0.34.5' ],
156 silly audit   '@img/sharp-wasm32': [ '0.34.5' ],
156 silly audit   '@img/sharp-win32-arm64': [ '0.34.5' ],
156 silly audit   '@img/sharp-win32-ia32': [ '0.34.5' ],
156 silly audit   '@img/sharp-win32-x64': [ '0.34.5' ],
156 silly audit   '@inquirer/ansi': [ '1.0.2' ],
156 silly audit   '@inquirer/confirm': [ '5.1.21' ],
156 silly audit   '@inquirer/core': [ '10.3.2' ],
156 silly audit   '@inquirer/figures': [ '1.0.15' ],
156 silly audit   '@inquirer/type': [ '3.0.10' ],
156 silly audit   '@jridgewell/gen-mapping': [ '0.3.13' ],
156 silly audit   '@jridgewell/remapping': [ '2.3.5' ],
156 silly audit   '@jridgewell/resolve-uri': [ '3.1.2' ],
156 silly audit   '@jridgewell/sourcemap-codec': [ '1.5.5' ],
156 silly audit   '@jridgewell/trace-mapping': [ '0.3.31' ],
156 silly audit   '@modelcontextprotocol/sdk': [ '1.27.1' ],
156 silly audit   ajv: [ '8.18.0', '6.14.0' ],
156 silly audit   'json-schema-traverse': [ '1.0.0', '0.4.1' ],
156 silly audit   '@mrleebo/prisma-ast': [ '0.13.1' ],
156 silly audit   '@mswjs/interceptors': [ '0.41.3' ],
156 silly audit   '@napi-rs/wasm-runtime': [ '0.2.12' ],
156 silly audit   '@next/env': [ '16.2.1' ],
156 silly audit   '@next/eslint-plugin-next': [ '16.2.1' ],
156 silly audit   '@next/swc-darwin-arm64': [ '16.2.1' ],
156 silly audit   '@next/swc-darwin-x64': [ '16.2.1' ],
156 silly audit   '@next/swc-linux-arm64-gnu': [ '16.2.1' ],
156 silly audit   '@next/swc-linux-arm64-musl': [ '16.2.1' ],
156 silly audit   '@next/swc-linux-x64-gnu': [ '16.2.1' ],
156 silly audit   '@next/swc-linux-x64-musl': [ '16.2.1' ],
156 silly audit   '@next/swc-win32-arm64-msvc': [ '16.2.1' ],
156 silly audit   '@next/swc-win32-x64-msvc': [ '16.2.1' ],
156 silly audit   '@noble/ciphers': [ '1.3.0' ],
156 silly audit   '@noble/curves': [ '1.9.7' ],
156 silly audit   '@noble/hashes': [ '1.8.0' ],
156 silly audit   '@nodelib/fs.scandir': [ '2.1.5' ],
156 silly audit   '@nodelib/fs.stat': [ '2.0.5' ],
156 silly audit   '@nodelib/fs.walk': [ '1.2.8' ],
156 silly audit   '@nolyfill/is-core-module': [ '1.0.39' ],
156 silly audit   '@open-draft/deferred-promise': [ '2.2.0' ],
156 silly audit   '@open-draft/logger': [ '0.3.0' ],
156 silly audit   '@open-draft/until': [ '2.1.0' ],
156 silly audit   '@panva/hkdf': [ '1.2.1' ],
156 silly audit   '@prisma/client': [ '7.5.0' ],
156 silly audit   '@prisma/client-runtime-utils': [ '7.5.0' ],
156 silly audit   '@prisma/config': [ '7.5.0' ],
156 silly audit   '@prisma/debug': [ '7.5.0', '7.2.0' ],
156 silly audit   '@prisma/dev': [ '0.20.0' ],
156 silly audit   '@prisma/engines': [ '7.5.0' ],
156 silly audit   '@prisma/engines-version': [ '7.5.0-15.280c870be64f457428992c43c1f6d557fab6e29e' ],
156 silly audit   '@prisma/get-platform': [ '7.5.0', '7.2.0' ],
156 silly audit   '@prisma/fetch-engine': [ '7.5.0' ],
156 silly audit   '@prisma/query-plan-executor': [ '7.2.0' ],
156 silly audit   '@prisma/studio-core': [ '0.21.1' ],
156 silly audit   '@rtsao/scc': [ '1.1.0' ],
156 silly audit   '@sec-ant/readable-stream': [ '0.4.1' ],
156 silly audit   '@sindresorhus/merge-streams': [ '4.0.0' ],
156 silly audit   '@stablelib/base64': [ '1.0.1' ],
156 silly audit   '@standard-schema/spec': [ '1.1.0' ],
156 silly audit   '@swc/helpers': [ '0.5.15' ],
156 silly audit   '@tailwindcss/node': [ '4.2.2' ],
156 silly audit   '@tailwindcss/oxide': [ '4.2.2' ],
156 silly audit   '@tailwindcss/oxide-android-arm64': [ '4.2.2' ],
156 silly audit   '@tailwindcss/oxide-darwin-arm64': [ '4.2.2' ],
156 silly audit   '@tailwindcss/oxide-darwin-x64': [ '4.2.2' ],
156 silly audit   '@tailwindcss/oxide-freebsd-x64': [ '4.2.2' ],
156 silly audit   '@tailwindcss/oxide-linux-arm-gnueabihf': [ '4.2.2' ],
156 silly audit   '@tailwindcss/oxide-linux-arm64-gnu': [ '4.2.2' ],
156 silly audit   '@tailwindcss/oxide-linux-arm64-musl': [ '4.2.2' ],
156 silly audit   '@tailwindcss/oxide-linux-x64-gnu': [ '4.2.2' ],
156 silly audit   '@tailwindcss/oxide-linux-x64-musl': [ '4.2.2' ],
156 silly audit   '@tailwindcss/oxide-win32-arm64-msvc': [ '4.2.2' ],
156 silly audit   '@tailwindcss/oxide-win32-x64-msvc': [ '4.2.2' ],
156 silly audit   '@tailwindcss/postcss': [ '4.2.2' ],
156 silly audit   '@ts-morph/common': [ '0.27.0' ],
156 silly audit   'balanced-match': [ '4.0.4', '1.0.2' ],
156 silly audit   'brace-expansion': [ '5.0.4', '1.1.12' ],
156 silly audit   'fast-glob': [ '3.3.3', '3.3.1' ],
156 silly audit   'glob-parent': [ '5.1.2', '6.0.2' ],
156 silly audit   minimatch: [ '10.2.4', '3.1.5' ],
156 silly audit   '@tybys/wasm-util': [ '0.10.1' ],
156 silly audit   '@types/bcryptjs': [ '2.4.6' ],
156 silly audit   '@types/estree': [ '1.0.8' ],
156 silly audit   '@types/json-schema': [ '7.0.15' ],
156 silly audit   '@types/json5': [ '0.0.29' ],
156 silly audit   '@types/node': [ '20.19.37' ],
156 silly audit   '@types/react': [ '19.2.14' ],
156 silly audit   '@types/react-dom': [ '19.2.3' ],
156 silly audit   '@types/statuses': [ '2.0.6' ],
156 silly audit   '@types/validate-npm-package-name': [ '4.0.2' ],
156 silly audit   '@typescript-eslint/eslint-plugin': [ '8.57.1' ],
156 silly audit   ignore: [ '7.0.5', '5.3.2' ],
156 silly audit   '@typescript-eslint/parser': [ '8.57.1' ],
156 silly audit   '@typescript-eslint/project-service': [ '8.57.1' ],
156 silly audit   '@typescript-eslint/scope-manager': [ '8.57.1' ],
156 silly audit   '@typescript-eslint/tsconfig-utils': [ '8.57.1' ],
156 silly audit   '@typescript-eslint/type-utils': [ '8.57.1' ],
156 silly audit   '@typescript-eslint/types': [ '8.57.1' ],
156 silly audit   '@typescript-eslint/typescript-estree': [ '8.57.1' ],
156 silly audit   semver: [ '7.7.4', '6.3.1' ],
156 silly audit   '@typescript-eslint/utils': [ '8.57.1' ],
156 silly audit   '@typescript-eslint/visitor-keys': [ '8.57.1' ],
156 silly audit   '@unrs/resolver-binding-android-arm-eabi': [ '1.11.1' ],
156 silly audit   '@unrs/resolver-binding-android-arm64': [ '1.11.1' ],
156 silly audit   '@unrs/resolver-binding-darwin-arm64': [ '1.11.1' ],
156 silly audit   '@unrs/resolver-binding-darwin-x64': [ '1.11.1' ],
156 silly audit   '@unrs/resolver-binding-freebsd-x64': [ '1.11.1' ],
156 silly audit   '@unrs/resolver-binding-linux-arm-gnueabihf': [ '1.11.1' ],
156 silly audit   '@unrs/resolver-binding-linux-arm-musleabihf': [ '1.11.1' ],
156 silly audit   '@unrs/resolver-binding-linux-arm64-gnu': [ '1.11.1' ],
156 silly audit   '@unrs/resolver-binding-linux-arm64-musl': [ '1.11.1' ],
156 silly audit   '@unrs/resolver-binding-linux-ppc64-gnu': [ '1.11.1' ],
156 silly audit   '@unrs/resolver-binding-linux-riscv64-gnu': [ '1.11.1' ],
156 silly audit   '@unrs/resolver-binding-linux-riscv64-musl': [ '1.11.1' ],
156 silly audit   '@unrs/resolver-binding-linux-s390x-gnu': [ '1.11.1' ],
156 silly audit   '@unrs/resolver-binding-linux-x64-gnu': [ '1.11.1' ],
156 silly audit   '@unrs/resolver-binding-linux-x64-musl': [ '1.11.1' ],
156 silly audit   '@unrs/resolver-binding-wasm32-wasi': [ '1.11.1' ],
156 silly audit   '@unrs/resolver-binding-win32-arm64-msvc': [ '1.11.1' ],
156 silly audit   '@unrs/resolver-binding-win32-ia32-msvc': [ '1.11.1' ],
156 silly audit   '@unrs/resolver-binding-win32-x64-msvc': [ '1.11.1' ],
156 silly audit   accepts: [ '2.0.0' ],
156 silly audit   acorn: [ '8.16.0' ],
156 silly audit   'acorn-jsx': [ '5.3.2' ],
156 silly audit   'agent-base': [ '7.1.4' ],
156 silly audit   'ajv-formats': [ '3.0.1' ],
156 silly audit   'ansi-regex': [ '6.2.2', '5.0.1' ],
156 silly audit   'ansi-styles': [ '4.3.0' ],
156 silly audit   argparse: [ '2.0.1' ],
156 silly audit   'aria-query': [ '5.3.2' ],
156 silly audit   'array-buffer-byte-length': [ '1.0.2' ],
156 silly audit   'array-includes': [ '3.1.9' ],
156 silly audit   'array.prototype.findlast': [ '1.2.5' ],
156 silly audit   'array.prototype.findlastindex': [ '1.2.6' ],
156 silly audit   'array.prototype.flat': [ '1.3.3' ],
156 silly audit   'array.prototype.flatmap': [ '1.3.3' ],
156 silly audit   'array.prototype.tosorted': [ '1.1.4' ],
156 silly audit   'arraybuffer.prototype.slice': [ '1.0.4' ],
156 silly audit   'ast-types': [ '0.16.1' ],
156 silly audit   'ast-types-flow': [ '0.0.8' ],
156 silly audit   'async-function': [ '1.0.0' ],
156 silly audit   'available-typed-arrays': [ '1.0.7' ],
156 silly audit   'aws-ssl-profiles': [ '1.1.2' ],
156 silly audit   'axe-core': [ '4.11.1' ],
156 silly audit   'axobject-query': [ '4.1.0' ],
156 silly audit   'babel-plugin-react-compiler': [ '1.0.0' ],
156 silly audit   'baseline-browser-mapping': [ '2.10.10' ],
156 silly audit   bcryptjs: [ '3.0.3' ],
156 silly audit   'body-parser': [ '2.2.2' ],
156 silly audit   braces: [ '3.0.3' ],
156 silly audit   browserslist: [ '4.28.1' ],
156 silly audit   'bundle-name': [ '4.1.0' ],
156 silly audit   bytes: [ '3.1.2' ],
156 silly audit   c12: [ '3.1.0' ],
156 silly audit   dotenv: [ '16.6.1', '17.3.1' ],
156 silly audit   'call-bind': [ '1.0.8' ],
156 silly audit   'call-bind-apply-helpers': [ '1.0.2' ],
156 silly audit   'call-bound': [ '1.0.4' ],
156 silly audit   callsites: [ '3.1.0' ],
156 silly audit   'caniuse-lite': [ '1.0.30001780' ],
156 silly audit   chalk: [ '4.1.2', '5.6.2' ],
156 silly audit   chevrotain: [ '10.5.0' ],
156 silly audit   chokidar: [ '4.0.3' ],
156 silly audit   citty: [ '0.1.6', '0.2.1' ],
156 silly audit   'class-variance-authority': [ '0.7.1' ],
156 silly audit   'cli-cursor': [ '5.0.0' ],
156 silly audit   'cli-spinners': [ '2.9.2' ],
156 silly audit   'cli-width': [ '4.1.0' ],
156 silly audit   'client-only': [ '0.0.1' ],
156 silly audit   cliui: [ '8.0.1' ],
156 silly audit   'emoji-regex': [ '8.0.0', '9.2.2', '10.6.0' ],
156 silly audit   'string-width': [ '4.2.3', '7.2.0' ],
156 silly audit   'strip-ansi': [ '6.0.1', '7.2.0' ],
156 silly audit   'wrap-ansi': [ '7.0.0', '6.2.0' ],
156 silly audit   clsx: [ '2.1.1' ],
156 silly audit   'code-block-writer': [ '13.0.3' ],
156 silly audit   'color-convert': [ '2.0.1' ],
156 silly audit   'color-name': [ '1.1.4' ],
156 silly audit   'concat-map': [ '0.0.1' ],
156 silly audit   confbox: [ '0.2.4' ],
156 silly audit   consola: [ '3.4.2' ],
156 silly audit   'content-disposition': [ '1.0.1' ],
156 silly audit   'content-type': [ '1.0.5' ],
156 silly audit   'convert-source-map': [ '2.0.0' ],
156 silly audit   cookie: [ '0.7.2', '1.1.1' ],
156 silly audit   'cookie-signature': [ '1.2.2' ],
156 silly audit   cors: [ '2.8.6' ],
156 silly audit   cosmiconfig: [ '9.0.1' ],
156 silly audit   'cross-spawn': [ '7.0.6' ],
156 silly audit   cssesc: [ '3.0.0' ],
156 silly audit   csstype: [ '3.2.3' ],
156 silly audit   'damerau-levenshtein': [ '1.0.8' ],
156 silly audit   'data-uri-to-buffer': [ '4.0.1' ],
156 silly audit   'data-view-buffer': [ '1.0.2' ],
156 silly audit   'data-view-byte-length': [ '1.0.2' ],
156 silly audit   'data-view-byte-offset': [ '1.0.1' ],
156 silly audit   'date-fns': [ '4.1.0' ],
156 silly audit   debug: [ '4.4.3', '3.2.7' ],
156 silly audit   dedent: [ '1.7.2' ],
156 silly audit   'deep-is': [ '0.1.4' ],
156 silly audit   deepmerge: [ '4.3.1' ],
156 silly audit   'deepmerge-ts': [ '7.1.5' ],
156 silly audit   'default-browser': [ '5.5.0' ],
156 silly audit   'default-browser-id': [ '5.0.1' ],
156 silly audit   'define-data-property': [ '1.1.4' ],
156 silly audit   'define-lazy-prop': [ '3.0.0' ],
156 silly audit   'define-properties': [ '1.2.1' ],
156 silly audit   defu: [ '6.1.4' ],
156 silly audit   denque: [ '2.1.0' ],
156 silly audit   depd: [ '2.0.0' ],
156 silly audit   destr: [ '2.0.5' ],
156 silly audit   'detect-libc': [ '2.1.2' ],
156 silly audit   diff: [ '8.0.3' ],
156 silly audit   doctrine: [ '2.1.0' ],
156 silly audit   'dunder-proto': [ '1.0.1' ],
156 silly audit   eciesjs: [ '0.4.18' ],
156 silly audit   'ee-first': [ '1.1.1' ],
156 silly audit   effect: [ '3.18.4' ],
156 silly audit   'electron-to-chromium': [ '1.5.321' ],
156 silly audit   empathic: [ '2.0.0' ],
156 silly audit   encodeurl: [ '2.0.0' ],
156 silly audit   'enhanced-resolve': [ '5.20.1' ],
156 silly audit   'env-paths': [ '2.2.1' ],
156 silly audit   'error-ex': [ '1.3.4' ],
156 silly audit   'es-abstract': [ '1.24.1' ],
156 silly audit   'es-define-property': [ '1.0.1' ],
156 silly audit   'es-errors': [ '1.3.0' ],
156 silly audit   'es-iterator-helpers': [ '1.3.1' ],
156 silly audit   'es-object-atoms': [ '1.1.1' ],
156 silly audit   'es-set-tostringtag': [ '2.1.0' ],
156 silly audit   'es-shim-unscopables': [ '1.1.0' ],
156 silly audit   'es-to-primitive': [ '1.3.0' ],
156 silly audit   escalade: [ '3.2.0' ],
156 silly audit   'escape-html': [ '1.0.3' ],
156 silly audit   'escape-string-regexp': [ '4.0.0' ],
156 silly audit   eslint: [ '9.39.4' ],
156 silly audit   'eslint-config-next': [ '16.2.1' ],
156 silly audit   globals: [ '16.4.0', '14.0.0' ],
156 silly audit   'eslint-import-resolver-node': [ '0.3.9' ],
156 silly audit   'eslint-import-resolver-typescript': [ '3.10.1' ],
156 silly audit   'eslint-module-utils': [ '2.12.1' ],
156 silly audit   'eslint-plugin-import': [ '2.32.0' ],
156 silly audit   'eslint-plugin-jsx-a11y': [ '6.10.2' ],
156 silly audit   'eslint-plugin-react': [ '7.37.5' ],
156 silly audit   'eslint-plugin-react-hooks': [ '7.0.1' ],
156 silly audit   resolve: [ '2.0.0-next.6', '1.22.11' ],
156 silly audit   'eslint-scope': [ '8.4.0' ],
156 silly audit   espree: [ '10.4.0' ],
156 silly audit   esprima: [ '4.0.1' ],
156 silly audit   esquery: [ '1.7.0' ],
156 silly audit   esrecurse: [ '4.3.0' ],
156 silly audit   estraverse: [ '5.3.0' ],
156 silly audit   esutils: [ '2.0.3' ],
156 silly audit   etag: [ '1.8.1' ],
156 silly audit   eventsource: [ '3.0.7' ],
156 silly audit   'eventsource-parser': [ '3.0.6' ],
156 silly audit   express: [ '5.2.1' ],
156 silly audit   'express-rate-limit': [ '8.3.1' ],
156 silly audit   exsolve: [ '1.0.8' ],
156 silly audit   'fast-check': [ '3.23.2' ],
156 silly audit   'fast-deep-equal': [ '3.1.3' ],
156 silly audit   'fast-json-stable-stringify': [ '2.1.0' ],
156 silly audit   'fast-levenshtein': [ '2.0.6' ],
156 silly audit   'fast-sha256': [ '1.3.0' ],
156 silly audit   'fast-uri': [ '3.1.0' ],
156 silly audit   fastq: [ '1.20.1' ],
156 silly audit   'fetch-blob': [ '3.2.0' ],
156 silly audit   figures: [ '6.1.0' ],
156 silly audit   'file-entry-cache': [ '8.0.0' ],
156 silly audit   'fill-range': [ '7.1.1' ],
156 silly audit   finalhandler: [ '2.1.1' ],
156 silly audit   'find-up': [ '5.0.0' ],
156 silly audit   'flat-cache': [ '4.0.1' ],
156 silly audit   flatted: [ '3.4.2' ],
156 silly audit   'for-each': [ '0.3.5' ],
156 silly audit   'foreground-child': [ '3.3.1' ],
156 silly audit   'formdata-polyfill': [ '4.0.10' ],
156 silly audit   forwarded: [ '0.2.0' ],
156 silly audit   fresh: [ '2.0.0' ],
156 silly audit   'fs-extra': [ '11.3.4' ],
156 silly audit   'function-bind': [ '1.1.2' ],
156 silly audit   'function.prototype.name': [ '1.1.8' ],
156 silly audit   'functions-have-names': [ '1.2.3' ],
156 silly audit   fuzzysort: [ '3.1.0' ],
156 silly audit   'generate-function': [ '2.3.1' ],
156 silly audit   'generator-function': [ '2.0.1' ],
156 silly audit   gensync: [ '1.0.0-beta.2' ],
156 silly audit   'get-caller-file': [ '2.0.5' ],
156 silly audit   'get-east-asian-width': [ '1.5.0' ],
156 silly audit   'get-intrinsic': [ '1.3.0' ],
156 silly audit   'get-own-enumerable-keys': [ '1.0.0' ],
156 silly audit   'get-port-please': [ '3.2.0' ],
156 silly audit   'get-proto': [ '1.0.1' ],
156 silly audit   'get-symbol-description': [ '1.1.0' ],
156 silly audit   'get-tsconfig': [ '4.13.7' ],
156 silly audit   giget: [ '2.0.0' ],
156 silly audit   globalthis: [ '1.0.4' ],
156 silly audit   gopd: [ '1.2.0' ],
156 silly audit   'graceful-fs': [ '4.2.11' ],
156 silly audit   grammex: [ '3.1.12' ],
156 silly audit   graphmatch: [ '1.1.1' ],
156 silly audit   graphql: [ '16.13.1' ],
156 silly audit   'has-bigints': [ '1.1.0' ],
156 silly audit   'has-flag': [ '4.0.0' ],
156 silly audit   'has-property-descriptors': [ '1.0.2' ],
156 silly audit   'has-proto': [ '1.2.0' ],
156 silly audit   'has-symbols': [ '1.1.0' ],
156 silly audit   'has-tostringtag': [ '1.0.2' ],
156 silly audit   hasown: [ '2.0.2' ],
156 silly audit   'headers-polyfill': [ '4.0.3' ],
156 silly audit   'hermes-estree': [ '0.25.1' ],
156 silly audit   'hermes-parser': [ '0.25.1' ],
156 silly audit   hono: [ '4.11.4' ],
156 silly audit   'http-errors': [ '2.0.1' ],
156 silly audit   'http-status-codes': [ '2.3.0' ],
156 silly audit   'https-proxy-agent': [ '7.0.6' ],
156 silly audit   'iconv-lite': [ '0.7.2' ],
156 silly audit   'import-fresh': [ '3.3.1' ],
156 silly audit   imurmurhash: [ '0.1.4' ],
156 silly audit   inherits: [ '2.0.4' ],
156 silly audit   'internal-slot': [ '1.1.0' ],
156 silly audit   'ip-address': [ '10.1.0' ],
156 silly audit   'ipaddr.js': [ '1.9.1' ],
156 silly audit   'is-array-buffer': [ '3.0.5' ],
156 silly audit   'is-arrayish': [ '0.2.1' ],
156 silly audit   'is-async-function': [ '2.1.1' ],
156 silly audit   'is-bigint': [ '1.1.0' ],
156 silly audit   'is-boolean-object': [ '1.2.2' ],
156 silly audit   'is-bun-module': [ '2.0.0' ],
156 silly audit   'is-callable': [ '1.2.7' ],
156 silly audit   'is-core-module': [ '2.16.1' ],
156 silly audit   'is-data-view': [ '1.0.2' ],
156 silly audit   'is-date-object': [ '1.1.0' ],
156 silly audit   'is-docker': [ '3.0.0' ],
156 silly audit   'is-extglob': [ '2.1.1' ],
156 silly audit   'is-finalizationregistry': [ '1.1.1' ],
156 silly audit   'is-fullwidth-code-point': [ '3.0.0' ],
156 silly audit   'is-generator-function': [ '1.1.2' ],
156 silly audit   'is-glob': [ '4.0.3' ],
156 silly audit   'is-in-ssh': [ '1.0.0' ],
156 silly audit   'is-inside-container': [ '1.0.0' ],
156 silly audit   'is-interactive': [ '2.0.0' ],
156 silly audit   'is-map': [ '2.0.3' ],
156 silly audit   'is-negative-zero': [ '2.0.3' ],
156 silly audit   'is-node-process': [ '1.2.0' ],
156 silly audit   'is-number': [ '7.0.0' ],
156 silly audit   'is-number-object': [ '1.1.1' ],
156 silly audit   'is-obj': [ '3.0.0' ],
156 silly audit   'is-plain-obj': [ '4.1.0' ],
156 silly audit   'is-promise': [ '4.0.0' ],
156 silly audit   'is-property': [ '1.0.2' ],
156 silly audit   'is-regex': [ '1.2.1' ],
156 silly audit   'is-regexp': [ '3.1.0' ],
156 silly audit   'is-set': [ '2.0.3' ],
156 silly audit   'is-shared-array-buffer': [ '1.0.4' ],
156 silly audit   'is-string': [ '1.1.1' ],
156 silly audit   'is-symbol': [ '1.1.1' ],
156 silly audit   'is-typed-array': [ '1.1.15' ],
156 silly audit   'is-unicode-supported': [ '2.1.0', '1.3.0' ],
156 silly audit   'is-weakmap': [ '2.0.2' ],
156 silly audit   'is-weakref': [ '1.1.1' ],
156 silly audit   'is-weakset': [ '2.0.4' ],
156 silly audit   'is-wsl': [ '3.1.1' ],
156 silly audit   isarray: [ '2.0.5' ],
156 silly audit   'iterator.prototype': [ '1.1.5' ],
156 silly audit   jiti: [ '2.6.1' ],
156 silly audit   jose: [ '6.2.2' ],
156 silly audit   'js-tokens': [ '4.0.0' ],
156 silly audit   'js-yaml': [ '4.1.1' ],
156 silly audit   jsesc: [ '3.1.0' ],
156 silly audit   'json-buffer': [ '3.0.1' ],
156 silly audit   'json-parse-even-better-errors': [ '2.3.1' ],
156 silly audit   'json-schema-typed': [ '8.0.2' ],
156 silly audit   'json-stable-stringify-without-jsonify': [ '1.0.1' ],
156 silly audit   json5: [ '2.2.3', '1.0.2' ],
156 silly audit   jsonfile: [ '6.2.0' ],
156 silly audit   'jsx-ast-utils': [ '3.3.5' ],
156 silly audit   keyv: [ '4.5.4' ],
156 silly audit   kleur: [ '4.1.5', '3.0.3' ],
156 silly audit   'language-subtag-registry': [ '0.3.23' ],
156 silly audit   'language-tags': [ '1.0.9' ],
156 silly audit   levn: [ '0.4.1' ],
156 silly audit   lightningcss: [ '1.32.0' ],
156 silly audit   'lightningcss-android-arm64': [ '1.32.0' ],
156 silly audit   'lightningcss-darwin-arm64': [ '1.32.0' ],
156 silly audit   'lightningcss-darwin-x64': [ '1.32.0' ],
156 silly audit   'lightningcss-freebsd-x64': [ '1.32.0' ],
156 silly audit   'lightningcss-linux-arm-gnueabihf': [ '1.32.0' ],
156 silly audit   'lightningcss-linux-arm64-gnu': [ '1.32.0' ],
156 silly audit   'lightningcss-linux-arm64-musl': [ '1.32.0' ],
156 silly audit   'lightningcss-linux-x64-gnu': [ '1.32.0' ],
156 silly audit   'lightningcss-linux-x64-musl': [ '1.32.0' ],
156 silly audit   'lightningcss-win32-arm64-msvc': [ '1.32.0' ],
156 silly audit   'lightningcss-win32-x64-msvc': [ '1.32.0' ],
156 silly audit   lilconfig: [ '2.1.0' ],
156 silly audit   'lines-and-columns': [ '1.2.4' ],
156 silly audit   'locate-path': [ '6.0.0' ],
156 silly audit   lodash: [ '4.17.21' ],
156 silly audit   'lodash.merge': [ '4.6.2' ],
156 silly audit   'log-symbols': [ '6.0.0' ],
156 silly audit   long: [ '5.3.2' ],
156 silly audit   'loose-envify': [ '1.4.0' ],
156 silly audit   'lru-cache': [ '5.1.1' ],
156 silly audit   'lru.min': [ '1.1.4' ],
156 silly audit   'lucide-react': [ '0.577.0' ],
156 silly audit   'magic-string': [ '0.30.21' ],
156 silly audit   'math-intrinsics': [ '1.1.0' ],
156 silly audit   'media-typer': [ '1.1.0' ],
156 silly audit   'merge-descriptors': [ '2.0.0' ],
156 silly audit   'merge-stream': [ '2.0.0' ],
156 silly audit   merge2: [ '1.4.1' ],
156 silly audit   micromatch: [ '4.0.8' ],
156 silly audit   'mime-db': [ '1.54.0' ],
156 silly audit   'mime-types': [ '3.0.2' ],
156 silly audit   'mimic-fn': [ '2.1.0' ],
156 silly audit   'mimic-function': [ '5.0.1' ],
156 silly audit   minimist: [ '1.2.8' ],
156 silly audit   ms: [ '2.1.3' ],
156 silly audit   msw: [ '2.12.14' ],
156 silly audit   'mute-stream': [ '2.0.0' ],
156 silly audit   mysql2: [ '3.15.3' ],
156 silly audit   'named-placeholders': [ '1.1.6' ],
156 silly audit   nanoid: [ '3.3.11' ],
156 silly audit   'napi-postinstall': [ '0.3.4' ],
156 silly audit   'natural-compare': [ '1.4.0' ],
156 silly audit   negotiator: [ '1.0.0' ],
156 silly audit   next: [ '16.2.1' ],
156 silly audit   'next-auth': [ '5.0.0-beta.30' ],
156 silly audit   postcss: [ '8.4.31', '8.5.8' ],
156 silly audit   'node-domexception': [ '1.0.0' ],
156 silly audit   'node-exports-info': [ '1.6.0' ],
156 silly audit   'node-fetch': [ '3.3.2' ],
156 silly audit   'node-fetch-native': [ '1.6.7' ],
156 silly audit   'node-releases': [ '2.0.36' ],
156 silly audit   'path-key': [ '4.0.0', '3.1.1' ],
156 silly audit   nypm: [ '0.6.5' ],
156 silly audit   oauth4webapi: [ '3.8.5' ],
156 silly audit   'object-assign': [ '4.1.1' ],
156 silly audit   'object-inspect': [ '1.13.4' ],
156 silly audit   'object-keys': [ '1.1.1' ],
156 silly audit   'object-treeify': [ '1.1.33' ],
156 silly audit   'object.assign': [ '4.1.7' ],
156 silly audit   'object.entries': [ '1.1.9' ],
156 silly audit   'object.fromentries': [ '2.0.8' ],
156 silly audit   'object.groupby': [ '1.0.3' ],
156 silly audit   'object.values': [ '1.2.1' ],
156 silly audit   ohash: [ '2.0.11' ],
156 silly audit   'on-finished': [ '2.4.1' ],
156 silly audit   once: [ '1.4.0' ],
156 silly audit   open: [ '11.0.0' ],
156 silly audit   optionator: [ '0.9.4' ],
156 silly audit   ora: [ '8.2.0' ],
156 silly audit   outvariant: [ '1.4.3' ],
156 silly audit   'own-keys': [ '1.0.1' ],
156 silly audit   'p-limit': [ '3.1.0' ],
156 silly audit   'p-locate': [ '5.0.0' ],
156 silly audit   'parent-module': [ '1.0.1' ],
156 silly audit   'parse-json': [ '5.2.0' ],
156 silly audit   'parse-ms': [ '4.0.0' ],
156 silly audit   parseurl: [ '1.3.3' ],
156 silly audit   'path-browserify': [ '1.0.1' ],
156 silly audit   'path-exists': [ '4.0.0' ],
156 silly audit   'path-parse': [ '1.0.7' ],
156 silly audit   'path-to-regexp': [ '6.3.0', '8.3.0' ],
156 silly audit   pathe: [ '2.0.3' ],
156 silly audit   'perfect-debounce': [ '1.0.0' ],
156 silly audit   picocolors: [ '1.1.1' ],
156 silly audit   'pkce-challenge': [ '5.0.1' ],
156 silly audit   'pkg-types': [ '2.3.0' ],
156 silly audit   'possible-typed-array-names': [ '1.1.0' ],
156 silly audit   'postal-mime': [ '2.7.3' ],
156 silly audit   'postcss-selector-parser': [ '7.1.1' ],
156 silly audit   postgres: [ '3.4.7' ],
156 silly audit   'powershell-utils': [ '0.1.0' ],
156 silly audit   preact: [ '10.24.3' ],
156 silly audit   'preact-render-to-string': [ '6.5.11' ],
156 silly audit   'prelude-ls': [ '1.2.1' ],
156 silly audit   'pretty-ms': [ '9.3.0' ],
156 silly audit   prisma: [ '7.5.0' ],
156 silly audit   prompts: [ '2.4.2' ],
156 silly audit   'prop-types': [ '15.8.1' ],
156 silly audit   'proper-lockfile': [ '4.1.2' ],
156 silly audit   'proxy-addr': [ '2.0.7' ],
156 silly audit   punycode: [ '2.3.1' ],
156 silly audit   'pure-rand': [ '6.1.0' ],
156 silly audit   qs: [ '6.15.0' ],
156 silly audit   'queue-microtask': [ '1.2.3' ],
156 silly audit   'range-parser': [ '1.2.1' ],
156 silly audit   'raw-body': [ '3.0.2' ],
156 silly audit   rc9: [ '2.1.2' ],
156 silly audit   react: [ '19.2.4' ],
156 silly audit   'react-dom': [ '19.2.4' ],
156 silly audit   'react-is': [ '16.13.1' ],
156 silly audit   readdirp: [ '4.1.2' ],
156 silly audit   recast: [ '0.23.11' ],
156 silly audit   'reflect.getprototypeof': [ '1.0.10' ],
156 silly audit   'regexp-to-ast': [ '0.5.0' ],
156 silly audit   'regexp.prototype.flags': [ '1.5.4' ],
156 silly audit   remeda: [ '2.33.4' ],
156 silly audit   'require-directory': [ '2.1.1' ],
156 silly audit   'require-from-string': [ '2.0.2' ],
156 silly audit   reselect: [ '5.1.1' ],
156 silly audit   resend: [ '6.9.4' ],
156 silly audit   'resolve-from': [ '4.0.0' ],
156 silly audit   'resolve-pkg-maps': [ '1.0.0' ],
156 silly audit   'restore-cursor': [ '5.1.0' ],
156 silly audit   retry: [ '0.12.0' ],
156 silly audit   rettime: [ '0.10.1' ],
156 silly audit   reusify: [ '1.1.0' ],
156 silly audit   router: [ '2.2.0' ],
156 silly audit   'run-applescript': [ '7.1.0' ],
156 silly audit   'run-parallel': [ '1.2.0' ],
156 silly audit   'safe-array-concat': [ '1.1.3' ],
156 silly audit   'safe-push-apply': [ '1.0.0' ],
156 silly audit   'safe-regex-test': [ '1.1.0' ],
156 silly audit   'safer-buffer': [ '2.1.2' ],
156 silly audit   scheduler: [ '0.27.0' ],
156 silly audit   send: [ '1.2.1' ],
156 silly audit   'seq-queue': [ '0.0.5' ],
156 silly audit   'serve-static': [ '2.2.1' ],
156 silly audit   'set-function-length': [ '1.2.2' ],
156 silly audit   'set-function-name': [ '2.0.2' ],
156 silly audit   'set-proto': [ '1.0.0' ],
156 silly audit   setprototypeof: [ '1.2.0' ],
156 silly audit   shadcn: [ '4.1.0' ],
156 silly audit   'tsconfig-paths': [ '4.2.0', '3.15.0' ],
156 silly audit   zod: [ '3.25.76', '4.3.6' ],
156 silly audit   sharp: [ '0.34.5' ],
156 silly audit   'shebang-command': [ '2.0.0' ],
156 silly audit   'shebang-regex': [ '3.0.0' ],
156 silly audit   'side-channel': [ '1.1.0' ],
156 silly audit   'side-channel-list': [ '1.0.0' ],
156 silly audit   'side-channel-map': [ '1.0.1' ],
156 silly audit   'side-channel-weakmap': [ '1.0.2' ],
156 silly audit   sisteransi: [ '1.0.5' ],
156 silly audit   'source-map': [ '0.6.1' ],
156 silly audit   'source-map-js': [ '1.2.1' ],
156 silly audit   sqlstring: [ '2.3.3' ],
156 silly audit   'stable-hash': [ '0.0.5' ],
156 silly audit   standardwebhooks: [ '1.0.0' ],
156 silly audit   statuses: [ '2.0.2' ],
156 silly audit   'std-env': [ '3.10.0' ],
156 silly audit   'stdin-discarder': [ '0.2.2' ],
156 silly audit   'stop-iteration-iterator': [ '1.1.0' ],
156 silly audit   'strict-event-emitter': [ '0.5.1' ],
156 silly audit   'string.prototype.includes': [ '2.0.1' ],
156 silly audit   'string.prototype.matchall': [ '4.0.12' ],
156 silly audit   'string.prototype.repeat': [ '1.0.0' ],
156 silly audit   'string.prototype.trim': [ '1.2.10' ],
156 silly audit   'string.prototype.trimend': [ '1.0.9' ],
156 silly audit   'string.prototype.trimstart': [ '1.0.8' ],
156 silly audit   'stringify-object': [ '5.0.0' ],
156 silly audit   'strip-bom': [ '3.0.0' ],
156 silly audit   'strip-json-comments': [ '3.1.1' ],
156 silly audit   'styled-jsx': [ '5.1.6' ],
156 silly audit   'supports-color': [ '7.2.0' ],
156 silly audit   'supports-preserve-symlinks-flag': [ '1.0.0' ],
156 silly audit   svix: [ '1.86.0' ],
156 silly audit   tabbable: [ '6.4.0' ],
156 silly audit   'tagged-tag': [ '1.0.0' ],
156 silly audit   'tailwind-merge': [ '3.5.0' ],
156 silly audit   tailwindcss: [ '4.2.2' ],
156 silly audit   tapable: [ '2.3.0' ],
156 silly audit   'tiny-invariant': [ '1.3.3' ],
156 silly audit   tinyexec: [ '1.0.4' ],
156 silly audit   tinyglobby: [ '0.2.15' ],
156 silly audit   tldts: [ '7.0.27' ],
156 silly audit   'tldts-core': [ '7.0.27' ],
156 silly audit   'to-regex-range': [ '5.0.1' ],
156 silly audit   toidentifier: [ '1.0.1' ],
156 silly audit   'tough-cookie': [ '6.0.1' ],
156 silly audit   'ts-api-utils': [ '2.5.0' ],
156 silly audit   'ts-morph': [ '26.0.0' ],
156 silly audit   tslib: [ '2.8.1' ],
156 silly audit   'tw-animate-css': [ '1.4.0' ],
156 silly audit   'type-check': [ '0.4.0' ],
156 silly audit   'type-fest': [ '5.5.0' ],
156 silly audit   'type-is': [ '2.0.1' ],
156 silly audit   'typed-array-buffer': [ '1.0.3' ],
156 silly audit   'typed-array-byte-length': [ '1.0.3' ],
156 silly audit   'typed-array-byte-offset': [ '1.0.4' ],
156 silly audit   'typed-array-length': [ '1.0.7' ],
156 silly audit   typescript: [ '5.9.3' ],
156 silly audit   'typescript-eslint': [ '8.57.1' ],
156 silly audit   'unbox-primitive': [ '1.1.0' ],
156 silly audit   'undici-types': [ '6.21.0' ],
156 silly audit   'unicorn-magic': [ '0.3.0' ],
156 silly audit   universalify: [ '2.0.1' ],
156 silly audit   unpipe: [ '1.0.0' ],
156 silly audit   'unrs-resolver': [ '1.11.1' ],
156 silly audit   'until-async': [ '3.0.2' ],
156 silly audit   'update-browserslist-db': [ '1.2.3' ],
156 silly audit   'uri-js': [ '4.4.1' ],
156 silly audit   'use-sync-external-store': [ '1.6.0' ],
156 silly audit   'util-deprecate': [ '1.0.2' ],
156 silly audit   uuid: [ '10.0.0' ],
156 silly audit   valibot: [ '1.2.0' ],
156 silly audit   'validate-npm-package-name': [ '7.0.2' ],
156 silly audit   vary: [ '1.1.2' ],
156 silly audit   'web-streams-polyfill': [ '3.3.3' ],
156 silly audit   'which-boxed-primitive': [ '1.1.1' ],
156 silly audit   'which-builtin-type': [ '1.2.1' ],
156 silly audit   'which-collection': [ '1.0.2' ],
156 silly audit   'which-typed-array': [ '1.1.20' ],
156 silly audit   'word-wrap': [ '1.2.5' ],
156 silly audit   wrappy: [ '1.0.2' ],
156 silly audit   'wsl-utils': [ '0.3.1' ],
156 silly audit   y18n: [ '5.0.8' ],
156 silly audit   yallist: [ '3.1.1' ],
156 silly audit   yargs: [ '17.7.2' ],
156 silly audit   'yargs-parser': [ '21.1.1' ],
156 silly audit   'yocto-queue': [ '0.1.0' ],
156 silly audit   yoctocolors: [ '2.1.2' ],
156 silly audit   'yoctocolors-cjs': [ '2.1.3' ],
156 silly audit   zeptomatch: [ '2.1.0' ],
156 silly audit   'zod-to-json-schema': [ '3.25.1' ],
156 silly audit   'zod-validation-error': [ '4.0.2' ],
156 silly audit   '@prisma/adapter-pg': [ '7.5.0' ],
156 silly audit   pg: [ '8.20.0' ],
156 silly audit   '@prisma/driver-adapter-utils': [ '7.5.0' ],
156 silly audit   '@types/pg': [ '8.11.11' ],
156 silly audit   'postgres-array': [ '3.0.4', '2.0.0' ],
156 silly audit   'pg-protocol': [ '1.13.0' ],
156 silly audit   'pg-types': [ '4.1.0', '2.2.0' ],
156 silly audit   'pg-cloudflare': [ '1.3.0' ],
156 silly audit   'pg-connection-string': [ '2.12.0' ],
156 silly audit   'pg-pool': [ '3.13.0' ],
156 silly audit   pgpass: [ '1.0.5' ],
156 silly audit   'pg-int8': [ '1.0.1' ],
156 silly audit   'pg-numeric': [ '1.0.2' ],
156 silly audit   'postgres-bytea': [ '3.0.0', '1.0.1' ],
156 silly audit   'postgres-date': [ '2.1.0', '1.0.7' ],
156 silly audit   'postgres-interval': [ '3.0.0', '1.2.0' ],
156 silly audit   'postgres-range': [ '1.1.4' ],
156 silly audit   split2: [ '4.2.0' ],
156 silly audit   obuf: [ '1.1.2' ],
156 silly audit   xtend: [ '4.0.2' ],
156 silly audit   '@tailwindcss/oxide-wasm32-wasi': [ '4.2.2' ]
156 silly audit }
157 verbose reify failed optional dependency /Users/drohysmergarciahermosa/Projects/social-hub/node_modules/lightningcss-win32-x64-msvc
158 silly reify mark deleted [
158 silly reify   '/Users/drohysmergarciahermosa/Projects/social-hub/node_modules/lightningcss-win32-x64-msvc'
158 silly reify ]
159 verbose reify failed optional dependency /Users/drohysmergarciahermosa/Projects/social-hub/node_modules/lightningcss-win32-arm64-msvc
160 silly reify mark deleted [
160 silly reify   '/Users/drohysmergarciahermosa/Projects/social-hub/node_modules/lightningcss-win32-arm64-msvc'
160 silly reify ]
161 verbose reify failed optional dependency /Users/drohysmergarciahermosa/Projects/social-hub/node_modules/lightningcss-linux-x64-musl
162 silly reify mark deleted [
162 silly reify   '/Users/drohysmergarciahermosa/Projects/social-hub/node_modules/lightningcss-linux-x64-musl'
162 silly reify ]
163 verbose reify failed optional dependency /Users/drohysmergarciahermosa/Projects/social-hub/node_modules/lightningcss-linux-x64-gnu
164 silly reify mark deleted [
164 silly reify   '/Users/drohysmergarciahermosa/Projects/social-hub/node_modules/lightningcss-linux-x64-gnu'
164 silly reify ]
165 verbose reify failed optional dependency /Users/drohysmergarciahermosa/Projects/social-hub/node_modules/lightningcss-linux-arm64-musl
166 silly reify mark deleted [
166 silly reify   '/Users/drohysmergarciahermosa/Projects/social-hub/node_modules/lightningcss-linux-arm64-musl'
166 silly reify ]
167 verbose reify failed optional dependency /Users/drohysmergarciahermosa/Projects/social-hub/node_modules/lightningcss-linux-arm64-gnu
168 silly reify mark deleted [
168 silly reify   '/Users/drohysmergarciahermosa/Projects/social-hub/node_modules/lightningcss-linux-arm64-gnu'
168 silly reify ]
169 verbose reify failed optional dependency /Users/drohysmergarciahermosa/Projects/social-hub/node_modules/lightningcss-linux-arm-gnueabihf
170 silly reify mark deleted [
170 silly reify   '/Users/drohysmergarciahermosa/Projects/social-hub/node_modules/lightningcss-linux-arm-gnueabihf'
170 silly reify ]
171 verbose reify failed optional dependency /Users/drohysmergarciahermosa/Projects/social-hub/node_modules/lightningcss-freebsd-x64
172 silly reify mark deleted [
172 silly reify   '/Users/drohysmergarciahermosa/Projects/social-hub/node_modules/lightningcss-freebsd-x64'
172 silly reify ]
173 verbose reify failed optional dependency /Users/drohysmergarciahermosa/Projects/social-hub/node_modules/lightningcss-darwin-x64
174 silly reify mark deleted [
174 silly reify   '/Users/drohysmergarciahermosa/Projects/social-hub/node_modules/lightningcss-darwin-x64'
174 silly reify ]
175 verbose reify failed optional dependency /Users/drohysmergarciahermosa/Projects/social-hub/node_modules/lightningcss-android-arm64
176 silly reify mark deleted [
176 silly reify   '/Users/drohysmergarciahermosa/Projects/social-hub/node_modules/lightningcss-android-arm64'
176 silly reify ]
177 verbose reify failed optional dependency /Users/drohysmergarciahermosa/Projects/social-hub/node_modules/@unrs/resolver-binding-win32-x64-msvc
178 silly reify mark deleted [
178 silly reify   '/Users/drohysmergarciahermosa/Projects/social-hub/node_modules/@unrs/resolver-binding-win32-x64-msvc'
178 silly reify ]
179 verbose reify failed optional dependency /Users/drohysmergarciahermosa/Projects/social-hub/node_modules/@unrs/resolver-binding-win32-ia32-msvc
180 silly reify mark deleted [
180 silly reify   '/Users/drohysmergarciahermosa/Projects/social-hub/node_modules/@unrs/resolver-binding-win32-ia32-msvc'
180 silly reify ]
181 verbose reify failed optional dependency /Users/drohysmergarciahermosa/Projects/social-hub/node_modules/@unrs/resolver-binding-win32-arm64-msvc
182 silly reify mark deleted [
182 silly reify   '/Users/drohysmergarciahermosa/Projects/social-hub/node_modules/@unrs/resolver-binding-win32-arm64-msvc'
182 silly reify ]
183 verbose reify failed optional dependency /Users/drohysmergarciahermosa/Projects/social-hub/node_modules/@unrs/resolver-binding-wasm32-wasi
184 silly reify mark deleted [
184 silly reify   '/Users/drohysmergarciahermosa/Projects/social-hub/node_modules/@unrs/resolver-binding-wasm32-wasi'
184 silly reify ]
185 verbose reify failed optional dependency /Users/drohysmergarciahermosa/Projects/social-hub/node_modules/@unrs/resolver-binding-linux-x64-musl
186 silly reify mark deleted [
186 silly reify   '/Users/drohysmergarciahermosa/Projects/social-hub/node_modules/@unrs/resolver-binding-linux-x64-musl'
186 silly reify ]
187 verbose reify failed optional dependency /Users/drohysmergarciahermosa/Projects/social-hub/node_modules/@unrs/resolver-binding-linux-x64-gnu
188 silly reify mark deleted [
188 silly reify   '/Users/drohysmergarciahermosa/Projects/social-hub/node_modules/@unrs/resolver-binding-linux-x64-gnu'
188 silly reify ]
189 verbose reify failed optional dependency /Users/drohysmergarciahermosa/Projects/social-hub/node_modules/@unrs/resolver-binding-linux-s390x-gnu
190 silly reify mark deleted [
190 silly reify   '/Users/drohysmergarciahermosa/Projects/social-hub/node_modules/@unrs/resolver-binding-linux-s390x-gnu'
190 silly reify ]
191 verbose reify failed optional dependency /Users/drohysmergarciahermosa/Projects/social-hub/node_modules/@unrs/resolver-binding-linux-riscv64-musl
192 silly reify mark deleted [
192 silly reify   '/Users/drohysmergarciahermosa/Projects/social-hub/node_modules/@unrs/resolver-binding-linux-riscv64-musl'
192 silly reify ]
193 verbose reify failed optional dependency /Users/drohysmergarciahermosa/Projects/social-hub/node_modules/@unrs/resolver-binding-linux-riscv64-gnu
194 silly reify mark deleted [
194 silly reify   '/Users/drohysmergarciahermosa/Projects/social-hub/node_modules/@unrs/resolver-binding-linux-riscv64-gnu'
194 silly reify ]
195 verbose reify failed optional dependency /Users/drohysmergarciahermosa/Projects/social-hub/node_modules/@unrs/resolver-binding-linux-ppc64-gnu
196 silly reify mark deleted [
196 silly reify   '/Users/drohysmergarciahermosa/Projects/social-hub/node_modules/@unrs/resolver-binding-linux-ppc64-gnu'
196 silly reify ]
197 verbose reify failed optional dependency /Users/drohysmergarciahermosa/Projects/social-hub/node_modules/@unrs/resolver-binding-linux-arm64-musl
198 silly reify mark deleted [
198 silly reify   '/Users/drohysmergarciahermosa/Projects/social-hub/node_modules/@unrs/resolver-binding-linux-arm64-musl'
198 silly reify ]
199 verbose reify failed optional dependency /Users/drohysmergarciahermosa/Projects/social-hub/node_modules/@unrs/resolver-binding-linux-arm64-gnu
200 silly reify mark deleted [
200 silly reify   '/Users/drohysmergarciahermosa/Projects/social-hub/node_modules/@unrs/resolver-binding-linux-arm64-gnu'
200 silly reify ]
201 verbose reify failed optional dependency /Users/drohysmergarciahermosa/Projects/social-hub/node_modules/@unrs/resolver-binding-linux-arm-musleabihf
202 silly reify mark deleted [
202 silly reify   '/Users/drohysmergarciahermosa/Projects/social-hub/node_modules/@unrs/resolver-binding-linux-arm-musleabihf'
202 silly reify ]
203 verbose reify failed optional dependency /Users/drohysmergarciahermosa/Projects/social-hub/node_modules/@unrs/resolver-binding-linux-arm-gnueabihf
204 silly reify mark deleted [
204 silly reify   '/Users/drohysmergarciahermosa/Projects/social-hub/node_modules/@unrs/resolver-binding-linux-arm-gnueabihf'
204 silly reify ]
205 verbose reify failed optional dependency /Users/drohysmergarciahermosa/Projects/social-hub/node_modules/@unrs/resolver-binding-freebsd-x64
206 silly reify mark deleted [
206 silly reify   '/Users/drohysmergarciahermosa/Projects/social-hub/node_modules/@unrs/resolver-binding-freebsd-x64'
206 silly reify ]
207 verbose reify failed optional dependency /Users/drohysmergarciahermosa/Projects/social-hub/node_modules/@unrs/resolver-binding-darwin-x64
208 silly reify mark deleted [
208 silly reify   '/Users/drohysmergarciahermosa/Projects/social-hub/node_modules/@unrs/resolver-binding-darwin-x64'
208 silly reify ]
209 verbose reify failed optional dependency /Users/drohysmergarciahermosa/Projects/social-hub/node_modules/@unrs/resolver-binding-android-arm64
210 silly reify mark deleted [
210 silly reify   '/Users/drohysmergarciahermosa/Projects/social-hub/node_modules/@unrs/resolver-binding-android-arm64'
210 silly reify ]
211 verbose reify failed optional dependency /Users/drohysmergarciahermosa/Projects/social-hub/node_modules/@unrs/resolver-binding-android-arm-eabi
212 silly reify mark deleted [
212 silly reify   '/Users/drohysmergarciahermosa/Projects/social-hub/node_modules/@unrs/resolver-binding-android-arm-eabi'
212 silly reify ]
213 verbose reify failed optional dependency /Users/drohysmergarciahermosa/Projects/social-hub/node_modules/@tailwindcss/oxide-win32-x64-msvc
214 silly reify mark deleted [
214 silly reify   '/Users/drohysmergarciahermosa/Projects/social-hub/node_modules/@tailwindcss/oxide-win32-x64-msvc'
214 silly reify ]
215 verbose reify failed optional dependency /Users/drohysmergarciahermosa/Projects/social-hub/node_modules/@tailwindcss/oxide-win32-arm64-msvc
216 silly reify mark deleted [
216 silly reify   '/Users/drohysmergarciahermosa/Projects/social-hub/node_modules/@tailwindcss/oxide-win32-arm64-msvc'
216 silly reify ]
217 verbose reify failed optional dependency /Users/drohysmergarciahermosa/Projects/social-hub/node_modules/@tailwindcss/oxide-linux-x64-musl
218 silly reify mark deleted [
218 silly reify   '/Users/drohysmergarciahermosa/Projects/social-hub/node_modules/@tailwindcss/oxide-linux-x64-musl'
218 silly reify ]
219 verbose reify failed optional dependency /Users/drohysmergarciahermosa/Projects/social-hub/node_modules/@tailwindcss/oxide-linux-x64-gnu
220 silly reify mark deleted [
220 silly reify   '/Users/drohysmergarciahermosa/Projects/social-hub/node_modules/@tailwindcss/oxide-linux-x64-gnu'
220 silly reify ]
221 verbose reify failed optional dependency /Users/drohysmergarciahermosa/Projects/social-hub/node_modules/@tailwindcss/oxide-linux-arm64-musl
222 silly reify mark deleted [
222 silly reify   '/Users/drohysmergarciahermosa/Projects/social-hub/node_modules/@tailwindcss/oxide-linux-arm64-musl'
222 silly reify ]
223 verbose reify failed optional dependency /Users/drohysmergarciahermosa/Projects/social-hub/node_modules/@tailwindcss/oxide-linux-arm64-gnu
224 silly reify mark deleted [
224 silly reify   '/Users/drohysmergarciahermosa/Projects/social-hub/node_modules/@tailwindcss/oxide-linux-arm64-gnu'
224 silly reify ]
225 verbose reify failed optional dependency /Users/drohysmergarciahermosa/Projects/social-hub/node_modules/@tailwindcss/oxide-linux-arm-gnueabihf
226 silly reify mark deleted [
226 silly reify   '/Users/drohysmergarciahermosa/Projects/social-hub/node_modules/@tailwindcss/oxide-linux-arm-gnueabihf'
226 silly reify ]
227 verbose reify failed optional dependency /Users/drohysmergarciahermosa/Projects/social-hub/node_modules/@tailwindcss/oxide-freebsd-x64
228 silly reify mark deleted [
228 silly reify   '/Users/drohysmergarciahermosa/Projects/social-hub/node_modules/@tailwindcss/oxide-freebsd-x64'
228 silly reify ]
229 verbose reify failed optional dependency /Users/drohysmergarciahermosa/Projects/social-hub/node_modules/@tailwindcss/oxide-darwin-x64
230 silly reify mark deleted [
230 silly reify   '/Users/drohysmergarciahermosa/Projects/social-hub/node_modules/@tailwindcss/oxide-darwin-x64'
230 silly reify ]
231 verbose reify failed optional dependency /Users/drohysmergarciahermosa/Projects/social-hub/node_modules/@tailwindcss/oxide-android-arm64
232 silly reify mark deleted [
232 silly reify   '/Users/drohysmergarciahermosa/Projects/social-hub/node_modules/@tailwindcss/oxide-android-arm64'
232 silly reify ]
233 verbose reify failed optional dependency /Users/drohysmergarciahermosa/Projects/social-hub/node_modules/@next/swc-win32-x64-msvc
234 silly reify mark deleted [
234 silly reify   '/Users/drohysmergarciahermosa/Projects/social-hub/node_modules/@next/swc-win32-x64-msvc'
234 silly reify ]
235 verbose reify failed optional dependency /Users/drohysmergarciahermosa/Projects/social-hub/node_modules/@next/swc-win32-arm64-msvc
236 silly reify mark deleted [
236 silly reify   '/Users/drohysmergarciahermosa/Projects/social-hub/node_modules/@next/swc-win32-arm64-msvc'
236 silly reify ]
237 verbose reify failed optional dependency /Users/drohysmergarciahermosa/Projects/social-hub/node_modules/@next/swc-linux-x64-musl
238 silly reify mark deleted [
238 silly reify   '/Users/drohysmergarciahermosa/Projects/social-hub/node_modules/@next/swc-linux-x64-musl'
238 silly reify ]
239 verbose reify failed optional dependency /Users/drohysmergarciahermosa/Projects/social-hub/node_modules/@next/swc-linux-x64-gnu
240 silly reify mark deleted [
240 silly reify   '/Users/drohysmergarciahermosa/Projects/social-hub/node_modules/@next/swc-linux-x64-gnu'
240 silly reify ]
241 verbose reify failed optional dependency /Users/drohysmergarciahermosa/Projects/social-hub/node_modules/@next/swc-linux-arm64-musl
242 silly reify mark deleted [
242 silly reify   '/Users/drohysmergarciahermosa/Projects/social-hub/node_modules/@next/swc-linux-arm64-musl'
242 silly reify ]
243 verbose reify failed optional dependency /Users/drohysmergarciahermosa/Projects/social-hub/node_modules/@next/swc-linux-arm64-gnu
244 silly reify mark deleted [
244 silly reify   '/Users/drohysmergarciahermosa/Projects/social-hub/node_modules/@next/swc-linux-arm64-gnu'
244 silly reify ]
245 verbose reify failed optional dependency /Users/drohysmergarciahermosa/Projects/social-hub/node_modules/@next/swc-darwin-x64
246 silly reify mark deleted [
246 silly reify   '/Users/drohysmergarciahermosa/Projects/social-hub/node_modules/@next/swc-darwin-x64'
246 silly reify ]
247 verbose reify failed optional dependency /Users/drohysmergarciahermosa/Projects/social-hub/node_modules/@img/sharp-win32-x64
248 silly reify mark deleted [
248 silly reify   '/Users/drohysmergarciahermosa/Projects/social-hub/node_modules/@img/sharp-win32-x64'
248 silly reify ]
249 verbose reify failed optional dependency /Users/drohysmergarciahermosa/Projects/social-hub/node_modules/@img/sharp-win32-ia32
250 silly reify mark deleted [
250 silly reify   '/Users/drohysmergarciahermosa/Projects/social-hub/node_modules/@img/sharp-win32-ia32'
250 silly reify ]
251 verbose reify failed optional dependency /Users/drohysmergarciahermosa/Projects/social-hub/node_modules/@img/sharp-win32-arm64
252 silly reify mark deleted [
252 silly reify   '/Users/drohysmergarciahermosa/Projects/social-hub/node_modules/@img/sharp-win32-arm64'
252 silly reify ]
253 verbose reify failed optional dependency /Users/drohysmergarciahermosa/Projects/social-hub/node_modules/@img/sharp-wasm32
254 silly reify mark deleted [
254 silly reify   '/Users/drohysmergarciahermosa/Projects/social-hub/node_modules/@img/sharp-wasm32'
254 silly reify ]
255 verbose reify failed optional dependency /Users/drohysmergarciahermosa/Projects/social-hub/node_modules/@img/sharp-linuxmusl-x64
256 silly reify mark deleted [
256 silly reify   '/Users/drohysmergarciahermosa/Projects/social-hub/node_modules/@img/sharp-linuxmusl-x64'
256 silly reify ]
257 verbose reify failed optional dependency /Users/drohysmergarciahermosa/Projects/social-hub/node_modules/@img/sharp-linuxmusl-arm64
258 silly reify mark deleted [
258 silly reify   '/Users/drohysmergarciahermosa/Projects/social-hub/node_modules/@img/sharp-linuxmusl-arm64'
258 silly reify ]
259 verbose reify failed optional dependency /Users/drohysmergarciahermosa/Projects/social-hub/node_modules/@img/sharp-linux-x64
260 silly reify mark deleted [
260 silly reify   '/Users/drohysmergarciahermosa/Projects/social-hub/node_modules/@img/sharp-linux-x64'
260 silly reify ]
261 verbose reify failed optional dependency /Users/drohysmergarciahermosa/Projects/social-hub/node_modules/@img/sharp-linux-s390x
262 silly reify mark deleted [
262 silly reify   '/Users/drohysmergarciahermosa/Projects/social-hub/node_modules/@img/sharp-linux-s390x'
262 silly reify ]
263 verbose reify failed optional dependency /Users/drohysmergarciahermosa/Projects/social-hub/node_modules/@img/sharp-linux-riscv64
264 silly reify mark deleted [
264 silly reify   '/Users/drohysmergarciahermosa/Projects/social-hub/node_modules/@img/sharp-linux-riscv64'
264 silly reify ]
265 verbose reify failed optional dependency /Users/drohysmergarciahermosa/Projects/social-hub/node_modules/@img/sharp-linux-ppc64
266 silly reify mark deleted [
266 silly reify   '/Users/drohysmergarciahermosa/Projects/social-hub/node_modules/@img/sharp-linux-ppc64'
266 silly reify ]
267 verbose reify failed optional dependency /Users/drohysmergarciahermosa/Projects/social-hub/node_modules/@img/sharp-linux-arm64
268 silly reify mark deleted [
268 silly reify   '/Users/drohysmergarciahermosa/Projects/social-hub/node_modules/@img/sharp-linux-arm64'
268 silly reify ]
269 verbose reify failed optional dependency /Users/drohysmergarciahermosa/Projects/social-hub/node_modules/@img/sharp-linux-arm
270 silly reify mark deleted [
270 silly reify   '/Users/drohysmergarciahermosa/Projects/social-hub/node_modules/@img/sharp-linux-arm'
270 silly reify ]
271 verbose reify failed optional dependency /Users/drohysmergarciahermosa/Projects/social-hub/node_modules/@img/sharp-libvips-linuxmusl-x64
272 silly reify mark deleted [
272 silly reify   '/Users/drohysmergarciahermosa/Projects/social-hub/node_modules/@img/sharp-libvips-linuxmusl-x64'
272 silly reify ]
273 verbose reify failed optional dependency /Users/drohysmergarciahermosa/Projects/social-hub/node_modules/@img/sharp-libvips-linuxmusl-arm64
274 silly reify mark deleted [
274 silly reify   '/Users/drohysmergarciahermosa/Projects/social-hub/node_modules/@img/sharp-libvips-linuxmusl-arm64'
274 silly reify ]
275 verbose reify failed optional dependency /Users/drohysmergarciahermosa/Projects/social-hub/node_modules/@img/sharp-libvips-linux-x64
276 silly reify mark deleted [
276 silly reify   '/Users/drohysmergarciahermosa/Projects/social-hub/node_modules/@img/sharp-libvips-linux-x64'
276 silly reify ]
277 verbose reify failed optional dependency /Users/drohysmergarciahermosa/Projects/social-hub/node_modules/@img/sharp-libvips-linux-s390x
278 silly reify mark deleted [
278 silly reify   '/Users/drohysmergarciahermosa/Projects/social-hub/node_modules/@img/sharp-libvips-linux-s390x'
278 silly reify ]
279 verbose reify failed optional dependency /Users/drohysmergarciahermosa/Projects/social-hub/node_modules/@img/sharp-libvips-linux-riscv64
280 silly reify mark deleted [
280 silly reify   '/Users/drohysmergarciahermosa/Projects/social-hub/node_modules/@img/sharp-libvips-linux-riscv64'
280 silly reify ]
281 verbose reify failed optional dependency /Users/drohysmergarciahermosa/Projects/social-hub/node_modules/@img/sharp-libvips-linux-ppc64
282 silly reify mark deleted [
282 silly reify   '/Users/drohysmergarciahermosa/Projects/social-hub/node_modules/@img/sharp-libvips-linux-ppc64'
282 silly reify ]
283 verbose reify failed optional dependency /Users/drohysmergarciahermosa/Projects/social-hub/node_modules/@img/sharp-libvips-linux-arm64
284 silly reify mark deleted [
284 silly reify   '/Users/drohysmergarciahermosa/Projects/social-hub/node_modules/@img/sharp-libvips-linux-arm64'
284 silly reify ]
285 verbose reify failed optional dependency /Users/drohysmergarciahermosa/Projects/social-hub/node_modules/@img/sharp-libvips-linux-arm
286 silly reify mark deleted [
286 silly reify   '/Users/drohysmergarciahermosa/Projects/social-hub/node_modules/@img/sharp-libvips-linux-arm'
286 silly reify ]
287 verbose reify failed optional dependency /Users/drohysmergarciahermosa/Projects/social-hub/node_modules/@img/sharp-libvips-darwin-x64
288 silly reify mark deleted [
288 silly reify   '/Users/drohysmergarciahermosa/Projects/social-hub/node_modules/@img/sharp-libvips-darwin-x64'
288 silly reify ]
289 verbose reify failed optional dependency /Users/drohysmergarciahermosa/Projects/social-hub/node_modules/@img/sharp-darwin-x64
290 silly reify mark deleted [
290 silly reify   '/Users/drohysmergarciahermosa/Projects/social-hub/node_modules/@img/sharp-darwin-x64'
290 silly reify ]
291 http cache obuf@https://registry.npmjs.org/obuf/-/obuf-1.1.2.tgz 0ms (cache hit)
292 http cache xtend@https://registry.npmjs.org/xtend/-/xtend-4.0.2.tgz 0ms (cache hit)
293 http cache postgres-interval@https://registry.npmjs.org/postgres-interval/-/postgres-interval-3.0.0.tgz 0ms (cache hit)
294 http cache split2@https://registry.npmjs.org/split2/-/split2-4.2.0.tgz 0ms (cache hit)
295 http cache postgres-date@https://registry.npmjs.org/postgres-date/-/postgres-date-2.1.0.tgz 0ms (cache hit)
296 http cache postgres-range@https://registry.npmjs.org/postgres-range/-/postgres-range-1.1.4.tgz 0ms (cache hit)
297 http cache postgres-bytea@https://registry.npmjs.org/postgres-bytea/-/postgres-bytea-3.0.0.tgz 0ms (cache hit)
298 http cache pg-numeric@https://registry.npmjs.org/pg-numeric/-/pg-numeric-1.0.2.tgz 0ms (cache hit)
299 http cache pg-connection-string@https://registry.npmjs.org/pg-connection-string/-/pg-connection-string-2.12.0.tgz 0ms (cache hit)
300 http cache pg-int8@https://registry.npmjs.org/pg-int8/-/pg-int8-1.0.1.tgz 0ms (cache hit)
301 http cache pgpass@https://registry.npmjs.org/pgpass/-/pgpass-1.0.5.tgz 0ms (cache hit)
302 http cache pg-types@https://registry.npmjs.org/pg-types/-/pg-types-4.1.0.tgz 0ms (cache hit)
303 http cache pg-cloudflare@https://registry.npmjs.org/pg-cloudflare/-/pg-cloudflare-1.3.0.tgz 0ms (cache hit)
304 http cache @types/pg@https://registry.npmjs.org/@types/pg/-/pg-8.11.11.tgz 0ms (cache hit)
305 http cache postgres-array@https://registry.npmjs.org/postgres-array/-/postgres-array-3.0.4.tgz 0ms (cache hit)
306 http cache pg-pool@https://registry.npmjs.org/pg-pool/-/pg-pool-3.13.0.tgz 0ms (cache hit)
307 http cache @prisma/adapter-pg@https://registry.npmjs.org/@prisma/adapter-pg/-/adapter-pg-7.5.0.tgz 0ms (cache hit)
308 http cache @prisma/driver-adapter-utils@https://registry.npmjs.org/@prisma/driver-adapter-utils/-/driver-adapter-utils-7.5.0.tgz 0ms (cache hit)
309 http cache pg-protocol@https://registry.npmjs.org/pg-protocol/-/pg-protocol-1.13.0.tgz 0ms (cache hit)
310 http cache pg@https://registry.npmjs.org/pg/-/pg-8.20.0.tgz 0ms (cache hit)
311 http cache postgres-interval@https://registry.npmjs.org/postgres-interval/-/postgres-interval-1.2.0.tgz 0ms (cache hit)
312 http cache postgres-bytea@https://registry.npmjs.org/postgres-bytea/-/postgres-bytea-1.0.1.tgz 0ms (cache hit)
313 http cache postgres-date@https://registry.npmjs.org/postgres-date/-/postgres-date-1.0.7.tgz 0ms (cache hit)
314 http cache pg-types@https://registry.npmjs.org/pg-types/-/pg-types-2.2.0.tgz 0ms (cache hit)
315 silly tarball no local data for obuf@https://registry.npmjs.org/obuf/-/obuf-1.1.2.tgz. Extracting by manifest.
316 silly tarball no local data for xtend@https://registry.npmjs.org/xtend/-/xtend-4.0.2.tgz. Extracting by manifest.
317 silly tarball no local data for postgres-interval@https://registry.npmjs.org/postgres-interval/-/postgres-interval-3.0.0.tgz. Extracting by manifest.
318 silly tarball no local data for split2@https://registry.npmjs.org/split2/-/split2-4.2.0.tgz. Extracting by manifest.
319 http cache postgres-array@https://registry.npmjs.org/postgres-array/-/postgres-array-2.0.0.tgz 0ms (cache hit)
320 silly tarball no local data for postgres-date@https://registry.npmjs.org/postgres-date/-/postgres-date-2.1.0.tgz. Extracting by manifest.
321 silly tarball no local data for postgres-range@https://registry.npmjs.org/postgres-range/-/postgres-range-1.1.4.tgz. Extracting by manifest.
322 silly tarball no local data for postgres-bytea@https://registry.npmjs.org/postgres-bytea/-/postgres-bytea-3.0.0.tgz. Extracting by manifest.
323 silly tarball no local data for pg-numeric@https://registry.npmjs.org/pg-numeric/-/pg-numeric-1.0.2.tgz. Extracting by manifest.
324 silly tarball no local data for pg-connection-string@https://registry.npmjs.org/pg-connection-string/-/pg-connection-string-2.12.0.tgz. Extracting by manifest.
325 silly tarball no local data for pg-int8@https://registry.npmjs.org/pg-int8/-/pg-int8-1.0.1.tgz. Extracting by manifest.
326 silly tarball no local data for pgpass@https://registry.npmjs.org/pgpass/-/pgpass-1.0.5.tgz. Extracting by manifest.
327 silly tarball no local data for pg-types@https://registry.npmjs.org/pg-types/-/pg-types-4.1.0.tgz. Extracting by manifest.
328 silly tarball no local data for pg-cloudflare@https://registry.npmjs.org/pg-cloudflare/-/pg-cloudflare-1.3.0.tgz. Extracting by manifest.
329 silly tarball no local data for @types/pg@https://registry.npmjs.org/@types/pg/-/pg-8.11.11.tgz. Extracting by manifest.
330 silly tarball no local data for postgres-array@https://registry.npmjs.org/postgres-array/-/postgres-array-3.0.4.tgz. Extracting by manifest.
331 silly tarball no local data for pg-pool@https://registry.npmjs.org/pg-pool/-/pg-pool-3.13.0.tgz. Extracting by manifest.
332 silly tarball no local data for @prisma/adapter-pg@https://registry.npmjs.org/@prisma/adapter-pg/-/adapter-pg-7.5.0.tgz. Extracting by manifest.
333 silly tarball no local data for @prisma/driver-adapter-utils@https://registry.npmjs.org/@prisma/driver-adapter-utils/-/driver-adapter-utils-7.5.0.tgz. Extracting by manifest.
334 silly tarball no local data for pg-protocol@https://registry.npmjs.org/pg-protocol/-/pg-protocol-1.13.0.tgz. Extracting by manifest.
335 silly tarball no local data for pg@https://registry.npmjs.org/pg/-/pg-8.20.0.tgz. Extracting by manifest.
336 silly tarball no local data for postgres-interval@https://registry.npmjs.org/postgres-interval/-/postgres-interval-1.2.0.tgz. Extracting by manifest.
337 silly tarball no local data for postgres-bytea@https://registry.npmjs.org/postgres-bytea/-/postgres-bytea-1.0.1.tgz. Extracting by manifest.
338 silly tarball no local data for postgres-date@https://registry.npmjs.org/postgres-date/-/postgres-date-1.0.7.tgz. Extracting by manifest.
339 silly tarball no local data for pg-types@https://registry.npmjs.org/pg-types/-/pg-types-2.2.0.tgz. Extracting by manifest.
340 silly tarball no local data for postgres-array@https://registry.npmjs.org/postgres-array/-/postgres-array-2.0.0.tgz. Extracting by manifest.
341 http fetch GET 200 https://registry.npmjs.org/pg-numeric/-/pg-numeric-1.0.2.tgz 42ms (cache miss)
342 http fetch GET 200 https://registry.npmjs.org/postgres-interval/-/postgres-interval-3.0.0.tgz 42ms (cache miss)
343 http fetch GET 200 https://registry.npmjs.org/xtend/-/xtend-4.0.2.tgz 95ms (cache miss)
344 http fetch GET 200 https://registry.npmjs.org/postgres-date/-/postgres-date-2.1.0.tgz 94ms (cache miss)
345 http fetch GET 200 https://registry.npmjs.org/pg-pool/-/pg-pool-3.13.0.tgz 93ms (cache miss)
346 http fetch GET 200 https://registry.npmjs.org/postgres-range/-/postgres-range-1.1.4.tgz 94ms (cache miss)
347 http fetch GET 200 https://registry.npmjs.org/postgres-bytea/-/postgres-bytea-3.0.0.tgz 95ms (cache miss)
348 http fetch GET 200 https://registry.npmjs.org/postgres-array/-/postgres-array-3.0.4.tgz 94ms (cache miss)
349 http fetch GET 200 https://registry.npmjs.org/split2/-/split2-4.2.0.tgz 95ms (cache miss)
350 http fetch GET 200 https://registry.npmjs.org/obuf/-/obuf-1.1.2.tgz 96ms (cache miss)
351 http fetch GET 200 https://registry.npmjs.org/pg-protocol/-/pg-protocol-1.13.0.tgz 117ms (cache miss)
352 http fetch GET 200 https://registry.npmjs.org/pg/-/pg-8.20.0.tgz 120ms (cache miss)
353 http fetch GET 200 https://registry.npmjs.org/postgres-date/-/postgres-date-1.0.7.tgz 125ms (cache miss)
354 http fetch GET 200 https://registry.npmjs.org/postgres-interval/-/postgres-interval-1.2.0.tgz 125ms (cache miss)
355 http fetch GET 200 https://registry.npmjs.org/pg-int8/-/pg-int8-1.0.1.tgz 126ms (cache miss)
356 http fetch GET 200 https://registry.npmjs.org/@prisma/driver-adapter-utils/-/driver-adapter-utils-7.5.0.tgz 125ms (cache miss)
357 http fetch GET 200 https://registry.npmjs.org/@prisma/adapter-pg/-/adapter-pg-7.5.0.tgz 126ms (cache miss)
358 http fetch GET 200 https://registry.npmjs.org/postgres-bytea/-/postgres-bytea-1.0.1.tgz 131ms (cache miss)
359 http fetch GET 200 https://registry.npmjs.org/pgpass/-/pgpass-1.0.5.tgz 133ms (cache miss)
360 http fetch GET 200 https://registry.npmjs.org/pg-types/-/pg-types-2.2.0.tgz 133ms (cache miss)
361 http fetch GET 200 https://registry.npmjs.org/pg-connection-string/-/pg-connection-string-2.12.0.tgz 143ms (cache miss)
362 http fetch GET 200 https://registry.npmjs.org/pg-types/-/pg-types-4.1.0.tgz 143ms (cache miss)
363 http fetch GET 200 https://registry.npmjs.org/@types/pg/-/pg-8.11.11.tgz 143ms (cache miss)
364 http fetch GET 200 https://registry.npmjs.org/pg-cloudflare/-/pg-cloudflare-1.3.0.tgz 144ms (cache miss)
365 http fetch GET 200 https://registry.npmjs.org/postgres-array/-/postgres-array-2.0.0.tgz 150ms (cache miss)
366 http fetch POST 200 https://registry.npmjs.org/-/npm/v1/security/advisories/bulk 219ms
367 silly audit report {
367 silly audit report   '@hono/node-server': [
367 silly audit report     {
367 silly audit report       id: 1114170,
367 silly audit report       url: 'https://github.com/advisories/GHSA-wc8c-qw6v-h7f6',
367 silly audit report       title: '@hono/node-server has authorization bypass for protected static paths via encoded slashes in Serve Static Middleware',
367 silly audit report       severity: 'high',
367 silly audit report       vulnerable_versions: '<1.19.10',
367 silly audit report       cwe: [Array],
367 silly audit report       cvss: [Object]
367 silly audit report     }
367 silly audit report   ],
367 silly audit report   effect: [
367 silly audit report     {
367 silly audit report       id: 1115128,
367 silly audit report       url: 'https://github.com/advisories/GHSA-38f7-945m-qr2g',
367 silly audit report       title: 'Effect `AsyncLocalStorage` context lost/contaminated inside Effect fibers under concurrent load with RPC',
367 silly audit report       severity: 'high',
367 silly audit report       vulnerable_versions: '<3.20.0',
367 silly audit report       cwe: [Array],
367 silly audit report       cvss: [Object]
367 silly audit report     }
367 silly audit report   ],
367 silly audit report   hono: [
367 silly audit report     {
367 silly audit report       id: 1112644,
367 silly audit report       url: 'https://github.com/advisories/GHSA-9r54-q6cx-xmh5',
367 silly audit report       title: 'Hono vulnerable to XSS through ErrorBoundary component ',
367 silly audit report       severity: 'moderate',
367 silly audit report       vulnerable_versions: '<4.11.7',
367 silly audit report       cwe: [Array],
367 silly audit report       cvss: [Object]
367 silly audit report     },
367 silly audit report     {
367 silly audit report       id: 1112677,
367 silly audit report       url: 'https://github.com/advisories/GHSA-6wqw-2p9w-4vw4',
367 silly audit report       title: 'Hono cache middleware ignores "Cache-Control: private" leading to Web Cache Deception',
367 silly audit report       severity: 'moderate',
367 silly audit report       vulnerable_versions: '<4.11.7',
367 silly audit report       cwe: [Array],
367 silly audit report       cvss: [Object]
367 silly audit report     },
367 silly audit report     {
367 silly audit report       id: 1112678,
367 silly audit report       url: 'https://github.com/advisories/GHSA-r354-f388-2fhh',
367 silly audit report       title: 'Hono IPv4 address validation bypass in IP Restriction Middleware allows IP spoofing',
367 silly audit report       severity: 'moderate',
367 silly audit report       vulnerable_versions: '<4.11.7',
367 silly audit report       cwe: [Array],
367 silly audit report       cvss: [Object]
367 silly audit report     },
367 silly audit report     {
367 silly audit report       id: 1112911,
367 silly audit report       url: 'https://github.com/advisories/GHSA-w332-q679-j88p',
367 silly audit report       title: 'Hono has an Arbitrary Key Read in Serve static Middleware (Cloudflare Workers Adapter)',
367 silly audit report       severity: 'moderate',
367 silly audit report       vulnerable_versions: '<4.11.7',
367 silly audit report       cwe: [Array],
367 silly audit report       cvss: [Object]
367 silly audit report     },
367 silly audit report     {
367 silly audit report       id: 1113311,
367 silly audit report       url: 'https://github.com/advisories/GHSA-gq3j-xvxp-8hrf',
367 silly audit report       title: 'Hono added timing comparison hardening in basicAuth and bearerAuth',
367 silly audit report       severity: 'low',
367 silly audit report       vulnerable_versions: '<4.11.10',
367 silly audit report       cwe: [Array],
367 silly audit report       cvss: [Object]
367 silly audit report     },
367 silly audit report     {
367 silly audit report       id: 1114004,
367 silly audit report       url: 'https://github.com/advisories/GHSA-5pq2-9x2x-5p6w',
367 silly audit report       title: 'Hono Vulnerable to Cookie Attribute Injection via Unsanitized domain and path in setCookie()',
367 silly audit report       severity: 'moderate',
367 silly audit report       vulnerable_versions: '<4.12.4',
367 silly audit report       cwe: [Array],
367 silly audit report       cvss: [Object]
367 silly audit report     },
367 silly audit report     {
367 silly audit report       id: 1114005,
367 silly audit report       url: 'https://github.com/advisories/GHSA-p6xx-57qc-3wxr',
367 silly audit report       title: 'Hono Vulnerable to SSE Control Field Injection via CR/LF in writeSSE()',
367 silly audit report       severity: 'moderate',
367 silly audit report       vulnerable_versions: '<4.12.4',
367 silly audit report       cwe: [Array],
367 silly audit report       cvss: [Object]
367 silly audit report     },
367 silly audit report     {
367 silly audit report       id: 1114006,
367 silly audit report       url: 'https://github.com/advisories/GHSA-q5qw-h33p-qvwr',
367 silly audit report       title: 'Hono vulnerable to arbitrary file access via serveStatic vulnerability ',
367 silly audit report       severity: 'high',
367 silly audit report       vulnerable_versions: '<4.12.4',
367 silly audit report       cwe: [Array],
367 silly audit report       cvss: [Object]
367 silly audit report     },
367 silly audit report     {
367 silly audit report       id: 1114341,
367 silly audit report       url: 'https://github.com/advisories/GHSA-v8w9-8mx6-g223',
367 silly audit report       title: 'Hono vulnerable to Prototype Pollution possible through __proto__ key allowed in parseBody({ dot: true })',
367 silly audit report       severity: 'moderate',
367 silly audit report       vulnerable_versions: '<4.12.7',
367 silly audit report       cwe: [Array],
367 silly audit report       cvss: [Object]
367 silly audit report     }
367 silly audit report   ],
367 silly audit report   lodash: [
367 silly audit report     {
367 silly audit report       id: 1112455,
367 silly audit report       url: 'https://github.com/advisories/GHSA-xxjr-mmjv-4gpg',
367 silly audit report       title: 'Lodash has Prototype Pollution Vulnerability in `_.unset` and `_.omit` functions',
367 silly audit report       severity: 'moderate',
367 silly audit report       vulnerable_versions: '>=4.0.0 <=4.17.22',
367 silly audit report       cwe: [Array],
367 silly audit report       cvss: [Object]
367 silly audit report     }
367 silly audit report   ]
367 silly audit report }
368 silly packumentCache corgi:https://registry.npmjs.org/@hono%2fnode-server cache-miss
369 silly packumentCache corgi:https://registry.npmjs.org/effect cache-miss
370 silly packumentCache corgi:https://registry.npmjs.org/hono cache-miss
371 silly packumentCache corgi:https://registry.npmjs.org/lodash cache-miss
372 http fetch GET 200 https://registry.npmjs.org/lodash 62ms (cache revalidated)
373 silly packumentCache corgi:https://registry.npmjs.org/lodash set size:68481 disposed:false
374 http fetch GET 200 https://registry.npmjs.org/hono 64ms (cache revalidated)
375 silly packumentCache corgi:https://registry.npmjs.org/hono set size:680738 disposed:false
376 http fetch GET 200 https://registry.npmjs.org/effect 72ms (cache revalidated)
377 silly packumentCache corgi:https://registry.npmjs.org/effect set size:316015 disposed:false
378 http fetch GET 200 https://registry.npmjs.org/@hono%2fnode-server 75ms (cache revalidated)
379 silly packumentCache corgi:https://registry.npmjs.org/@hono%2fnode-server set size:82566 disposed:false
380 silly packumentCache corgi:https://registry.npmjs.org/@modelcontextprotocol%2fsdk cache-miss
381 silly packumentCache corgi:https://registry.npmjs.org/@prisma%2fdev cache-miss
382 http cache https://registry.npmjs.org/@modelcontextprotocol%2fsdk 2ms (cache hit)
383 silly packumentCache corgi:https://registry.npmjs.org/@modelcontextprotocol%2fsdk set size:111890 disposed:false
384 http fetch GET 200 https://registry.npmjs.org/@prisma%2fdev 40ms (cache revalidated)
385 silly packumentCache corgi:https://registry.npmjs.org/@prisma%2fdev set size:950341 disposed:false
386 silly packumentCache corgi:https://registry.npmjs.org/@prisma%2fconfig cache-miss
387 http fetch GET 200 https://registry.npmjs.org/@prisma%2fconfig 41ms (cache revalidated)
388 silly packumentCache corgi:https://registry.npmjs.org/@prisma%2fconfig set size:1364570 disposed:false
389 silly packumentCache corgi:https://registry.npmjs.org/@chevrotain%2fcst-dts-gen cache-miss
390 silly packumentCache corgi:https://registry.npmjs.org/@chevrotain%2fgast cache-miss
391 silly packumentCache corgi:https://registry.npmjs.org/chevrotain cache-miss
392 http fetch GET 200 https://registry.npmjs.org/chevrotain 30ms (cache revalidated)
393 silly packumentCache corgi:https://registry.npmjs.org/chevrotain set size:274286 disposed:false
394 http fetch GET 200 https://registry.npmjs.org/@chevrotain%2fgast 43ms (cache revalidated)
395 silly packumentCache corgi:https://registry.npmjs.org/@chevrotain%2fgast set size:20755 disposed:false
396 http fetch GET 200 https://registry.npmjs.org/@chevrotain%2fcst-dts-gen 70ms (cache revalidated)
397 silly packumentCache corgi:https://registry.npmjs.org/@chevrotain%2fcst-dts-gen set size:24893 disposed:false
398 silly packumentCache corgi:https://registry.npmjs.org/prisma cache-miss
399 http fetch GET 200 https://registry.npmjs.org/prisma 40ms (cache revalidated)
400 silly packumentCache corgi:https://registry.npmjs.org/prisma set size:22619498 disposed:false
401 silly packumentCache corgi:https://registry.npmjs.org/@mrleebo%2fprisma-ast cache-miss
402 http fetch GET 200 https://registry.npmjs.org/@mrleebo%2fprisma-ast 43ms (cache revalidated)
403 silly packumentCache corgi:https://registry.npmjs.org/@mrleebo%2fprisma-ast set size:48284 disposed:false
404 silly packumentCache corgi:https://registry.npmjs.org/@prisma%2fclient cache-miss
405 http fetch GET 200 https://registry.npmjs.org/@prisma%2fclient 161ms (cache revalidated)
406 silly packumentCache corgi:https://registry.npmjs.org/@prisma%2fclient set size:37508953 disposed:false
407 silly ADD node_modules/xtend
408 silly ADD node_modules/obuf
409 silly ADD node_modules/split2
410 silly ADD node_modules/postgres-range
411 silly ADD node_modules/postgres-interval
412 silly ADD node_modules/postgres-date
413 silly ADD node_modules/postgres-bytea
414 silly ADD node_modules/pg-numeric
415 silly ADD node_modules/pg-int8
416 silly ADD node_modules/pgpass
417 silly ADD node_modules/pg-pool
418 silly ADD node_modules/pg-connection-string
419 silly ADD node_modules/pg-cloudflare
420 silly ADD node_modules/pg-types
421 silly ADD node_modules/pg-protocol
422 silly ADD node_modules/postgres-array
423 silly ADD node_modules/@types/pg
424 silly ADD node_modules/@prisma/driver-adapter-utils
425 silly ADD node_modules/pg
426 silly ADD node_modules/pg/node_modules/postgres-interval
427 silly ADD node_modules/pg/node_modules/postgres-date
428 silly ADD node_modules/pg/node_modules/postgres-bytea
429 silly ADD node_modules/pg/node_modules/postgres-array
430 silly ADD node_modules/pg/node_modules/pg-types
431 silly ADD node_modules/@prisma/adapter-pg
432 silly ADD
433 silly ADD
434 silly ADD
435 silly ADD
436 silly ADD
437 silly ADD
438 silly ADD
439 silly ADD
440 silly ADD
441 silly ADD
442 silly ADD
443 silly ADD
444 silly ADD
445 silly ADD
446 silly ADD
447 silly ADD
448 silly ADD
449 silly ADD
450 silly ADD
451 silly ADD
452 silly ADD
453 silly ADD
454 silly ADD
455 silly ADD
456 silly ADD
457 silly ADD
458 silly ADD
459 silly ADD
460 silly ADD
461 silly ADD
462 silly ADD
463 silly ADD
464 silly ADD
465 silly ADD
466 silly ADD
467 silly ADD
468 silly ADD
469 silly ADD
470 silly ADD
471 silly ADD
472 silly ADD
473 silly ADD
474 silly ADD
475 silly ADD
476 silly ADD
477 silly ADD
478 silly ADD
479 silly ADD
480 silly ADD
481 silly ADD
482 silly ADD
483 silly ADD
484 silly ADD
485 silly ADD
486 silly ADD
487 silly ADD
488 silly ADD
489 silly ADD
490 silly ADD
491 silly ADD
492 silly ADD
493 silly ADD
494 silly ADD
495 silly ADD
496 silly ADD
497 silly ADD
498 silly ADD
499 silly ADD
500 verbose cwd /Users/drohysmergarciahermosa/Projects/social-hub
501 verbose os Darwin 25.3.0
502 verbose node v22.20.0
503 verbose npm  v10.9.3
504 verbose exit 0
505 info ok
