0 verbose cli /usr/local/bin/node /usr/local/bin/npm
1 info using npm@10.9.3
2 info using node@v22.20.0
3 silly config load:file:/usr/local/lib/node_modules/npm/npmrc
4 silly config load:file:/Users/drohysmergarciahermosa/Projects/social-hub/.npmrc
5 silly config load:file:/Users/drohysmergarciahermosa/.npmrc
6 silly config load:file:/usr/local/etc/npmrc
7 verbose title npm install @types/pg
8 verbose argv "install" "--cache" "./.npm-cache" "--save-dev" "@types/pg"
9 verbose logfile logs-max:10 dir:/Users/drohysmergarciahermosa/Projects/social-hub/.npm-cache/_logs/2026-03-23T00_02_16_469Z-
10 verbose logfile /Users/drohysmergarciahermosa/Projects/social-hub/.npm-cache/_logs/2026-03-23T00_02_16_469Z-debug-0.log
11 silly logfile done cleaning log files
12 silly packumentCache heap:4345298944 maxSize:1086324736 maxEntrySize:543162368
13 silly idealTree buildDeps
14 silly fetch manifest @types/pg@*
15 silly packumentCache full:https://registry.npmjs.org/@types%2fpg cache-miss
16 http cache https://registry.npmjs.org/@types%2fpg 50ms (cache hit)
17 silly packumentCache full:https://registry.npmjs.org/@types%2fpg set size:195571 disposed:false
18 silly placeDep ROOT @types/pg@8.20.0 REPLACE for: social-hub@0.1.0 want: *
19 silly fetch manifest pg-types@^2.2.0
20 silly packumentCache full:https://registry.npmjs.org/pg-types cache-miss
21 http cache https://registry.npmjs.org/pg-types 1ms (cache hit)
22 silly packumentCache full:https://registry.npmjs.org/pg-types set size:51397 disposed:false
23 silly fetch manifest @types/pg@8.11.11
24 silly packumentCache full:https://registry.npmjs.org/@types%2fpg cache-hit
25 silly placeDep node_modules/@prisma/adapter-pg @types/pg@8.11.11 OK for: @prisma/adapter-pg@7.5.0 want: 8.11.11
26 silly fetch manifest pg-types@^4.0.1
27 silly packumentCache full:https://registry.npmjs.org/pg-types cache-hit
28 silly placeDep ROOT pg-types@2.2.0 OK for: @types/pg@8.20.0 want: ^2.2.0
29 silly fetch manifest postgres-date@~1.0.4
30 silly packumentCache full:https://registry.npmjs.org/postgres-date cache-miss
31 silly fetch manifest postgres-array@~2.0.0
32 silly packumentCache full:https://registry.npmjs.org/postgres-array cache-miss
33 silly fetch manifest postgres-bytea@~1.0.0
34 silly packumentCache full:https://registry.npmjs.org/postgres-bytea cache-miss
35 silly fetch manifest postgres-interval@^1.1.0
36 silly packumentCache full:https://registry.npmjs.org/postgres-interval cache-miss
37 http cache https://registry.npmjs.org/postgres-date 3ms (cache hit)
38 silly packumentCache full:https://registry.npmjs.org/postgres-date set size:27126 disposed:false
39 http cache https://registry.npmjs.org/postgres-array 3ms (cache hit)
40 silly packumentCache full:https://registry.npmjs.org/postgres-array set size:21967 disposed:false
41 http cache https://registry.npmjs.org/postgres-interval 3ms (cache hit)
42 silly packumentCache full:https://registry.npmjs.org/postgres-interval set size:30514 disposed:false
43 http cache https://registry.npmjs.org/postgres-bytea 4ms (cache hit)
44 silly packumentCache full:https://registry.npmjs.org/postgres-bytea set size:8854 disposed:false
45 silly placeDep node_modules/pg-types postgres-array@2.0.0 OK for: pg-types@2.2.0 want: ~2.0.0
46 silly placeDep ROOT postgres-bytea@1.0.1 OK for: pg-types@2.2.0 want: ~1.0.0
47 silly placeDep ROOT postgres-date@1.0.7 OK for: pg-types@2.2.0 want: ~1.0.4
48 silly placeDep ROOT postgres-interval@1.2.0 OK for: pg-types@2.2.0 want: ^1.1.0
49 silly fetch manifest xtend@^4.0.0
50 silly packumentCache full:https://registry.npmjs.org/xtend cache-miss
51 http cache https://registry.npmjs.org/xtend 1ms (cache hit)
52 silly packumentCache full:https://registry.npmjs.org/xtend set size:28314 disposed:false
53 silly placeDep ROOT xtend@4.0.2 OK for: postgres-interval@1.2.0 want: ^4.0.0
54 silly placeDep node_modules/@prisma/adapter-pg pg-types@4.1.0 OK for: @types/pg@8.11.11 want: ^4.0.1
55 silly fetch manifest pg-numeric@1.0.2
56 silly packumentCache full:https://registry.npmjs.org/pg-numeric cache-miss
57 silly fetch manifest postgres-bytea@~3.0.0
58 silly packumentCache full:https://registry.npmjs.org/postgres-bytea cache-hit
59 silly fetch manifest postgres-date@~2.1.0
60 silly packumentCache full:https://registry.npmjs.org/postgres-date cache-hit
61 silly fetch manifest postgres-interval@^3.0.0
62 silly packumentCache full:https://registry.npmjs.org/postgres-interval cache-hit
63 silly fetch manifest postgres-range@^1.1.1
64 silly packumentCache full:https://registry.npmjs.org/postgres-range cache-miss
65 http cache https://registry.npmjs.org/postgres-range 2ms (cache hit)
66 silly packumentCache full:https://registry.npmjs.org/postgres-range set size:23714 disposed:false
67 http cache https://registry.npmjs.org/pg-numeric 3ms (cache hit)
68 silly packumentCache full:https://registry.npmjs.org/pg-numeric set size:7951 disposed:false
69 silly placeDep ROOT pg-numeric@1.0.2 OK for: pg-types@4.1.0 want: 1.0.2
70 silly placeDep node_modules/@prisma/adapter-pg postgres-bytea@3.0.0 OK for: pg-types@4.1.0 want: ~3.0.0
71 silly placeDep node_modules/@prisma/adapter-pg postgres-date@2.1.0 OK for: pg-types@4.1.0 want: ~2.1.0
72 silly placeDep node_modules/@prisma/adapter-pg postgres-interval@3.0.0 OK for: pg-types@4.1.0 want: ^3.0.0
73 silly placeDep ROOT postgres-range@1.1.4 OK for: pg-types@4.1.0 want: ^1.1.1
74 silly fetch manifest obuf@~1.1.2
75 silly packumentCache full:https://registry.npmjs.org/obuf cache-miss
76 http cache https://registry.npmjs.org/obuf 1ms (cache hit)
77 silly packumentCache full:https://registry.npmjs.org/obuf set size:14024 disposed:false
78 silly placeDep ROOT obuf@1.1.2 OK for: postgres-bytea@3.0.0 want: ~1.1.2
79 silly reify mark retired [
79 silly reify   '/Users/drohysmergarciahermosa/Projects/social-hub/node_modules/@types/pg'
79 silly reify ]
80 silly reify mark retired [
80 silly reify   '/Users/drohysmergarciahermosa/Projects/social-hub/node_modules/pg/node_modules/pg-types'
80 silly reify ]
81 silly reify mark retired [
81 silly reify   '/Users/drohysmergarciahermosa/Projects/social-hub/node_modules/pg/node_modules/postgres-array'
81 silly reify ]
82 silly reify mark retired [
82 silly reify   '/Users/drohysmergarciahermosa/Projects/social-hub/node_modules/pg/node_modules/postgres-bytea'
82 silly reify ]
83 silly reify mark retired [
83 silly reify   '/Users/drohysmergarciahermosa/Projects/social-hub/node_modules/pg/node_modules/postgres-date'
83 silly reify ]
84 silly reify mark retired [
84 silly reify   '/Users/drohysmergarciahermosa/Projects/social-hub/node_modules/pg/node_modules/postgres-interval'
84 silly reify ]
85 silly reify mark retired [
85 silly reify   '/Users/drohysmergarciahermosa/Projects/social-hub/node_modules/pg-types'
85 silly reify ]
86 silly reify mark retired [
86 silly reify   '/Users/drohysmergarciahermosa/Projects/social-hub/node_modules/postgres-bytea'
86 silly reify ]
87 silly reify mark retired [
87 silly reify   '/Users/drohysmergarciahermosa/Projects/social-hub/node_modules/postgres-date'
87 silly reify ]
88 silly reify mark retired [
88 silly reify   '/Users/drohysmergarciahermosa/Projects/social-hub/node_modules/postgres-interval'
88 silly reify ]
89 silly reify moves {
89 silly reify   '/Users/drohysmergarciahermosa/Projects/social-hub/node_modules/@types/pg': '/Users/drohysmergarciahermosa/Projects/social-hub/node_modules/@types/.pg-3ZSWM2LE',
89 silly reify   '/Users/drohysmergarciahermosa/Projects/social-hub/node_modules/pg/node_modules/pg-types': '/Users/drohysmergarciahermosa/Projects/social-hub/node_modules/pg/node_modules/.pg-types-rRFbwDQg',
89 silly reify   '/Users/drohysmergarciahermosa/Projects/social-hub/node_modules/pg/node_modules/postgres-array': '/Users/drohysmergarciahermosa/Projects/social-hub/node_modules/pg/node_modules/.postgres-array-vclY7Kch',
89 silly reify   '/Users/drohysmergarciahermosa/Projects/social-hub/node_modules/pg/node_modules/postgres-bytea': '/Users/drohysmergarciahermosa/Projects/social-hub/node_modules/pg/node_modules/.postgres-bytea-J5FAfPVL',
89 silly reify   '/Users/drohysmergarciahermosa/Projects/social-hub/node_modules/pg/node_modules/postgres-date': '/Users/drohysmergarciahermosa/Projects/social-hub/node_modules/pg/node_modules/.postgres-date-M4OIiNLs',
89 silly reify   '/Users/drohysmergarciahermosa/Projects/social-hub/node_modules/pg/node_modules/postgres-interval': '/Users/drohysmergarciahermosa/Projects/social-hub/node_modules/pg/node_modules/.postgres-interval-rE0uiAYB',
89 silly reify   '/Users/drohysmergarciahermosa/Projects/social-hub/node_modules/pg-types': '/Users/drohysmergarciahermosa/Projects/social-hub/node_modules/.pg-types-UnUDqZgH',
89 silly reify   '/Users/drohysmergarciahermosa/Projects/social-hub/node_modules/postgres-bytea': '/Users/drohysmergarciahermosa/Projects/social-hub/node_modules/.postgres-bytea-IbVYJeaK',
89 silly reify   '/Users/drohysmergarciahermosa/Projects/social-hub/node_modules/postgres-date': '/Users/drohysmergarciahermosa/Projects/social-hub/node_modules/.postgres-date-LhiBW3Jd',
89 silly reify   '/Users/drohysmergarciahermosa/Projects/social-hub/node_modules/postgres-interval': '/Users/drohysmergarciahermosa/Projects/social-hub/node_modules/.postgres-interval-webeDQaS'
89 silly reify }
90 verbose reify failed optional dependency /Users/drohysmergarciahermosa/Projects/social-hub/node_modules/@tailwindcss/oxide-wasm32-wasi
91 silly reify mark deleted [
91 silly reify   '/Users/drohysmergarciahermosa/Projects/social-hub/node_modules/@tailwindcss/oxide-wasm32-wasi'
91 silly reify ]
92 silly audit bulk request {
92 silly audit   '@alloc/quick-lru': [ '5.2.0' ],
92 silly audit   '@auth/core': [ '0.41.1', '0.41.0' ],
92 silly audit   '@auth/prisma-adapter': [ '2.11.1' ],
92 silly audit   '@babel/code-frame': [ '7.29.0' ],
92 silly audit   '@babel/compat-data': [ '7.29.0' ],
92 silly audit   '@babel/core': [ '7.29.0' ],
92 silly audit   '@babel/generator': [ '7.29.1' ],
92 silly audit   '@babel/helper-annotate-as-pure': [ '7.27.3' ],
92 silly audit   '@babel/helper-compilation-targets': [ '7.28.6' ],
92 silly audit   '@babel/helper-create-class-features-plugin': [ '7.28.6' ],
92 silly audit   '@babel/helper-globals': [ '7.28.0' ],
92 silly audit   '@babel/helper-member-expression-to-functions': [ '7.28.5' ],
92 silly audit   '@babel/helper-module-imports': [ '7.28.6' ],
92 silly audit   '@babel/helper-module-transforms': [ '7.28.6' ],
92 silly audit   '@babel/helper-optimise-call-expression': [ '7.27.1' ],
92 silly audit   '@babel/helper-plugin-utils': [ '7.28.6' ],
92 silly audit   '@babel/helper-replace-supers': [ '7.28.6' ],
92 silly audit   '@babel/helper-skip-transparent-expression-wrappers': [ '7.27.1' ],
92 silly audit   '@babel/helper-string-parser': [ '7.27.1' ],
92 silly audit   '@babel/helper-validator-identifier': [ '7.28.5' ],
92 silly audit   '@babel/helper-validator-option': [ '7.27.1' ],
92 silly audit   '@babel/helpers': [ '7.29.2' ],
92 silly audit   '@babel/parser': [ '7.29.2' ],
92 silly audit   '@babel/plugin-syntax-jsx': [ '7.28.6' ],
92 silly audit   '@babel/plugin-syntax-typescript': [ '7.28.6' ],
92 silly audit   '@babel/plugin-transform-modules-commonjs': [ '7.28.6' ],
92 silly audit   '@babel/plugin-transform-typescript': [ '7.28.6' ],
92 silly audit   '@babel/preset-typescript': [ '7.28.5' ],
92 silly audit   '@babel/runtime': [ '7.29.2' ],
92 silly audit   '@babel/template': [ '7.28.6' ],
92 silly audit   '@babel/traverse': [ '7.29.0' ],
92 silly audit   '@babel/types': [ '7.29.0' ],
92 silly audit   '@base-ui/react': [ '1.3.0' ],
92 silly audit   '@base-ui/utils': [ '0.2.6' ],
92 silly audit   '@chevrotain/cst-dts-gen': [ '10.5.0' ],
92 silly audit   '@chevrotain/gast': [ '10.5.0' ],
92 silly audit   '@chevrotain/types': [ '10.5.0' ],
92 silly audit   '@chevrotain/utils': [ '10.5.0' ],
92 silly audit   '@dotenvx/dotenvx': [ '1.57.2' ],
92 silly audit   commander: [ '11.1.0', '14.0.3' ],
92 silly audit   execa: [ '5.1.1', '9.6.1' ],
92 silly audit   fdir: [ '6.5.0' ],
92 silly audit   'get-stream': [ '6.0.1', '9.0.1' ],
92 silly audit   'human-signals': [ '2.1.0', '8.0.1' ],
92 silly audit   'is-stream': [ '2.0.1', '4.0.1' ],
92 silly audit   isexe: [ '3.1.5', '2.0.0' ],
92 silly audit   'npm-run-path': [ '4.0.1', '6.0.0' ],
92 silly audit   onetime: [ '5.1.2', '7.0.0' ],
92 silly audit   picomatch: [ '4.0.3', '2.3.1' ],
92 silly audit   'signal-exit': [ '3.0.7', '4.1.0' ],
92 silly audit   'strip-final-newline': [ '2.0.0', '4.0.0' ],
92 silly audit   which: [ '4.0.0', '2.0.2' ],
92 silly audit   '@ecies/ciphers': [ '0.2.5' ],
92 silly audit   '@electric-sql/pglite': [ '0.3.15' ],
92 silly audit   '@electric-sql/pglite-socket': [ '0.0.20' ],
92 silly audit   '@electric-sql/pglite-tools': [ '0.2.20' ],
92 silly audit   '@emnapi/core': [ '1.9.1' ],
92 silly audit   '@emnapi/runtime': [ '1.9.1' ],
92 silly audit   '@emnapi/wasi-threads': [ '1.2.0' ],
92 silly audit   '@eslint-community/eslint-utils': [ '4.9.1' ],
92 silly audit   'eslint-visitor-keys': [ '3.4.3', '5.0.1', '4.2.1' ],
92 silly audit   '@eslint-community/regexpp': [ '4.12.2' ],
92 silly audit   '@eslint/config-array': [ '0.21.2' ],
92 silly audit   '@eslint/config-helpers': [ '0.4.2' ],
92 silly audit   '@eslint/core': [ '0.17.0' ],
92 silly audit   '@eslint/eslintrc': [ '3.3.5' ],
92 silly audit   '@eslint/js': [ '9.39.4' ],
92 silly audit   '@eslint/object-schema': [ '2.1.7' ],
92 silly audit   '@eslint/plugin-kit': [ '0.4.1' ],
92 silly audit   '@floating-ui/core': [ '1.7.5' ],
92 silly audit   '@floating-ui/dom': [ '1.7.6' ],
92 silly audit   '@floating-ui/react-dom': [ '2.1.8' ],
92 silly audit   '@floating-ui/utils': [ '0.2.11' ],
92 silly audit   '@hono/node-server': [ '1.19.9' ],
92 silly audit   '@humanfs/core': [ '0.19.1' ],
92 silly audit   '@humanfs/node': [ '0.16.7' ],
92 silly audit   '@humanwhocodes/module-importer': [ '1.0.1' ],
92 silly audit   '@humanwhocodes/retry': [ '0.4.3' ],
92 silly audit   '@img/colour': [ '1.1.0' ],
92 silly audit   '@img/sharp-darwin-arm64': [ '0.34.5' ],
92 silly audit   '@img/sharp-darwin-x64': [ '0.34.5' ],
92 silly audit   '@img/sharp-libvips-darwin-arm64': [ '1.2.4' ],
92 silly audit   '@img/sharp-libvips-darwin-x64': [ '1.2.4' ],
92 silly audit   '@img/sharp-libvips-linux-arm': [ '1.2.4' ],
92 silly audit   '@img/sharp-libvips-linux-arm64': [ '1.2.4' ],
92 silly audit   '@img/sharp-libvips-linux-ppc64': [ '1.2.4' ],
92 silly audit   '@img/sharp-libvips-linux-riscv64': [ '1.2.4' ],
92 silly audit   '@img/sharp-libvips-linux-s390x': [ '1.2.4' ],
92 silly audit   '@img/sharp-libvips-linux-x64': [ '1.2.4' ],
92 silly audit   '@img/sharp-libvips-linuxmusl-arm64': [ '1.2.4' ],
92 silly audit   '@img/sharp-libvips-linuxmusl-x64': [ '1.2.4' ],
92 silly audit   '@img/sharp-linux-arm': [ '0.34.5' ],
92 silly audit   '@img/sharp-linux-arm64': [ '0.34.5' ],
92 silly audit   '@img/sharp-linux-ppc64': [ '0.34.5' ],
92 silly audit   '@img/sharp-linux-riscv64': [ '0.34.5' ],
92 silly audit   '@img/sharp-linux-s390x': [ '0.34.5' ],
92 silly audit   '@img/sharp-linux-x64': [ '0.34.5' ],
92 silly audit   '@img/sharp-linuxmusl-arm64': [ '0.34.5' ],
92 silly audit   '@img/sharp-linuxmusl-x64': [ '0.34.5' ],
92 silly audit   '@img/sharp-wasm32': [ '0.34.5' ],
92 silly audit   '@img/sharp-win32-arm64': [ '0.34.5' ],
92 silly audit   '@img/sharp-win32-ia32': [ '0.34.5' ],
92 silly audit   '@img/sharp-win32-x64': [ '0.34.5' ],
92 silly audit   '@inquirer/ansi': [ '1.0.2' ],
92 silly audit   '@inquirer/confirm': [ '5.1.21' ],
92 silly audit   '@inquirer/core': [ '10.3.2' ],
92 silly audit   '@inquirer/figures': [ '1.0.15' ],
92 silly audit   '@inquirer/type': [ '3.0.10' ],
92 silly audit   '@jridgewell/gen-mapping': [ '0.3.13' ],
92 silly audit   '@jridgewell/remapping': [ '2.3.5' ],
92 silly audit   '@jridgewell/resolve-uri': [ '3.1.2' ],
92 silly audit   '@jridgewell/sourcemap-codec': [ '1.5.5' ],
92 silly audit   '@jridgewell/trace-mapping': [ '0.3.31' ],
92 silly audit   '@modelcontextprotocol/sdk': [ '1.27.1' ],
92 silly audit   ajv: [ '8.18.0', '6.14.0' ],
92 silly audit   'json-schema-traverse': [ '1.0.0', '0.4.1' ],
92 silly audit   '@mrleebo/prisma-ast': [ '0.13.1' ],
92 silly audit   '@mswjs/interceptors': [ '0.41.3' ],
92 silly audit   '@napi-rs/wasm-runtime': [ '0.2.12' ],
92 silly audit   '@next/env': [ '16.2.1' ],
92 silly audit   '@next/eslint-plugin-next': [ '16.2.1' ],
92 silly audit   '@next/swc-darwin-arm64': [ '16.2.1' ],
92 silly audit   '@next/swc-darwin-x64': [ '16.2.1' ],
92 silly audit   '@next/swc-linux-arm64-gnu': [ '16.2.1' ],
92 silly audit   '@next/swc-linux-arm64-musl': [ '16.2.1' ],
92 silly audit   '@next/swc-linux-x64-gnu': [ '16.2.1' ],
92 silly audit   '@next/swc-linux-x64-musl': [ '16.2.1' ],
92 silly audit   '@next/swc-win32-arm64-msvc': [ '16.2.1' ],
92 silly audit   '@next/swc-win32-x64-msvc': [ '16.2.1' ],
92 silly audit   '@noble/ciphers': [ '1.3.0' ],
92 silly audit   '@noble/curves': [ '1.9.7' ],
92 silly audit   '@noble/hashes': [ '1.8.0' ],
92 silly audit   '@nodelib/fs.scandir': [ '2.1.5' ],
92 silly audit   '@nodelib/fs.stat': [ '2.0.5' ],
92 silly audit   '@nodelib/fs.walk': [ '1.2.8' ],
92 silly audit   '@nolyfill/is-core-module': [ '1.0.39' ],
92 silly audit   '@open-draft/deferred-promise': [ '2.2.0' ],
92 silly audit   '@open-draft/logger': [ '0.3.0' ],
92 silly audit   '@open-draft/until': [ '2.1.0' ],
92 silly audit   '@panva/hkdf': [ '1.2.1' ],
92 silly audit   '@prisma/adapter-pg': [ '7.5.0' ],
92 silly audit   '@prisma/client': [ '7.5.0' ],
92 silly audit   '@prisma/client-runtime-utils': [ '7.5.0' ],
92 silly audit   '@prisma/config': [ '7.5.0' ],
92 silly audit   '@prisma/debug': [ '7.5.0', '7.2.0' ],
92 silly audit   '@prisma/dev': [ '0.20.0' ],
92 silly audit   '@prisma/driver-adapter-utils': [ '7.5.0' ],
92 silly audit   '@prisma/engines': [ '7.5.0' ],
92 silly audit   '@prisma/engines-version': [ '7.5.0-15.280c870be64f457428992c43c1f6d557fab6e29e' ],
92 silly audit   '@prisma/get-platform': [ '7.5.0', '7.2.0' ],
92 silly audit   '@prisma/fetch-engine': [ '7.5.0' ],
92 silly audit   '@prisma/query-plan-executor': [ '7.2.0' ],
92 silly audit   '@prisma/studio-core': [ '0.21.1' ],
92 silly audit   '@rtsao/scc': [ '1.1.0' ],
92 silly audit   '@sec-ant/readable-stream': [ '0.4.1' ],
92 silly audit   '@sindresorhus/merge-streams': [ '4.0.0' ],
92 silly audit   '@stablelib/base64': [ '1.0.1' ],
92 silly audit   '@standard-schema/spec': [ '1.1.0' ],
92 silly audit   '@swc/helpers': [ '0.5.15' ],
92 silly audit   '@tailwindcss/node': [ '4.2.2' ],
92 silly audit   '@tailwindcss/oxide': [ '4.2.2' ],
92 silly audit   '@tailwindcss/oxide-android-arm64': [ '4.2.2' ],
92 silly audit   '@tailwindcss/oxide-darwin-arm64': [ '4.2.2' ],
92 silly audit   '@tailwindcss/oxide-darwin-x64': [ '4.2.2' ],
92 silly audit   '@tailwindcss/oxide-freebsd-x64': [ '4.2.2' ],
92 silly audit   '@tailwindcss/oxide-linux-arm-gnueabihf': [ '4.2.2' ],
92 silly audit   '@tailwindcss/oxide-linux-arm64-gnu': [ '4.2.2' ],
92 silly audit   '@tailwindcss/oxide-linux-arm64-musl': [ '4.2.2' ],
92 silly audit   '@tailwindcss/oxide-linux-x64-gnu': [ '4.2.2' ],
92 silly audit   '@tailwindcss/oxide-linux-x64-musl': [ '4.2.2' ],
92 silly audit   '@tailwindcss/oxide-win32-arm64-msvc': [ '4.2.2' ],
92 silly audit   '@tailwindcss/oxide-win32-x64-msvc': [ '4.2.2' ],
92 silly audit   '@tailwindcss/postcss': [ '4.2.2' ],
92 silly audit   '@ts-morph/common': [ '0.27.0' ],
92 silly audit   'balanced-match': [ '4.0.4', '1.0.2' ],
92 silly audit   'brace-expansion': [ '5.0.4', '1.1.12' ],
92 silly audit   'fast-glob': [ '3.3.3', '3.3.1' ],
92 silly audit   'glob-parent': [ '5.1.2', '6.0.2' ],
92 silly audit   minimatch: [ '10.2.4', '3.1.5' ],
92 silly audit   '@tybys/wasm-util': [ '0.10.1' ],
92 silly audit   '@types/bcryptjs': [ '2.4.6' ],
92 silly audit   '@types/estree': [ '1.0.8' ],
92 silly audit   '@types/json-schema': [ '7.0.15' ],
92 silly audit   '@types/json5': [ '0.0.29' ],
92 silly audit   '@types/node': [ '20.19.37' ],
92 silly audit   '@types/react': [ '19.2.14' ],
92 silly audit   '@types/react-dom': [ '19.2.3' ],
92 silly audit   '@types/statuses': [ '2.0.6' ],
92 silly audit   '@types/validate-npm-package-name': [ '4.0.2' ],
92 silly audit   '@typescript-eslint/eslint-plugin': [ '8.57.1' ],
92 silly audit   ignore: [ '7.0.5', '5.3.2' ],
92 silly audit   '@typescript-eslint/parser': [ '8.57.1' ],
92 silly audit   '@typescript-eslint/project-service': [ '8.57.1' ],
92 silly audit   '@typescript-eslint/scope-manager': [ '8.57.1' ],
92 silly audit   '@typescript-eslint/tsconfig-utils': [ '8.57.1' ],
92 silly audit   '@typescript-eslint/type-utils': [ '8.57.1' ],
92 silly audit   '@typescript-eslint/types': [ '8.57.1' ],
92 silly audit   '@typescript-eslint/typescript-estree': [ '8.57.1' ],
92 silly audit   semver: [ '7.7.4', '6.3.1' ],
92 silly audit   '@typescript-eslint/utils': [ '8.57.1' ],
92 silly audit   '@typescript-eslint/visitor-keys': [ '8.57.1' ],
92 silly audit   '@unrs/resolver-binding-android-arm-eabi': [ '1.11.1' ],
92 silly audit   '@unrs/resolver-binding-android-arm64': [ '1.11.1' ],
92 silly audit   '@unrs/resolver-binding-darwin-arm64': [ '1.11.1' ],
92 silly audit   '@unrs/resolver-binding-darwin-x64': [ '1.11.1' ],
92 silly audit   '@unrs/resolver-binding-freebsd-x64': [ '1.11.1' ],
92 silly audit   '@unrs/resolver-binding-linux-arm-gnueabihf': [ '1.11.1' ],
92 silly audit   '@unrs/resolver-binding-linux-arm-musleabihf': [ '1.11.1' ],
92 silly audit   '@unrs/resolver-binding-linux-arm64-gnu': [ '1.11.1' ],
92 silly audit   '@unrs/resolver-binding-linux-arm64-musl': [ '1.11.1' ],
92 silly audit   '@unrs/resolver-binding-linux-ppc64-gnu': [ '1.11.1' ],
92 silly audit   '@unrs/resolver-binding-linux-riscv64-gnu': [ '1.11.1' ],
92 silly audit   '@unrs/resolver-binding-linux-riscv64-musl': [ '1.11.1' ],
92 silly audit   '@unrs/resolver-binding-linux-s390x-gnu': [ '1.11.1' ],
92 silly audit   '@unrs/resolver-binding-linux-x64-gnu': [ '1.11.1' ],
92 silly audit   '@unrs/resolver-binding-linux-x64-musl': [ '1.11.1' ],
92 silly audit   '@unrs/resolver-binding-wasm32-wasi': [ '1.11.1' ],
92 silly audit   '@unrs/resolver-binding-win32-arm64-msvc': [ '1.11.1' ],
92 silly audit   '@unrs/resolver-binding-win32-ia32-msvc': [ '1.11.1' ],
92 silly audit   '@unrs/resolver-binding-win32-x64-msvc': [ '1.11.1' ],
92 silly audit   accepts: [ '2.0.0' ],
92 silly audit   acorn: [ '8.16.0' ],
92 silly audit   'acorn-jsx': [ '5.3.2' ],
92 silly audit   'agent-base': [ '7.1.4' ],
92 silly audit   'ajv-formats': [ '3.0.1' ],
92 silly audit   'ansi-regex': [ '6.2.2', '5.0.1' ],
92 silly audit   'ansi-styles': [ '4.3.0' ],
92 silly audit   argparse: [ '2.0.1' ],
92 silly audit   'aria-query': [ '5.3.2' ],
92 silly audit   'array-buffer-byte-length': [ '1.0.2' ],
92 silly audit   'array-includes': [ '3.1.9' ],
92 silly audit   'array.prototype.findlast': [ '1.2.5' ],
92 silly audit   'array.prototype.findlastindex': [ '1.2.6' ],
92 silly audit   'array.prototype.flat': [ '1.3.3' ],
92 silly audit   'array.prototype.flatmap': [ '1.3.3' ],
92 silly audit   'array.prototype.tosorted': [ '1.1.4' ],
92 silly audit   'arraybuffer.prototype.slice': [ '1.0.4' ],
92 silly audit   'ast-types': [ '0.16.1' ],
92 silly audit   'ast-types-flow': [ '0.0.8' ],
92 silly audit   'async-function': [ '1.0.0' ],
92 silly audit   'available-typed-arrays': [ '1.0.7' ],
92 silly audit   'aws-ssl-profiles': [ '1.1.2' ],
92 silly audit   'axe-core': [ '4.11.1' ],
92 silly audit   'axobject-query': [ '4.1.0' ],
92 silly audit   'babel-plugin-react-compiler': [ '1.0.0' ],
92 silly audit   'baseline-browser-mapping': [ '2.10.10' ],
92 silly audit   bcryptjs: [ '3.0.3' ],
92 silly audit   'body-parser': [ '2.2.2' ],
92 silly audit   braces: [ '3.0.3' ],
92 silly audit   browserslist: [ '4.28.1' ],
92 silly audit   'bundle-name': [ '4.1.0' ],
92 silly audit   bytes: [ '3.1.2' ],
92 silly audit   c12: [ '3.1.0' ],
92 silly audit   dotenv: [ '16.6.1', '17.3.1' ],
92 silly audit   'call-bind': [ '1.0.8' ],
92 silly audit   'call-bind-apply-helpers': [ '1.0.2' ],
92 silly audit   'call-bound': [ '1.0.4' ],
92 silly audit   callsites: [ '3.1.0' ],
92 silly audit   'caniuse-lite': [ '1.0.30001780' ],
92 silly audit   chalk: [ '4.1.2', '5.6.2' ],
92 silly audit   chevrotain: [ '10.5.0' ],
92 silly audit   chokidar: [ '4.0.3' ],
92 silly audit   citty: [ '0.1.6', '0.2.1' ],
92 silly audit   'class-variance-authority': [ '0.7.1' ],
92 silly audit   'cli-cursor': [ '5.0.0' ],
92 silly audit   'cli-spinners': [ '2.9.2' ],
92 silly audit   'cli-width': [ '4.1.0' ],
92 silly audit   'client-only': [ '0.0.1' ],
92 silly audit   cliui: [ '8.0.1' ],
92 silly audit   'emoji-regex': [ '8.0.0', '9.2.2', '10.6.0' ],
92 silly audit   'string-width': [ '4.2.3', '7.2.0' ],
92 silly audit   'strip-ansi': [ '6.0.1', '7.2.0' ],
92 silly audit   'wrap-ansi': [ '7.0.0', '6.2.0' ],
92 silly audit   clsx: [ '2.1.1' ],
92 silly audit   'code-block-writer': [ '13.0.3' ],
92 silly audit   'color-convert': [ '2.0.1' ],
92 silly audit   'color-name': [ '1.1.4' ],
92 silly audit   'concat-map': [ '0.0.1' ],
92 silly audit   confbox: [ '0.2.4' ],
92 silly audit   consola: [ '3.4.2' ],
92 silly audit   'content-disposition': [ '1.0.1' ],
92 silly audit   'content-type': [ '1.0.5' ],
92 silly audit   'convert-source-map': [ '2.0.0' ],
92 silly audit   cookie: [ '0.7.2', '1.1.1' ],
92 silly audit   'cookie-signature': [ '1.2.2' ],
92 silly audit   cors: [ '2.8.6' ],
92 silly audit   cosmiconfig: [ '9.0.1' ],
92 silly audit   'cross-spawn': [ '7.0.6' ],
92 silly audit   cssesc: [ '3.0.0' ],
92 silly audit   csstype: [ '3.2.3' ],
92 silly audit   'damerau-levenshtein': [ '1.0.8' ],
92 silly audit   'data-uri-to-buffer': [ '4.0.1' ],
92 silly audit   'data-view-buffer': [ '1.0.2' ],
92 silly audit   'data-view-byte-length': [ '1.0.2' ],
92 silly audit   'data-view-byte-offset': [ '1.0.1' ],
92 silly audit   'date-fns': [ '4.1.0' ],
92 silly audit   debug: [ '4.4.3', '3.2.7' ],
92 silly audit   dedent: [ '1.7.2' ],
92 silly audit   'deep-is': [ '0.1.4' ],
92 silly audit   deepmerge: [ '4.3.1' ],
92 silly audit   'deepmerge-ts': [ '7.1.5' ],
92 silly audit   'default-browser': [ '5.5.0' ],
92 silly audit   'default-browser-id': [ '5.0.1' ],
92 silly audit   'define-data-property': [ '1.1.4' ],
92 silly audit   'define-lazy-prop': [ '3.0.0' ],
92 silly audit   'define-properties': [ '1.2.1' ],
92 silly audit   defu: [ '6.1.4' ],
92 silly audit   denque: [ '2.1.0' ],
92 silly audit   depd: [ '2.0.0' ],
92 silly audit   destr: [ '2.0.5' ],
92 silly audit   'detect-libc': [ '2.1.2' ],
92 silly audit   diff: [ '8.0.3' ],
92 silly audit   doctrine: [ '2.1.0' ],
92 silly audit   'dunder-proto': [ '1.0.1' ],
92 silly audit   eciesjs: [ '0.4.18' ],
92 silly audit   'ee-first': [ '1.1.1' ],
92 silly audit   effect: [ '3.18.4' ],
92 silly audit   'electron-to-chromium': [ '1.5.321' ],
92 silly audit   empathic: [ '2.0.0' ],
92 silly audit   encodeurl: [ '2.0.0' ],
92 silly audit   'enhanced-resolve': [ '5.20.1' ],
92 silly audit   'env-paths': [ '2.2.1' ],
92 silly audit   'error-ex': [ '1.3.4' ],
92 silly audit   'es-abstract': [ '1.24.1' ],
92 silly audit   'es-define-property': [ '1.0.1' ],
92 silly audit   'es-errors': [ '1.3.0' ],
92 silly audit   'es-iterator-helpers': [ '1.3.1' ],
92 silly audit   'es-object-atoms': [ '1.1.1' ],
92 silly audit   'es-set-tostringtag': [ '2.1.0' ],
92 silly audit   'es-shim-unscopables': [ '1.1.0' ],
92 silly audit   'es-to-primitive': [ '1.3.0' ],
92 silly audit   escalade: [ '3.2.0' ],
92 silly audit   'escape-html': [ '1.0.3' ],
92 silly audit   'escape-string-regexp': [ '4.0.0' ],
92 silly audit   eslint: [ '9.39.4' ],
92 silly audit   'eslint-config-next': [ '16.2.1' ],
92 silly audit   globals: [ '16.4.0', '14.0.0' ],
92 silly audit   'eslint-import-resolver-node': [ '0.3.9' ],
92 silly audit   'eslint-import-resolver-typescript': [ '3.10.1' ],
92 silly audit   'eslint-module-utils': [ '2.12.1' ],
92 silly audit   'eslint-plugin-import': [ '2.32.0' ],
92 silly audit   'eslint-plugin-jsx-a11y': [ '6.10.2' ],
92 silly audit   'eslint-plugin-react': [ '7.37.5' ],
92 silly audit   'eslint-plugin-react-hooks': [ '7.0.1' ],
92 silly audit   resolve: [ '2.0.0-next.6', '1.22.11' ],
92 silly audit   'eslint-scope': [ '8.4.0' ],
92 silly audit   espree: [ '10.4.0' ],
92 silly audit   esprima: [ '4.0.1' ],
92 silly audit   esquery: [ '1.7.0' ],
92 silly audit   esrecurse: [ '4.3.0' ],
92 silly audit   estraverse: [ '5.3.0' ],
92 silly audit   esutils: [ '2.0.3' ],
92 silly audit   etag: [ '1.8.1' ],
92 silly audit   eventsource: [ '3.0.7' ],
92 silly audit   'eventsource-parser': [ '3.0.6' ],
92 silly audit   express: [ '5.2.1' ],
92 silly audit   'express-rate-limit': [ '8.3.1' ],
92 silly audit   exsolve: [ '1.0.8' ],
92 silly audit   'fast-check': [ '3.23.2' ],
92 silly audit   'fast-deep-equal': [ '3.1.3' ],
92 silly audit   'fast-json-stable-stringify': [ '2.1.0' ],
92 silly audit   'fast-levenshtein': [ '2.0.6' ],
92 silly audit   'fast-sha256': [ '1.3.0' ],
92 silly audit   'fast-uri': [ '3.1.0' ],
92 silly audit   fastq: [ '1.20.1' ],
92 silly audit   'fetch-blob': [ '3.2.0' ],
92 silly audit   figures: [ '6.1.0' ],
92 silly audit   'file-entry-cache': [ '8.0.0' ],
92 silly audit   'fill-range': [ '7.1.1' ],
92 silly audit   finalhandler: [ '2.1.1' ],
92 silly audit   'find-up': [ '5.0.0' ],
92 silly audit   'flat-cache': [ '4.0.1' ],
92 silly audit   flatted: [ '3.4.2' ],
92 silly audit   'for-each': [ '0.3.5' ],
92 silly audit   'foreground-child': [ '3.3.1' ],
92 silly audit   'formdata-polyfill': [ '4.0.10' ],
92 silly audit   forwarded: [ '0.2.0' ],
92 silly audit   fresh: [ '2.0.0' ],
92 silly audit   'fs-extra': [ '11.3.4' ],
92 silly audit   'function-bind': [ '1.1.2' ],
92 silly audit   'function.prototype.name': [ '1.1.8' ],
92 silly audit   'functions-have-names': [ '1.2.3' ],
92 silly audit   fuzzysort: [ '3.1.0' ],
92 silly audit   'generate-function': [ '2.3.1' ],
92 silly audit   'generator-function': [ '2.0.1' ],
92 silly audit   gensync: [ '1.0.0-beta.2' ],
92 silly audit   'get-caller-file': [ '2.0.5' ],
92 silly audit   'get-east-asian-width': [ '1.5.0' ],
92 silly audit   'get-intrinsic': [ '1.3.0' ],
92 silly audit   'get-own-enumerable-keys': [ '1.0.0' ],
92 silly audit   'get-port-please': [ '3.2.0' ],
92 silly audit   'get-proto': [ '1.0.1' ],
92 silly audit   'get-symbol-description': [ '1.1.0' ],
92 silly audit   'get-tsconfig': [ '4.13.7' ],
92 silly audit   giget: [ '2.0.0' ],
92 silly audit   globalthis: [ '1.0.4' ],
92 silly audit   gopd: [ '1.2.0' ],
92 silly audit   'graceful-fs': [ '4.2.11' ],
92 silly audit   grammex: [ '3.1.12' ],
92 silly audit   graphmatch: [ '1.1.1' ],
92 silly audit   graphql: [ '16.13.1' ],
92 silly audit   'has-bigints': [ '1.1.0' ],
92 silly audit   'has-flag': [ '4.0.0' ],
92 silly audit   'has-property-descriptors': [ '1.0.2' ],
92 silly audit   'has-proto': [ '1.2.0' ],
92 silly audit   'has-symbols': [ '1.1.0' ],
92 silly audit   'has-tostringtag': [ '1.0.2' ],
92 silly audit   hasown: [ '2.0.2' ],
92 silly audit   'headers-polyfill': [ '4.0.3' ],
92 silly audit   'hermes-estree': [ '0.25.1' ],
92 silly audit   'hermes-parser': [ '0.25.1' ],
92 silly audit   hono: [ '4.11.4' ],
92 silly audit   'http-errors': [ '2.0.1' ],
92 silly audit   'http-status-codes': [ '2.3.0' ],
92 silly audit   'https-proxy-agent': [ '7.0.6' ],
92 silly audit   'iconv-lite': [ '0.7.2' ],
92 silly audit   'import-fresh': [ '3.3.1' ],
92 silly audit   imurmurhash: [ '0.1.4' ],
92 silly audit   inherits: [ '2.0.4' ],
92 silly audit   'internal-slot': [ '1.1.0' ],
92 silly audit   'ip-address': [ '10.1.0' ],
92 silly audit   'ipaddr.js': [ '1.9.1' ],
92 silly audit   'is-array-buffer': [ '3.0.5' ],
92 silly audit   'is-arrayish': [ '0.2.1' ],
92 silly audit   'is-async-function': [ '2.1.1' ],
92 silly audit   'is-bigint': [ '1.1.0' ],
92 silly audit   'is-boolean-object': [ '1.2.2' ],
92 silly audit   'is-bun-module': [ '2.0.0' ],
92 silly audit   'is-callable': [ '1.2.7' ],
92 silly audit   'is-core-module': [ '2.16.1' ],
92 silly audit   'is-data-view': [ '1.0.2' ],
92 silly audit   'is-date-object': [ '1.1.0' ],
92 silly audit   'is-docker': [ '3.0.0' ],
92 silly audit   'is-extglob': [ '2.1.1' ],
92 silly audit   'is-finalizationregistry': [ '1.1.1' ],
92 silly audit   'is-fullwidth-code-point': [ '3.0.0' ],
92 silly audit   'is-generator-function': [ '1.1.2' ],
92 silly audit   'is-glob': [ '4.0.3' ],
92 silly audit   'is-in-ssh': [ '1.0.0' ],
92 silly audit   'is-inside-container': [ '1.0.0' ],
92 silly audit   'is-interactive': [ '2.0.0' ],
92 silly audit   'is-map': [ '2.0.3' ],
92 silly audit   'is-negative-zero': [ '2.0.3' ],
92 silly audit   'is-node-process': [ '1.2.0' ],
92 silly audit   'is-number': [ '7.0.0' ],
92 silly audit   'is-number-object': [ '1.1.1' ],
92 silly audit   'is-obj': [ '3.0.0' ],
92 silly audit   'is-plain-obj': [ '4.1.0' ],
92 silly audit   'is-promise': [ '4.0.0' ],
92 silly audit   'is-property': [ '1.0.2' ],
92 silly audit   'is-regex': [ '1.2.1' ],
92 silly audit   'is-regexp': [ '3.1.0' ],
92 silly audit   'is-set': [ '2.0.3' ],
92 silly audit   'is-shared-array-buffer': [ '1.0.4' ],
92 silly audit   'is-string': [ '1.1.1' ],
92 silly audit   'is-symbol': [ '1.1.1' ],
92 silly audit   'is-typed-array': [ '1.1.15' ],
92 silly audit   'is-unicode-supported': [ '2.1.0', '1.3.0' ],
92 silly audit   'is-weakmap': [ '2.0.2' ],
92 silly audit   'is-weakref': [ '1.1.1' ],
92 silly audit   'is-weakset': [ '2.0.4' ],
92 silly audit   'is-wsl': [ '3.1.1' ],
92 silly audit   isarray: [ '2.0.5' ],
92 silly audit   'iterator.prototype': [ '1.1.5' ],
92 silly audit   jiti: [ '2.6.1' ],
92 silly audit   jose: [ '6.2.2' ],
92 silly audit   'js-tokens': [ '4.0.0' ],
92 silly audit   'js-yaml': [ '4.1.1' ],
92 silly audit   jsesc: [ '3.1.0' ],
92 silly audit   'json-buffer': [ '3.0.1' ],
92 silly audit   'json-parse-even-better-errors': [ '2.3.1' ],
92 silly audit   'json-schema-typed': [ '8.0.2' ],
92 silly audit   'json-stable-stringify-without-jsonify': [ '1.0.1' ],
92 silly audit   json5: [ '2.2.3', '1.0.2' ],
92 silly audit   jsonfile: [ '6.2.0' ],
92 silly audit   'jsx-ast-utils': [ '3.3.5' ],
92 silly audit   keyv: [ '4.5.4' ],
92 silly audit   kleur: [ '4.1.5', '3.0.3' ],
92 silly audit   'language-subtag-registry': [ '0.3.23' ],
92 silly audit   'language-tags': [ '1.0.9' ],
92 silly audit   levn: [ '0.4.1' ],
92 silly audit   lightningcss: [ '1.32.0' ],
92 silly audit   'lightningcss-android-arm64': [ '1.32.0' ],
92 silly audit   'lightningcss-darwin-arm64': [ '1.32.0' ],
92 silly audit   'lightningcss-darwin-x64': [ '1.32.0' ],
92 silly audit   'lightningcss-freebsd-x64': [ '1.32.0' ],
92 silly audit   'lightningcss-linux-arm-gnueabihf': [ '1.32.0' ],
92 silly audit   'lightningcss-linux-arm64-gnu': [ '1.32.0' ],
92 silly audit   'lightningcss-linux-arm64-musl': [ '1.32.0' ],
92 silly audit   'lightningcss-linux-x64-gnu': [ '1.32.0' ],
92 silly audit   'lightningcss-linux-x64-musl': [ '1.32.0' ],
92 silly audit   'lightningcss-win32-arm64-msvc': [ '1.32.0' ],
92 silly audit   'lightningcss-win32-x64-msvc': [ '1.32.0' ],
92 silly audit   lilconfig: [ '2.1.0' ],
92 silly audit   'lines-and-columns': [ '1.2.4' ],
92 silly audit   'locate-path': [ '6.0.0' ],
92 silly audit   lodash: [ '4.17.21' ],
92 silly audit   'lodash.merge': [ '4.6.2' ],
92 silly audit   'log-symbols': [ '6.0.0' ],
92 silly audit   long: [ '5.3.2' ],
92 silly audit   'loose-envify': [ '1.4.0' ],
92 silly audit   'lru-cache': [ '5.1.1' ],
92 silly audit   'lru.min': [ '1.1.4' ],
92 silly audit   'lucide-react': [ '0.577.0' ],
92 silly audit   'magic-string': [ '0.30.21' ],
92 silly audit   'math-intrinsics': [ '1.1.0' ],
92 silly audit   'media-typer': [ '1.1.0' ],
92 silly audit   'merge-descriptors': [ '2.0.0' ],
92 silly audit   'merge-stream': [ '2.0.0' ],
92 silly audit   merge2: [ '1.4.1' ],
92 silly audit   micromatch: [ '4.0.8' ],
92 silly audit   'mime-db': [ '1.54.0' ],
92 silly audit   'mime-types': [ '3.0.2' ],
92 silly audit   'mimic-fn': [ '2.1.0' ],
92 silly audit   'mimic-function': [ '5.0.1' ],
92 silly audit   minimist: [ '1.2.8' ],
92 silly audit   ms: [ '2.1.3' ],
92 silly audit   msw: [ '2.12.14' ],
92 silly audit   'mute-stream': [ '2.0.0' ],
92 silly audit   mysql2: [ '3.15.3' ],
92 silly audit   'named-placeholders': [ '1.1.6' ],
92 silly audit   nanoid: [ '3.3.11' ],
92 silly audit   'napi-postinstall': [ '0.3.4' ],
92 silly audit   'natural-compare': [ '1.4.0' ],
92 silly audit   negotiator: [ '1.0.0' ],
92 silly audit   next: [ '16.2.1' ],
92 silly audit   'next-auth': [ '5.0.0-beta.30' ],
92 silly audit   postcss: [ '8.4.31', '8.5.8' ],
92 silly audit   'node-domexception': [ '1.0.0' ],
92 silly audit   'node-exports-info': [ '1.6.0' ],
92 silly audit   'node-fetch': [ '3.3.2' ],
92 silly audit   'node-fetch-native': [ '1.6.7' ],
92 silly audit   'node-releases': [ '2.0.36' ],
92 silly audit   'path-key': [ '4.0.0', '3.1.1' ],
92 silly audit   nypm: [ '0.6.5' ],
92 silly audit   oauth4webapi: [ '3.8.5' ],
92 silly audit   'object-assign': [ '4.1.1' ],
92 silly audit   'object-inspect': [ '1.13.4' ],
92 silly audit   'object-keys': [ '1.1.1' ],
92 silly audit   'object-treeify': [ '1.1.33' ],
92 silly audit   'object.assign': [ '4.1.7' ],
92 silly audit   'object.entries': [ '1.1.9' ],
92 silly audit   'object.fromentries': [ '2.0.8' ],
92 silly audit   'object.groupby': [ '1.0.3' ],
92 silly audit   'object.values': [ '1.2.1' ],
92 silly audit   ohash: [ '2.0.11' ],
92 silly audit   'on-finished': [ '2.4.1' ],
92 silly audit   once: [ '1.4.0' ],
92 silly audit   open: [ '11.0.0' ],
92 silly audit   optionator: [ '0.9.4' ],
92 silly audit   ora: [ '8.2.0' ],
92 silly audit   outvariant: [ '1.4.3' ],
92 silly audit   'own-keys': [ '1.0.1' ],
92 silly audit   'p-limit': [ '3.1.0' ],
92 silly audit   'p-locate': [ '5.0.0' ],
92 silly audit   'parent-module': [ '1.0.1' ],
92 silly audit   'parse-json': [ '5.2.0' ],
92 silly audit   'parse-ms': [ '4.0.0' ],
92 silly audit   parseurl: [ '1.3.3' ],
92 silly audit   'path-browserify': [ '1.0.1' ],
92 silly audit   'path-exists': [ '4.0.0' ],
92 silly audit   'path-parse': [ '1.0.7' ],
92 silly audit   'path-to-regexp': [ '6.3.0', '8.3.0' ],
92 silly audit   pathe: [ '2.0.3' ],
92 silly audit   'perfect-debounce': [ '1.0.0' ],
92 silly audit   pg: [ '8.20.0' ],
92 silly audit   'pg-cloudflare': [ '1.3.0' ],
92 silly audit   'pg-connection-string': [ '2.12.0' ],
92 silly audit   'pg-int8': [ '1.0.1' ],
92 silly audit   'pg-pool': [ '3.13.0' ],
92 silly audit   'pg-protocol': [ '1.13.0' ],
92 silly audit   'pg-types': [ '2.2.0', '4.1.0' ],
92 silly audit   'postgres-array': [ '3.0.4', '2.0.0' ],
92 silly audit   pgpass: [ '1.0.5' ],
92 silly audit   picocolors: [ '1.1.1' ],
92 silly audit   'pkce-challenge': [ '5.0.1' ],
92 silly audit   'pkg-types': [ '2.3.0' ],
92 silly audit   'possible-typed-array-names': [ '1.1.0' ],
92 silly audit   'postal-mime': [ '2.7.3' ],
92 silly audit   'postcss-selector-parser': [ '7.1.1' ],
92 silly audit   postgres: [ '3.4.7' ],
92 silly audit   'powershell-utils': [ '0.1.0' ],
92 silly audit   preact: [ '10.24.3' ],
92 silly audit   'preact-render-to-string': [ '6.5.11' ],
92 silly audit   'prelude-ls': [ '1.2.1' ],
92 silly audit   'pretty-ms': [ '9.3.0' ],
92 silly audit   prisma: [ '7.5.0' ],
92 silly audit   prompts: [ '2.4.2' ],
92 silly audit   'prop-types': [ '15.8.1' ],
92 silly audit   'proper-lockfile': [ '4.1.2' ],
92 silly audit   'proxy-addr': [ '2.0.7' ],
92 silly audit   punycode: [ '2.3.1' ],
92 silly audit   'pure-rand': [ '6.1.0' ],
92 silly audit   qs: [ '6.15.0' ],
92 silly audit   'queue-microtask': [ '1.2.3' ],
92 silly audit   'range-parser': [ '1.2.1' ],
92 silly audit   'raw-body': [ '3.0.2' ],
92 silly audit   rc9: [ '2.1.2' ],
92 silly audit   react: [ '19.2.4' ],
92 silly audit   'react-dom': [ '19.2.4' ],
92 silly audit   'react-is': [ '16.13.1' ],
92 silly audit   readdirp: [ '4.1.2' ],
92 silly audit   recast: [ '0.23.11' ],
92 silly audit   'reflect.getprototypeof': [ '1.0.10' ],
92 silly audit   'regexp-to-ast': [ '0.5.0' ],
92 silly audit   'regexp.prototype.flags': [ '1.5.4' ],
92 silly audit   remeda: [ '2.33.4' ],
92 silly audit   'require-directory': [ '2.1.1' ],
92 silly audit   'require-from-string': [ '2.0.2' ],
92 silly audit   reselect: [ '5.1.1' ],
92 silly audit   resend: [ '6.9.4' ],
92 silly audit   'resolve-from': [ '4.0.0' ],
92 silly audit   'resolve-pkg-maps': [ '1.0.0' ],
92 silly audit   'restore-cursor': [ '5.1.0' ],
92 silly audit   retry: [ '0.12.0' ],
92 silly audit   rettime: [ '0.10.1' ],
92 silly audit   reusify: [ '1.1.0' ],
92 silly audit   router: [ '2.2.0' ],
92 silly audit   'run-applescript': [ '7.1.0' ],
92 silly audit   'run-parallel': [ '1.2.0' ],
92 silly audit   'safe-array-concat': [ '1.1.3' ],
92 silly audit   'safe-push-apply': [ '1.0.0' ],
92 silly audit   'safe-regex-test': [ '1.1.0' ],
92 silly audit   'safer-buffer': [ '2.1.2' ],
92 silly audit   scheduler: [ '0.27.0' ],
92 silly audit   send: [ '1.2.1' ],
92 silly audit   'seq-queue': [ '0.0.5' ],
92 silly audit   'serve-static': [ '2.2.1' ],
92 silly audit   'set-function-length': [ '1.2.2' ],
92 silly audit   'set-function-name': [ '2.0.2' ],
92 silly audit   'set-proto': [ '1.0.0' ],
92 silly audit   setprototypeof: [ '1.2.0' ],
92 silly audit   shadcn: [ '4.1.0' ],
92 silly audit   'tsconfig-paths': [ '4.2.0', '3.15.0' ],
92 silly audit   zod: [ '3.25.76', '4.3.6' ],
92 silly audit   sharp: [ '0.34.5' ],
92 silly audit   'shebang-command': [ '2.0.0' ],
92 silly audit   'shebang-regex': [ '3.0.0' ],
92 silly audit   'side-channel': [ '1.1.0' ],
92 silly audit   'side-channel-list': [ '1.0.0' ],
92 silly audit   'side-channel-map': [ '1.0.1' ],
92 silly audit   'side-channel-weakmap': [ '1.0.2' ],
92 silly audit   sisteransi: [ '1.0.5' ],
92 silly audit   'source-map': [ '0.6.1' ],
92 silly audit   'source-map-js': [ '1.2.1' ],
92 silly audit   split2: [ '4.2.0' ],
92 silly audit   sqlstring: [ '2.3.3' ],
92 silly audit   'stable-hash': [ '0.0.5' ],
92 silly audit   standardwebhooks: [ '1.0.0' ],
92 silly audit   statuses: [ '2.0.2' ],
92 silly audit   'std-env': [ '3.10.0' ],
92 silly audit   'stdin-discarder': [ '0.2.2' ],
92 silly audit   'stop-iteration-iterator': [ '1.1.0' ],
92 silly audit   'strict-event-emitter': [ '0.5.1' ],
92 silly audit   'string.prototype.includes': [ '2.0.1' ],
92 silly audit   'string.prototype.matchall': [ '4.0.12' ],
92 silly audit   'string.prototype.repeat': [ '1.0.0' ],
92 silly audit   'string.prototype.trim': [ '1.2.10' ],
92 silly audit   'string.prototype.trimend': [ '1.0.9' ],
92 silly audit   'string.prototype.trimstart': [ '1.0.8' ],
92 silly audit   'stringify-object': [ '5.0.0' ],
92 silly audit   'strip-bom': [ '3.0.0' ],
92 silly audit   'strip-json-comments': [ '3.1.1' ],
92 silly audit   'styled-jsx': [ '5.1.6' ],
92 silly audit   'supports-color': [ '7.2.0' ],
92 silly audit   'supports-preserve-symlinks-flag': [ '1.0.0' ],
92 silly audit   svix: [ '1.86.0' ],
92 silly audit   tabbable: [ '6.4.0' ],
92 silly audit   'tagged-tag': [ '1.0.0' ],
92 silly audit   'tailwind-merge': [ '3.5.0' ],
92 silly audit   tailwindcss: [ '4.2.2' ],
92 silly audit   tapable: [ '2.3.0' ],
92 silly audit   'tiny-invariant': [ '1.3.3' ],
92 silly audit   tinyexec: [ '1.0.4' ],
92 silly audit   tinyglobby: [ '0.2.15' ],
92 silly audit   tldts: [ '7.0.27' ],
92 silly audit   'tldts-core': [ '7.0.27' ],
92 silly audit   'to-regex-range': [ '5.0.1' ],
92 silly audit   toidentifier: [ '1.0.1' ],
92 silly audit   'tough-cookie': [ '6.0.1' ],
92 silly audit   'ts-api-utils': [ '2.5.0' ],
92 silly audit   'ts-morph': [ '26.0.0' ],
92 silly audit   tslib: [ '2.8.1' ],
92 silly audit   'tw-animate-css': [ '1.4.0' ],
92 silly audit   'type-check': [ '0.4.0' ],
92 silly audit   'type-fest': [ '5.5.0' ],
92 silly audit   'type-is': [ '2.0.1' ],
92 silly audit   'typed-array-buffer': [ '1.0.3' ],
92 silly audit   'typed-array-byte-length': [ '1.0.3' ],
92 silly audit   'typed-array-byte-offset': [ '1.0.4' ],
92 silly audit   'typed-array-length': [ '1.0.7' ],
92 silly audit   typescript: [ '5.9.3' ],
92 silly audit   'typescript-eslint': [ '8.57.1' ],
92 silly audit   'unbox-primitive': [ '1.1.0' ],
92 silly audit   'undici-types': [ '6.21.0' ],
92 silly audit   'unicorn-magic': [ '0.3.0' ],
92 silly audit   universalify: [ '2.0.1' ],
92 silly audit   unpipe: [ '1.0.0' ],
92 silly audit   'unrs-resolver': [ '1.11.1' ],
92 silly audit   'until-async': [ '3.0.2' ],
92 silly audit   'update-browserslist-db': [ '1.2.3' ],
92 silly audit   'uri-js': [ '4.4.1' ],
92 silly audit   'use-sync-external-store': [ '1.6.0' ],
92 silly audit   'util-deprecate': [ '1.0.2' ],
92 silly audit   uuid: [ '10.0.0' ],
92 silly audit   valibot: [ '1.2.0' ],
92 silly audit   'validate-npm-package-name': [ '7.0.2' ],
92 silly audit   vary: [ '1.1.2' ],
92 silly audit   'web-streams-polyfill': [ '3.3.3' ],
92 silly audit   'which-boxed-primitive': [ '1.1.1' ],
92 silly audit   'which-builtin-type': [ '1.2.1' ],
92 silly audit   'which-collection': [ '1.0.2' ],
92 silly audit   'which-typed-array': [ '1.1.20' ],
92 silly audit   'word-wrap': [ '1.2.5' ],
92 silly audit   wrappy: [ '1.0.2' ],
92 silly audit   'wsl-utils': [ '0.3.1' ],
92 silly audit   y18n: [ '5.0.8' ],
92 silly audit   yallist: [ '3.1.1' ],
92 silly audit   yargs: [ '17.7.2' ],
92 silly audit   'yargs-parser': [ '21.1.1' ],
92 silly audit   'yocto-queue': [ '0.1.0' ],
92 silly audit   yoctocolors: [ '2.1.2' ],
92 silly audit   'yoctocolors-cjs': [ '2.1.3' ],
92 silly audit   zeptomatch: [ '2.1.0' ],
92 silly audit   'zod-to-json-schema': [ '3.25.1' ],
92 silly audit   'zod-validation-error': [ '4.0.2' ],
92 silly audit   '@types/pg': [ '8.20.0', '8.11.11' ],
92 silly audit   'postgres-bytea': [ '1.0.1', '3.0.0' ],
92 silly audit   'postgres-date': [ '1.0.7', '2.1.0' ],
92 silly audit   'postgres-interval': [ '1.2.0', '3.0.0' ],
92 silly audit   xtend: [ '4.0.2' ],
92 silly audit   'pg-numeric': [ '1.0.2' ],
92 silly audit   'postgres-range': [ '1.1.4' ],
92 silly audit   obuf: [ '1.1.2' ],
92 silly audit   '@tailwindcss/oxide-wasm32-wasi': [ '4.2.2' ]
92 silly audit }
93 verbose reify failed optional dependency /Users/drohysmergarciahermosa/Projects/social-hub/node_modules/lightningcss-win32-x64-msvc
94 silly reify mark deleted [
94 silly reify   '/Users/drohysmergarciahermosa/Projects/social-hub/node_modules/lightningcss-win32-x64-msvc'
94 silly reify ]
95 verbose reify failed optional dependency /Users/drohysmergarciahermosa/Projects/social-hub/node_modules/lightningcss-win32-arm64-msvc
96 silly reify mark deleted [
96 silly reify   '/Users/drohysmergarciahermosa/Projects/social-hub/node_modules/lightningcss-win32-arm64-msvc'
96 silly reify ]
97 verbose reify failed optional dependency /Users/drohysmergarciahermosa/Projects/social-hub/node_modules/lightningcss-linux-x64-musl
98 silly reify mark deleted [
98 silly reify   '/Users/drohysmergarciahermosa/Projects/social-hub/node_modules/lightningcss-linux-x64-musl'
98 silly reify ]
99 verbose reify failed optional dependency /Users/drohysmergarciahermosa/Projects/social-hub/node_modules/lightningcss-linux-x64-gnu
100 silly reify mark deleted [
100 silly reify   '/Users/drohysmergarciahermosa/Projects/social-hub/node_modules/lightningcss-linux-x64-gnu'
100 silly reify ]
101 verbose reify failed optional dependency /Users/drohysmergarciahermosa/Projects/social-hub/node_modules/lightningcss-linux-arm64-musl
102 silly reify mark deleted [
102 silly reify   '/Users/drohysmergarciahermosa/Projects/social-hub/node_modules/lightningcss-linux-arm64-musl'
102 silly reify ]
103 verbose reify failed optional dependency /Users/drohysmergarciahermosa/Projects/social-hub/node_modules/lightningcss-linux-arm64-gnu
104 silly reify mark deleted [
104 silly reify   '/Users/drohysmergarciahermosa/Projects/social-hub/node_modules/lightningcss-linux-arm64-gnu'
104 silly reify ]
105 verbose reify failed optional dependency /Users/drohysmergarciahermosa/Projects/social-hub/node_modules/lightningcss-linux-arm-gnueabihf
106 silly reify mark deleted [
106 silly reify   '/Users/drohysmergarciahermosa/Projects/social-hub/node_modules/lightningcss-linux-arm-gnueabihf'
106 silly reify ]
107 verbose reify failed optional dependency /Users/drohysmergarciahermosa/Projects/social-hub/node_modules/lightningcss-freebsd-x64
108 silly reify mark deleted [
108 silly reify   '/Users/drohysmergarciahermosa/Projects/social-hub/node_modules/lightningcss-freebsd-x64'
108 silly reify ]
109 verbose reify failed optional dependency /Users/drohysmergarciahermosa/Projects/social-hub/node_modules/lightningcss-darwin-x64
110 silly reify mark deleted [
110 silly reify   '/Users/drohysmergarciahermosa/Projects/social-hub/node_modules/lightningcss-darwin-x64'
110 silly reify ]
111 verbose reify failed optional dependency /Users/drohysmergarciahermosa/Projects/social-hub/node_modules/lightningcss-android-arm64
112 silly reify mark deleted [
112 silly reify   '/Users/drohysmergarciahermosa/Projects/social-hub/node_modules/lightningcss-android-arm64'
112 silly reify ]
113 verbose reify failed optional dependency /Users/drohysmergarciahermosa/Projects/social-hub/node_modules/@unrs/resolver-binding-win32-x64-msvc
114 silly reify mark deleted [
114 silly reify   '/Users/drohysmergarciahermosa/Projects/social-hub/node_modules/@unrs/resolver-binding-win32-x64-msvc'
114 silly reify ]
115 verbose reify failed optional dependency /Users/drohysmergarciahermosa/Projects/social-hub/node_modules/@unrs/resolver-binding-win32-ia32-msvc
116 silly reify mark deleted [
116 silly reify   '/Users/drohysmergarciahermosa/Projects/social-hub/node_modules/@unrs/resolver-binding-win32-ia32-msvc'
116 silly reify ]
117 verbose reify failed optional dependency /Users/drohysmergarciahermosa/Projects/social-hub/node_modules/@unrs/resolver-binding-win32-arm64-msvc
118 silly reify mark deleted [
118 silly reify   '/Users/drohysmergarciahermosa/Projects/social-hub/node_modules/@unrs/resolver-binding-win32-arm64-msvc'
118 silly reify ]
119 verbose reify failed optional dependency /Users/drohysmergarciahermosa/Projects/social-hub/node_modules/@unrs/resolver-binding-wasm32-wasi
120 silly reify mark deleted [
120 silly reify   '/Users/drohysmergarciahermosa/Projects/social-hub/node_modules/@unrs/resolver-binding-wasm32-wasi'
120 silly reify ]
121 verbose reify failed optional dependency /Users/drohysmergarciahermosa/Projects/social-hub/node_modules/@unrs/resolver-binding-linux-x64-musl
122 silly reify mark deleted [
122 silly reify   '/Users/drohysmergarciahermosa/Projects/social-hub/node_modules/@unrs/resolver-binding-linux-x64-musl'
122 silly reify ]
123 verbose reify failed optional dependency /Users/drohysmergarciahermosa/Projects/social-hub/node_modules/@unrs/resolver-binding-linux-x64-gnu
124 silly reify mark deleted [
124 silly reify   '/Users/drohysmergarciahermosa/Projects/social-hub/node_modules/@unrs/resolver-binding-linux-x64-gnu'
124 silly reify ]
125 verbose reify failed optional dependency /Users/drohysmergarciahermosa/Projects/social-hub/node_modules/@unrs/resolver-binding-linux-s390x-gnu
126 silly reify mark deleted [
126 silly reify   '/Users/drohysmergarciahermosa/Projects/social-hub/node_modules/@unrs/resolver-binding-linux-s390x-gnu'
126 silly reify ]
127 verbose reify failed optional dependency /Users/drohysmergarciahermosa/Projects/social-hub/node_modules/@unrs/resolver-binding-linux-riscv64-musl
128 silly reify mark deleted [
128 silly reify   '/Users/drohysmergarciahermosa/Projects/social-hub/node_modules/@unrs/resolver-binding-linux-riscv64-musl'
128 silly reify ]
129 verbose reify failed optional dependency /Users/drohysmergarciahermosa/Projects/social-hub/node_modules/@unrs/resolver-binding-linux-riscv64-gnu
130 silly reify mark deleted [
130 silly reify   '/Users/drohysmergarciahermosa/Projects/social-hub/node_modules/@unrs/resolver-binding-linux-riscv64-gnu'
130 silly reify ]
131 verbose reify failed optional dependency /Users/drohysmergarciahermosa/Projects/social-hub/node_modules/@unrs/resolver-binding-linux-ppc64-gnu
132 silly reify mark deleted [
132 silly reify   '/Users/drohysmergarciahermosa/Projects/social-hub/node_modules/@unrs/resolver-binding-linux-ppc64-gnu'
132 silly reify ]
133 verbose reify failed optional dependency /Users/drohysmergarciahermosa/Projects/social-hub/node_modules/@unrs/resolver-binding-linux-arm64-musl
134 silly reify mark deleted [
134 silly reify   '/Users/drohysmergarciahermosa/Projects/social-hub/node_modules/@unrs/resolver-binding-linux-arm64-musl'
134 silly reify ]
135 verbose reify failed optional dependency /Users/drohysmergarciahermosa/Projects/social-hub/node_modules/@unrs/resolver-binding-linux-arm64-gnu
136 silly reify mark deleted [
136 silly reify   '/Users/drohysmergarciahermosa/Projects/social-hub/node_modules/@unrs/resolver-binding-linux-arm64-gnu'
136 silly reify ]
137 verbose reify failed optional dependency /Users/drohysmergarciahermosa/Projects/social-hub/node_modules/@unrs/resolver-binding-linux-arm-musleabihf
138 silly reify mark deleted [
138 silly reify   '/Users/drohysmergarciahermosa/Projects/social-hub/node_modules/@unrs/resolver-binding-linux-arm-musleabihf'
138 silly reify ]
139 verbose reify failed optional dependency /Users/drohysmergarciahermosa/Projects/social-hub/node_modules/@unrs/resolver-binding-linux-arm-gnueabihf
140 silly reify mark deleted [
140 silly reify   '/Users/drohysmergarciahermosa/Projects/social-hub/node_modules/@unrs/resolver-binding-linux-arm-gnueabihf'
140 silly reify ]
141 verbose reify failed optional dependency /Users/drohysmergarciahermosa/Projects/social-hub/node_modules/@unrs/resolver-binding-freebsd-x64
142 silly reify mark deleted [
142 silly reify   '/Users/drohysmergarciahermosa/Projects/social-hub/node_modules/@unrs/resolver-binding-freebsd-x64'
142 silly reify ]
143 verbose reify failed optional dependency /Users/drohysmergarciahermosa/Projects/social-hub/node_modules/@unrs/resolver-binding-darwin-x64
144 silly reify mark deleted [
144 silly reify   '/Users/drohysmergarciahermosa/Projects/social-hub/node_modules/@unrs/resolver-binding-darwin-x64'
144 silly reify ]
145 verbose reify failed optional dependency /Users/drohysmergarciahermosa/Projects/social-hub/node_modules/@unrs/resolver-binding-android-arm64
146 silly reify mark deleted [
146 silly reify   '/Users/drohysmergarciahermosa/Projects/social-hub/node_modules/@unrs/resolver-binding-android-arm64'
146 silly reify ]
147 verbose reify failed optional dependency /Users/drohysmergarciahermosa/Projects/social-hub/node_modules/@unrs/resolver-binding-android-arm-eabi
148 silly reify mark deleted [
148 silly reify   '/Users/drohysmergarciahermosa/Projects/social-hub/node_modules/@unrs/resolver-binding-android-arm-eabi'
148 silly reify ]
149 verbose reify failed optional dependency /Users/drohysmergarciahermosa/Projects/social-hub/node_modules/@tailwindcss/oxide-win32-x64-msvc
150 silly reify mark deleted [
150 silly reify   '/Users/drohysmergarciahermosa/Projects/social-hub/node_modules/@tailwindcss/oxide-win32-x64-msvc'
150 silly reify ]
151 verbose reify failed optional dependency /Users/drohysmergarciahermosa/Projects/social-hub/node_modules/@tailwindcss/oxide-win32-arm64-msvc
152 silly reify mark deleted [
152 silly reify   '/Users/drohysmergarciahermosa/Projects/social-hub/node_modules/@tailwindcss/oxide-win32-arm64-msvc'
152 silly reify ]
153 verbose reify failed optional dependency /Users/drohysmergarciahermosa/Projects/social-hub/node_modules/@tailwindcss/oxide-linux-x64-musl
154 silly reify mark deleted [
154 silly reify   '/Users/drohysmergarciahermosa/Projects/social-hub/node_modules/@tailwindcss/oxide-linux-x64-musl'
154 silly reify ]
155 verbose reify failed optional dependency /Users/drohysmergarciahermosa/Projects/social-hub/node_modules/@tailwindcss/oxide-linux-x64-gnu
156 silly reify mark deleted [
156 silly reify   '/Users/drohysmergarciahermosa/Projects/social-hub/node_modules/@tailwindcss/oxide-linux-x64-gnu'
156 silly reify ]
157 verbose reify failed optional dependency /Users/drohysmergarciahermosa/Projects/social-hub/node_modules/@tailwindcss/oxide-linux-arm64-musl
158 silly reify mark deleted [
158 silly reify   '/Users/drohysmergarciahermosa/Projects/social-hub/node_modules/@tailwindcss/oxide-linux-arm64-musl'
158 silly reify ]
159 verbose reify failed optional dependency /Users/drohysmergarciahermosa/Projects/social-hub/node_modules/@tailwindcss/oxide-linux-arm64-gnu
160 silly reify mark deleted [
160 silly reify   '/Users/drohysmergarciahermosa/Projects/social-hub/node_modules/@tailwindcss/oxide-linux-arm64-gnu'
160 silly reify ]
161 verbose reify failed optional dependency /Users/drohysmergarciahermosa/Projects/social-hub/node_modules/@tailwindcss/oxide-linux-arm-gnueabihf
162 silly reify mark deleted [
162 silly reify   '/Users/drohysmergarciahermosa/Projects/social-hub/node_modules/@tailwindcss/oxide-linux-arm-gnueabihf'
162 silly reify ]
163 verbose reify failed optional dependency /Users/drohysmergarciahermosa/Projects/social-hub/node_modules/@tailwindcss/oxide-freebsd-x64
164 silly reify mark deleted [
164 silly reify   '/Users/drohysmergarciahermosa/Projects/social-hub/node_modules/@tailwindcss/oxide-freebsd-x64'
164 silly reify ]
165 verbose reify failed optional dependency /Users/drohysmergarciahermosa/Projects/social-hub/node_modules/@tailwindcss/oxide-darwin-x64
166 silly reify mark deleted [
166 silly reify   '/Users/drohysmergarciahermosa/Projects/social-hub/node_modules/@tailwindcss/oxide-darwin-x64'
166 silly reify ]
167 verbose reify failed optional dependency /Users/drohysmergarciahermosa/Projects/social-hub/node_modules/@tailwindcss/oxide-android-arm64
168 silly reify mark deleted [
168 silly reify   '/Users/drohysmergarciahermosa/Projects/social-hub/node_modules/@tailwindcss/oxide-android-arm64'
168 silly reify ]
169 verbose reify failed optional dependency /Users/drohysmergarciahermosa/Projects/social-hub/node_modules/@next/swc-win32-x64-msvc
170 silly reify mark deleted [
170 silly reify   '/Users/drohysmergarciahermosa/Projects/social-hub/node_modules/@next/swc-win32-x64-msvc'
170 silly reify ]
171 verbose reify failed optional dependency /Users/drohysmergarciahermosa/Projects/social-hub/node_modules/@next/swc-win32-arm64-msvc
172 silly reify mark deleted [
172 silly reify   '/Users/drohysmergarciahermosa/Projects/social-hub/node_modules/@next/swc-win32-arm64-msvc'
172 silly reify ]
173 verbose reify failed optional dependency /Users/drohysmergarciahermosa/Projects/social-hub/node_modules/@next/swc-linux-x64-musl
174 silly reify mark deleted [
174 silly reify   '/Users/drohysmergarciahermosa/Projects/social-hub/node_modules/@next/swc-linux-x64-musl'
174 silly reify ]
175 verbose reify failed optional dependency /Users/drohysmergarciahermosa/Projects/social-hub/node_modules/@next/swc-linux-x64-gnu
176 silly reify mark deleted [
176 silly reify   '/Users/drohysmergarciahermosa/Projects/social-hub/node_modules/@next/swc-linux-x64-gnu'
176 silly reify ]
177 verbose reify failed optional dependency /Users/drohysmergarciahermosa/Projects/social-hub/node_modules/@next/swc-linux-arm64-musl
178 silly reify mark deleted [
178 silly reify   '/Users/drohysmergarciahermosa/Projects/social-hub/node_modules/@next/swc-linux-arm64-musl'
178 silly reify ]
179 verbose reify failed optional dependency /Users/drohysmergarciahermosa/Projects/social-hub/node_modules/@next/swc-linux-arm64-gnu
180 silly reify mark deleted [
180 silly reify   '/Users/drohysmergarciahermosa/Projects/social-hub/node_modules/@next/swc-linux-arm64-gnu'
180 silly reify ]
181 verbose reify failed optional dependency /Users/drohysmergarciahermosa/Projects/social-hub/node_modules/@next/swc-darwin-x64
182 silly reify mark deleted [
182 silly reify   '/Users/drohysmergarciahermosa/Projects/social-hub/node_modules/@next/swc-darwin-x64'
182 silly reify ]
183 verbose reify failed optional dependency /Users/drohysmergarciahermosa/Projects/social-hub/node_modules/@img/sharp-win32-x64
184 silly reify mark deleted [
184 silly reify   '/Users/drohysmergarciahermosa/Projects/social-hub/node_modules/@img/sharp-win32-x64'
184 silly reify ]
185 verbose reify failed optional dependency /Users/drohysmergarciahermosa/Projects/social-hub/node_modules/@img/sharp-win32-ia32
186 silly reify mark deleted [
186 silly reify   '/Users/drohysmergarciahermosa/Projects/social-hub/node_modules/@img/sharp-win32-ia32'
186 silly reify ]
187 verbose reify failed optional dependency /Users/drohysmergarciahermosa/Projects/social-hub/node_modules/@img/sharp-win32-arm64
188 silly reify mark deleted [
188 silly reify   '/Users/drohysmergarciahermosa/Projects/social-hub/node_modules/@img/sharp-win32-arm64'
188 silly reify ]
189 verbose reify failed optional dependency /Users/drohysmergarciahermosa/Projects/social-hub/node_modules/@img/sharp-wasm32
190 silly reify mark deleted [
190 silly reify   '/Users/drohysmergarciahermosa/Projects/social-hub/node_modules/@img/sharp-wasm32'
190 silly reify ]
191 verbose reify failed optional dependency /Users/drohysmergarciahermosa/Projects/social-hub/node_modules/@img/sharp-linuxmusl-x64
192 silly reify mark deleted [
192 silly reify   '/Users/drohysmergarciahermosa/Projects/social-hub/node_modules/@img/sharp-linuxmusl-x64'
192 silly reify ]
193 verbose reify failed optional dependency /Users/drohysmergarciahermosa/Projects/social-hub/node_modules/@img/sharp-linuxmusl-arm64
194 silly reify mark deleted [
194 silly reify   '/Users/drohysmergarciahermosa/Projects/social-hub/node_modules/@img/sharp-linuxmusl-arm64'
194 silly reify ]
195 verbose reify failed optional dependency /Users/drohysmergarciahermosa/Projects/social-hub/node_modules/@img/sharp-linux-x64
196 silly reify mark deleted [
196 silly reify   '/Users/drohysmergarciahermosa/Projects/social-hub/node_modules/@img/sharp-linux-x64'
196 silly reify ]
197 verbose reify failed optional dependency /Users/drohysmergarciahermosa/Projects/social-hub/node_modules/@img/sharp-linux-s390x
198 silly reify mark deleted [
198 silly reify   '/Users/drohysmergarciahermosa/Projects/social-hub/node_modules/@img/sharp-linux-s390x'
198 silly reify ]
199 verbose reify failed optional dependency /Users/drohysmergarciahermosa/Projects/social-hub/node_modules/@img/sharp-linux-riscv64
200 silly reify mark deleted [
200 silly reify   '/Users/drohysmergarciahermosa/Projects/social-hub/node_modules/@img/sharp-linux-riscv64'
200 silly reify ]
201 verbose reify failed optional dependency /Users/drohysmergarciahermosa/Projects/social-hub/node_modules/@img/sharp-linux-ppc64
202 silly reify mark deleted [
202 silly reify   '/Users/drohysmergarciahermosa/Projects/social-hub/node_modules/@img/sharp-linux-ppc64'
202 silly reify ]
203 verbose reify failed optional dependency /Users/drohysmergarciahermosa/Projects/social-hub/node_modules/@img/sharp-linux-arm64
204 silly reify mark deleted [
204 silly reify   '/Users/drohysmergarciahermosa/Projects/social-hub/node_modules/@img/sharp-linux-arm64'
204 silly reify ]
205 verbose reify failed optional dependency /Users/drohysmergarciahermosa/Projects/social-hub/node_modules/@img/sharp-linux-arm
206 silly reify mark deleted [
206 silly reify   '/Users/drohysmergarciahermosa/Projects/social-hub/node_modules/@img/sharp-linux-arm'
206 silly reify ]
207 verbose reify failed optional dependency /Users/drohysmergarciahermosa/Projects/social-hub/node_modules/@img/sharp-libvips-linuxmusl-x64
208 silly reify mark deleted [
208 silly reify   '/Users/drohysmergarciahermosa/Projects/social-hub/node_modules/@img/sharp-libvips-linuxmusl-x64'
208 silly reify ]
209 verbose reify failed optional dependency /Users/drohysmergarciahermosa/Projects/social-hub/node_modules/@img/sharp-libvips-linuxmusl-arm64
210 silly reify mark deleted [
210 silly reify   '/Users/drohysmergarciahermosa/Projects/social-hub/node_modules/@img/sharp-libvips-linuxmusl-arm64'
210 silly reify ]
211 verbose reify failed optional dependency /Users/drohysmergarciahermosa/Projects/social-hub/node_modules/@img/sharp-libvips-linux-x64
212 silly reify mark deleted [
212 silly reify   '/Users/drohysmergarciahermosa/Projects/social-hub/node_modules/@img/sharp-libvips-linux-x64'
212 silly reify ]
213 verbose reify failed optional dependency /Users/drohysmergarciahermosa/Projects/social-hub/node_modules/@img/sharp-libvips-linux-s390x
214 silly reify mark deleted [
214 silly reify   '/Users/drohysmergarciahermosa/Projects/social-hub/node_modules/@img/sharp-libvips-linux-s390x'
214 silly reify ]
215 verbose reify failed optional dependency /Users/drohysmergarciahermosa/Projects/social-hub/node_modules/@img/sharp-libvips-linux-riscv64
216 silly reify mark deleted [
216 silly reify   '/Users/drohysmergarciahermosa/Projects/social-hub/node_modules/@img/sharp-libvips-linux-riscv64'
216 silly reify ]
217 verbose reify failed optional dependency /Users/drohysmergarciahermosa/Projects/social-hub/node_modules/@img/sharp-libvips-linux-ppc64
218 silly reify mark deleted [
218 silly reify   '/Users/drohysmergarciahermosa/Projects/social-hub/node_modules/@img/sharp-libvips-linux-ppc64'
218 silly reify ]
219 verbose reify failed optional dependency /Users/drohysmergarciahermosa/Projects/social-hub/node_modules/@img/sharp-libvips-linux-arm64
220 silly reify mark deleted [
220 silly reify   '/Users/drohysmergarciahermosa/Projects/social-hub/node_modules/@img/sharp-libvips-linux-arm64'
220 silly reify ]
221 verbose reify failed optional dependency /Users/drohysmergarciahermosa/Projects/social-hub/node_modules/@img/sharp-libvips-linux-arm
222 silly reify mark deleted [
222 silly reify   '/Users/drohysmergarciahermosa/Projects/social-hub/node_modules/@img/sharp-libvips-linux-arm'
222 silly reify ]
223 verbose reify failed optional dependency /Users/drohysmergarciahermosa/Projects/social-hub/node_modules/@img/sharp-libvips-darwin-x64
224 silly reify mark deleted [
224 silly reify   '/Users/drohysmergarciahermosa/Projects/social-hub/node_modules/@img/sharp-libvips-darwin-x64'
224 silly reify ]
225 verbose reify failed optional dependency /Users/drohysmergarciahermosa/Projects/social-hub/node_modules/@img/sharp-darwin-x64
226 silly reify mark deleted [
226 silly reify   '/Users/drohysmergarciahermosa/Projects/social-hub/node_modules/@img/sharp-darwin-x64'
226 silly reify ]
227 http cache postgres-date@https://registry.npmjs.org/postgres-date/-/postgres-date-1.0.7.tgz 0ms (cache hit)
228 http cache postgres-interval@https://registry.npmjs.org/postgres-interval/-/postgres-interval-1.2.0.tgz 0ms (cache hit)
229 http cache pg-types@https://registry.npmjs.org/pg-types/-/pg-types-2.2.0.tgz 0ms (cache hit)
230 http cache @types/pg@https://registry.npmjs.org/@types/pg/-/pg-8.20.0.tgz 0ms (cache hit)
231 http cache postgres-array@https://registry.npmjs.org/postgres-array/-/postgres-array-2.0.0.tgz 0ms (cache hit)
232 http cache postgres-bytea@https://registry.npmjs.org/postgres-bytea/-/postgres-bytea-1.0.1.tgz 0ms (cache hit)
233 http cache postgres-interval@https://registry.npmjs.org/postgres-interval/-/postgres-interval-3.0.0.tgz 0ms (cache hit)
234 http cache postgres-bytea@https://registry.npmjs.org/postgres-bytea/-/postgres-bytea-3.0.0.tgz 0ms (cache hit)
235 http cache @types/pg@https://registry.npmjs.org/@types/pg/-/pg-8.11.11.tgz 0ms (cache hit)
236 http cache pg-types@https://registry.npmjs.org/pg-types/-/pg-types-4.1.0.tgz 0ms (cache hit)
237 http cache postgres-date@https://registry.npmjs.org/postgres-date/-/postgres-date-2.1.0.tgz 0ms (cache hit)
238 silly tarball no local data for @types/pg@https://registry.npmjs.org/@types/pg/-/pg-8.20.0.tgz. Extracting by manifest.
239 http fetch GET 200 https://registry.npmjs.org/@types/pg/-/pg-8.20.0.tgz 83ms (cache miss)
240 http fetch POST 200 https://registry.npmjs.org/-/npm/v1/security/advisories/bulk 262ms
241 silly audit report {
241 silly audit report   '@hono/node-server': [
241 silly audit report     {
241 silly audit report       id: 1114170,
241 silly audit report       url: 'https://github.com/advisories/GHSA-wc8c-qw6v-h7f6',
241 silly audit report       title: '@hono/node-server has authorization bypass for protected static paths via encoded slashes in Serve Static Middleware',
241 silly audit report       severity: 'high',
241 silly audit report       vulnerable_versions: '<1.19.10',
241 silly audit report       cwe: [Array],
241 silly audit report       cvss: [Object]
241 silly audit report     }
241 silly audit report   ],
241 silly audit report   effect: [
241 silly audit report     {
241 silly audit report       id: 1115128,
241 silly audit report       url: 'https://github.com/advisories/GHSA-38f7-945m-qr2g',
241 silly audit report       title: 'Effect `AsyncLocalStorage` context lost/contaminated inside Effect fibers under concurrent load with RPC',
241 silly audit report       severity: 'high',
241 silly audit report       vulnerable_versions: '<3.20.0',
241 silly audit report       cwe: [Array],
241 silly audit report       cvss: [Object]
241 silly audit report     }
241 silly audit report   ],
241 silly audit report   hono: [
241 silly audit report     {
241 silly audit report       id: 1112644,
241 silly audit report       url: 'https://github.com/advisories/GHSA-9r54-q6cx-xmh5',
241 silly audit report       title: 'Hono vulnerable to XSS through ErrorBoundary component ',
241 silly audit report       severity: 'moderate',
241 silly audit report       vulnerable_versions: '<4.11.7',
241 silly audit report       cwe: [Array],
241 silly audit report       cvss: [Object]
241 silly audit report     },
241 silly audit report     {
241 silly audit report       id: 1112677,
241 silly audit report       url: 'https://github.com/advisories/GHSA-6wqw-2p9w-4vw4',
241 silly audit report       title: 'Hono cache middleware ignores "Cache-Control: private" leading to Web Cache Deception',
241 silly audit report       severity: 'moderate',
241 silly audit report       vulnerable_versions: '<4.11.7',
241 silly audit report       cwe: [Array],
241 silly audit report       cvss: [Object]
241 silly audit report     },
241 silly audit report     {
241 silly audit report       id: 1112678,
241 silly audit report       url: 'https://github.com/advisories/GHSA-r354-f388-2fhh',
241 silly audit report       title: 'Hono IPv4 address validation bypass in IP Restriction Middleware allows IP spoofing',
241 silly audit report       severity: 'moderate',
241 silly audit report       vulnerable_versions: '<4.11.7',
241 silly audit report       cwe: [Array],
241 silly audit report       cvss: [Object]
241 silly audit report     },
241 silly audit report     {
241 silly audit report       id: 1112911,
241 silly audit report       url: 'https://github.com/advisories/GHSA-w332-q679-j88p',
241 silly audit report       title: 'Hono has an Arbitrary Key Read in Serve static Middleware (Cloudflare Workers Adapter)',
241 silly audit report       severity: 'moderate',
241 silly audit report       vulnerable_versions: '<4.11.7',
241 silly audit report       cwe: [Array],
241 silly audit report       cvss: [Object]
241 silly audit report     },
241 silly audit report     {
241 silly audit report       id: 1113311,
241 silly audit report       url: 'https://github.com/advisories/GHSA-gq3j-xvxp-8hrf',
241 silly audit report       title: 'Hono added timing comparison hardening in basicAuth and bearerAuth',
241 silly audit report       severity: 'low',
241 silly audit report       vulnerable_versions: '<4.11.10',
241 silly audit report       cwe: [Array],
241 silly audit report       cvss: [Object]
241 silly audit report     },
241 silly audit report     {
241 silly audit report       id: 1114004,
241 silly audit report       url: 'https://github.com/advisories/GHSA-5pq2-9x2x-5p6w',
241 silly audit report       title: 'Hono Vulnerable to Cookie Attribute Injection via Unsanitized domain and path in setCookie()',
241 silly audit report       severity: 'moderate',
241 silly audit report       vulnerable_versions: '<4.12.4',
241 silly audit report       cwe: [Array],
241 silly audit report       cvss: [Object]
241 silly audit report     },
241 silly audit report     {
241 silly audit report       id: 1114005,
241 silly audit report       url: 'https://github.com/advisories/GHSA-p6xx-57qc-3wxr',
241 silly audit report       title: 'Hono Vulnerable to SSE Control Field Injection via CR/LF in writeSSE()',
241 silly audit report       severity: 'moderate',
241 silly audit report       vulnerable_versions: '<4.12.4',
241 silly audit report       cwe: [Array],
241 silly audit report       cvss: [Object]
241 silly audit report     },
241 silly audit report     {
241 silly audit report       id: 1114006,
241 silly audit report       url: 'https://github.com/advisories/GHSA-q5qw-h33p-qvwr',
241 silly audit report       title: 'Hono vulnerable to arbitrary file access via serveStatic vulnerability ',
241 silly audit report       severity: 'high',
241 silly audit report       vulnerable_versions: '<4.12.4',
241 silly audit report       cwe: [Array],
241 silly audit report       cvss: [Object]
241 silly audit report     },
241 silly audit report     {
241 silly audit report       id: 1114341,
241 silly audit report       url: 'https://github.com/advisories/GHSA-v8w9-8mx6-g223',
241 silly audit report       title: 'Hono vulnerable to Prototype Pollution possible through __proto__ key allowed in parseBody({ dot: true })',
241 silly audit report       severity: 'moderate',
241 silly audit report       vulnerable_versions: '<4.12.7',
241 silly audit report       cwe: [Array],
241 silly audit report       cvss: [Object]
241 silly audit report     }
241 silly audit report   ],
241 silly audit report   lodash: [
241 silly audit report     {
241 silly audit report       id: 1112455,
241 silly audit report       url: 'https://github.com/advisories/GHSA-xxjr-mmjv-4gpg',
241 silly audit report       title: 'Lodash has Prototype Pollution Vulnerability in `_.unset` and `_.omit` functions',
241 silly audit report       severity: 'moderate',
241 silly audit report       vulnerable_versions: '>=4.0.0 <=4.17.22',
241 silly audit report       cwe: [Array],
241 silly audit report       cvss: [Object]
241 silly audit report     }
241 silly audit report   ]
241 silly audit report }
242 silly packumentCache corgi:https://registry.npmjs.org/@hono%2fnode-server cache-miss
243 silly packumentCache corgi:https://registry.npmjs.org/effect cache-miss
244 silly packumentCache corgi:https://registry.npmjs.org/hono cache-miss
245 silly packumentCache corgi:https://registry.npmjs.org/lodash cache-miss
246 http cache https://registry.npmjs.org/hono 3ms (cache hit)
247 silly packumentCache corgi:https://registry.npmjs.org/hono set size:680738 disposed:false
248 http cache https://registry.npmjs.org/@hono%2fnode-server 12ms (cache hit)
249 silly packumentCache corgi:https://registry.npmjs.org/@hono%2fnode-server set size:82566 disposed:false
250 http cache https://registry.npmjs.org/lodash 12ms (cache hit)
251 silly packumentCache corgi:https://registry.npmjs.org/lodash set size:68481 disposed:false
252 http cache https://registry.npmjs.org/effect 12ms (cache hit)
253 silly packumentCache corgi:https://registry.npmjs.org/effect set size:316015 disposed:false
254 silly packumentCache corgi:https://registry.npmjs.org/@modelcontextprotocol%2fsdk cache-miss
255 silly packumentCache corgi:https://registry.npmjs.org/@prisma%2fdev cache-miss
256 http cache https://registry.npmjs.org/@modelcontextprotocol%2fsdk 2ms (cache hit)
257 silly packumentCache corgi:https://registry.npmjs.org/@modelcontextprotocol%2fsdk set size:111890 disposed:false
258 http cache https://registry.npmjs.org/@prisma%2fdev 3ms (cache hit)
259 silly packumentCache corgi:https://registry.npmjs.org/@prisma%2fdev set size:950341 disposed:false
260 silly packumentCache corgi:https://registry.npmjs.org/@prisma%2fconfig cache-miss
261 http cache https://registry.npmjs.org/@prisma%2fconfig 2ms (cache hit)
262 silly packumentCache corgi:https://registry.npmjs.org/@prisma%2fconfig set size:1364570 disposed:false
263 silly packumentCache corgi:https://registry.npmjs.org/@chevrotain%2fcst-dts-gen cache-miss
264 silly packumentCache corgi:https://registry.npmjs.org/@chevrotain%2fgast cache-miss
265 silly packumentCache corgi:https://registry.npmjs.org/chevrotain cache-miss
266 http cache https://registry.npmjs.org/@chevrotain%2fgast 2ms (cache hit)
267 silly packumentCache corgi:https://registry.npmjs.org/@chevrotain%2fgast set size:20755 disposed:false
268 http cache https://registry.npmjs.org/@chevrotain%2fcst-dts-gen 2ms (cache hit)
269 silly packumentCache corgi:https://registry.npmjs.org/@chevrotain%2fcst-dts-gen set size:24893 disposed:false
270 http cache https://registry.npmjs.org/chevrotain 2ms (cache hit)
271 silly packumentCache corgi:https://registry.npmjs.org/chevrotain set size:274286 disposed:false
272 silly packumentCache corgi:https://registry.npmjs.org/prisma cache-miss
273 http cache https://registry.npmjs.org/prisma 15ms (cache hit)
274 silly packumentCache corgi:https://registry.npmjs.org/prisma set size:22619498 disposed:false
275 silly packumentCache corgi:https://registry.npmjs.org/@mrleebo%2fprisma-ast cache-miss
276 http cache https://registry.npmjs.org/@mrleebo%2fprisma-ast 1ms (cache hit)
277 silly packumentCache corgi:https://registry.npmjs.org/@mrleebo%2fprisma-ast set size:48284 disposed:false
278 silly packumentCache corgi:https://registry.npmjs.org/@prisma%2fclient cache-miss
279 http cache https://registry.npmjs.org/@prisma%2fclient 119ms (cache hit)
280 silly packumentCache corgi:https://registry.npmjs.org/@prisma%2fclient set size:37508953 disposed:false
281 silly ADD
282 silly ADD
283 silly ADD
284 silly ADD
285 silly ADD
286 silly ADD
287 silly ADD
288 silly ADD
289 silly ADD
290 silly ADD
291 silly ADD
292 silly ADD
293 silly ADD
294 silly ADD
295 silly ADD
296 silly ADD
297 silly ADD
298 silly ADD
299 silly ADD
300 silly ADD
301 silly ADD
302 silly ADD
303 silly ADD
304 silly ADD
305 silly ADD
306 silly ADD
307 silly ADD
308 silly ADD
309 silly ADD
310 silly ADD
311 silly ADD
312 silly ADD
313 silly ADD
314 silly ADD
315 silly ADD
316 silly ADD
317 silly ADD
318 silly ADD
319 silly ADD
320 silly ADD
321 silly ADD
322 silly ADD
323 silly ADD
324 silly ADD
325 silly ADD
326 silly ADD
327 silly ADD
328 silly ADD
329 silly ADD
330 silly ADD
331 silly ADD
332 silly ADD
333 silly ADD
334 silly ADD
335 silly ADD
336 silly ADD
337 silly ADD
338 silly ADD
339 silly ADD
340 silly ADD
341 silly ADD
342 silly ADD
343 silly ADD
344 silly ADD
345 silly ADD
346 silly ADD
347 silly ADD
348 silly ADD
349 silly CHANGE node_modules/postgres-interval
350 silly CHANGE node_modules/postgres-date
351 silly CHANGE node_modules/postgres-bytea
352 silly CHANGE node_modules/pg-types
353 silly ADD node_modules/pg-types/node_modules/postgres-array
354 silly REMOVE node_modules/pg/node_modules/postgres-interval
355 silly REMOVE node_modules/pg/node_modules/postgres-date
356 silly REMOVE node_modules/pg/node_modules/postgres-bytea
357 silly REMOVE node_modules/pg/node_modules/postgres-array
358 silly REMOVE node_modules/pg/node_modules/pg-types
359 silly CHANGE node_modules/@types/pg
360 silly ADD node_modules/@prisma/adapter-pg/node_modules/postgres-interval
361 silly ADD node_modules/@prisma/adapter-pg/node_modules/postgres-date
362 silly ADD node_modules/@prisma/adapter-pg/node_modules/postgres-bytea
363 silly ADD node_modules/@prisma/adapter-pg/node_modules/pg-types
364 silly ADD node_modules/@prisma/adapter-pg/node_modules/@types/pg
365 verbose cwd /Users/drohysmergarciahermosa/Projects/social-hub
366 verbose os Darwin 25.3.0
367 verbose node v22.20.0
368 verbose npm  v10.9.3
369 verbose exit 0
370 info ok
